Log file open, 02/26/18 23:29:25
LogInit:Display: Running engine for game: MonsterDefender
LogPlatformFile: Not using cached read wrapper
LogInit:Display: RandInit(-1156703132) SRandInit(-1156703132).
LogTaskGraph: Started task graph with 5 named threads and 8 total threads with 1 sets of task threads.
LogStats: Stats thread started at 0.078532
LogInit: Using libcurl 7.47.1
LogInit:  - built for x86_64-pc-win32
LogInit:  - supports SSL with OpenSSL/1.0.2g
LogInit:  - supports HTTP deflate (compression) using libz 1.2.8
LogInit:  - other features:
LogInit:      CURL_VERSION_SSL
LogInit:      CURL_VERSION_LIBZ
LogInit:      CURL_VERSION_IPV6
LogInit:      CURL_VERSION_ASYNCHDNS
LogInit:      CURL_VERSION_LARGEFILE
LogInit:      CURL_VERSION_IDN
LogInit:  CurlRequestOptions (configurable via config and command line):
LogInit:  - bVerifyPeer = false  - Libcurl will NOT verify peer certificate
LogInit:  - bUseHttpProxy = false  - Libcurl will NOT use HTTP proxy
LogInit:  - bDontReuseConnections = false  - Libcurl will reuse connections
LogInit:  - CertBundlePath = nullptr  - Libcurl will use whatever was configured at build time.
LogInit: Build: ++UE4+Release-4.15-CL-3450819
LogInit: Engine Version: 4.15.3-3450819+++UE4+Release-4.15
LogInit: Compatible Engine Version: 4.15.0-3299760+++UE4+Release-4.15
LogInit: Net CL: 3299760
LogDevObjectVersion: Number of dev versions registered: 14
LogDevObjectVersion:   Dev-Blueprints (B0D832E4-1F89-4F0D-ACCF-7EB736FD4AA2): 8
LogDevObjectVersion:   Dev-Build (E1C64328-A22C-4D53-A36C-8E866417BD8C): 0
LogDevObjectVersion:   Dev-Core (375EC13C-06E4-48FB-B500-84F0262A717E): 2
LogDevObjectVersion:   Dev-Editor (E4B068ED-F494-42E9-A231-DA0B2E46BB41): 14
LogDevObjectVersion:   Dev-Framework (CFFC743F-43B0-4480-9391-14DF171D2073): 22
LogDevObjectVersion:   Dev-Mobile (B02B49B5-BB20-44E9-A304-32B752E40360): 0
LogDevObjectVersion:   Dev-Networking (A4E4105C-59A1-49B5-A7C5-40C4547EDFEE): 0
LogDevObjectVersion:   Dev-Online (39C831C9-5AE6-47DC-9A44-9C173E1C8E7C): 0
LogDevObjectVersion:   Dev-Physics (78F01B33-EBEA-4F98-B9B4-84EACCB95AA2): 0
LogDevObjectVersion:   Dev-Platform (6631380F-2D4D-43E0-8009-CF276956A95A): 0
LogDevObjectVersion:   Dev-Rendering (12F88B9F-8875-4AFC-A67C-D90C383ABD29): 12
LogDevObjectVersion:   Dev-Sequencer (7B5AE74C-D270-4C10-A958-57980B212A5A): 3
LogDevObjectVersion:   Dev-VR (D7296918-1DD6-4BDD-9DE2-64A83CC13884): 0
LogDevObjectVersion:   Dev-LoadTimes (C2A15278-BFE7-4AFE-6C17-90FF531DF755): 1
LogInit: Compiled (64-bit): May 21 2017 11:02:34
LogInit: Compiled with Visual C++: 19.00.23026.00
LogInit: Build Configuration: Development
LogInit: Branch Name: ++UE4+Release-4.15
LogInit: Command line:  /Temp/Autosaves/Game/FirstPersonBP/Maps/UEDPCFirstPersonExampleMap -game -PIEVIACONSOLE -ResX=1280 -ResY=720  -Multiprocess -messaging -SessionName="Play in Standalone Game" -windowed 
LogInit: Base directory: C:/Program Files/Epic Games/UE_4.15/Engine/Binaries/Win64/
LogInit: Installed Engine Build: 1
LogInit: Presizing for max 8388607 objects, including 0 objects not considered by GC, pre-allocating 0 bytes for permanent pool.
LogInit: Object subsystem initialized
[2018.02.27-05.29.27:875][  0]LogInit: Selected Device Profile: [Windows]
[2018.02.27-05.29.27:875][  0]LogInit: Applying CVar settings loaded from the selected device profile: [Windows]
[2018.02.27-05.29.27:879][  0]LogInit: Computer: YAIRCASTELLANOS
[2018.02.27-05.29.27:879][  0]LogInit: User: YairCastellanos
[2018.02.27-05.29.27:879][  0]LogInit: CPU Page size=65536, Cores=4
[2018.02.27-05.29.27:879][  0]LogInit: High frequency timer resolution =2.338342 MHz
[2018.02.27-05.29.27:879][  0]LogMemory: Memory total: Physical=7.7GB (8GB approx)
[2018.02.27-05.29.27:879][  0]LogMemory: Platform Memory Stats for Windows
[2018.02.27-05.29.27:879][  0]LogMemory: Process Physical Memory: 262.37 MB used, 262.37 MB peak
[2018.02.27-05.29.27:879][  0]LogMemory: Process Virtual Memory: 262.84 MB used, 262.84 MB peak
[2018.02.27-05.29.27:879][  0]LogMemory: Physical Memory: 4514.46 MB used,  3397.81 MB free, 7912.27 MB total
[2018.02.27-05.29.27:879][  0]LogMemory: Virtual Memory: 629.08 MB used,  3397.81 MB free, 134217728.00 MB total
[2018.02.27-05.29.27:973][  0]LogTextLocalizationManager: No specific translations for ('es-MX') exist, so ('es') translations will be used.
[2018.02.27-05.29.28:236][  0]LogD3D11RHI: D3D11 adapters:
[2018.02.27-05.29.28:301][  0]LogD3D11RHI:    0. 'NVIDIA GeForce GT 755M' (Feature Level 11_0)
[2018.02.27-05.29.28:301][  0]LogD3D11RHI:       1977/0/2048 MB DedicatedVideo/DedicatedSystem/SharedSystem, Outputs:1, VendorId:0x10de
[2018.02.27-05.29.28:360][  0]LogD3D11RHI:    1. 'NVIDIA GeForce GT 755M' (Feature Level 11_0)
[2018.02.27-05.29.28:360][  0]LogD3D11RHI:       1977/0/2048 MB DedicatedVideo/DedicatedSystem/SharedSystem, Outputs:0, VendorId:0x10de
[2018.02.27-05.29.28:361][  0]LogD3D11RHI:    2. 'Microsoft Basic Render Driver' (Feature Level 11_0)
[2018.02.27-05.29.28:361][  0]LogD3D11RHI:       1977/0/2048 MB DedicatedVideo/DedicatedSystem/SharedSystem, Outputs:0, VendorId:0x1414
[2018.02.27-05.29.28:361][  0]LogD3D11RHI: Chosen D3D11 Adapter: 0
[2018.02.27-05.29.28:367][  0]LogD3D11RHI: Creating new Direct3DDevice
[2018.02.27-05.29.28:367][  0]LogD3D11RHI:     GPU DeviceId: 0xfcd (for the marketing name, search the web for "GPU Device Id")
[2018.02.27-05.29.28:367][  0]LogWindows: EnumDisplayDevices:
[2018.02.27-05.29.28:367][  0]LogWindows:    0. 'Intel(R) HD Graphics 4600' (P:1 D:1)
[2018.02.27-05.29.28:368][  0]LogWindows:    1. 'Intel(R) HD Graphics 4600' (P:0 D:0)
[2018.02.27-05.29.28:368][  0]LogWindows:    2. 'Intel(R) HD Graphics 4600' (P:0 D:0)
[2018.02.27-05.29.28:368][  0]LogWindows:    3. 'NVIDIA GeForce GT 755M' (P:0 D:0)
[2018.02.27-05.29.28:368][  0]LogWindows: DebugString: PrimaryIsNotTheChoosenAdapter PrimaryIsNotTheChoosenAdapter PrimaryIsNotTheChoosenAdapter 
[2018.02.27-05.29.28:368][  0]LogD3D11RHI:     Adapter Name: NVIDIA GeForce GT 755M
[2018.02.27-05.29.28:368][  0]LogD3D11RHI:   Driver Version: 390.77 (internal:23.21.13.9077, unified:390.77)
[2018.02.27-05.29.28:368][  0]LogD3D11RHI:      Driver Date: 1-23-2018
[2018.02.27-05.29.28:368][  0]LogRHI: Texture pool is 1361 MB (70% of 1945 MB)
[2018.02.27-05.29.28:400][  0]LogD3D11RHI:Warning: Timestamp queries are currently disabled on this hardware due to instability. Realtime GPU stats will not be available. You can override this behaviour by setting r.NVIDIATimestampWorkaround to 0
[2018.02.27-05.29.28:400][  0]LogD3D11RHI: Async texture creation enabled
[2018.02.27-05.29.28:424][  0]LogD3D11RHI: GPU Timing Frequency: 1000.000000 (Debug: 2 3)
[2018.02.27-05.29.28:425][  0]LogShaderCompilers: Guid format shader working directory is -93 characters bigger than the processId version (../../../../../../Users/yair__000/Desktop/10mo Semestre/Videojuegos 3/Proyecto V 1.01/Monster_Defender-50525762706b40f4aff32de6c79c99c201bbc4fb/Intermediate/Shaders/WorkingDirectory/3328/).
[2018.02.27-05.29.28:425][  0]LogShaderCompilers: Cleaned the shader compiler working directory 'C:/Users/yair__000/AppData/Local/Temp/UnrealShaderWorkingDir/E3A1ACB442834211AA802BB70686D4CC/'.
[2018.02.27-05.29.28:425][  0]LogShaderCompilers:Display: Using Local Shader Compiler.
[2018.02.27-05.29.29:784][  0]LogTemp:Display: Loaded TP WindowsClientTargetPlatform
[2018.02.27-05.29.29:851][  0]LogTemp:Display: Loaded TP WindowsNoEditorTargetPlatform
[2018.02.27-05.29.29:920][  0]LogTemp:Display: Loaded TP WindowsServerTargetPlatform
[2018.02.27-05.29.29:977][  0]LogTemp:Display: Loaded TP WindowsTargetPlatform
[2018.02.27-05.29.29:977][  0]LogTargetPlatformManager:Display: Building Assets For Windows
[2018.02.27-05.29.30:484][  0]LogDerivedDataCache:Display: Max Cache Size: 512 MB
[2018.02.27-05.29.30:556][  0]LogDerivedDataCache: Loaded boot cache 0.07s 52MB C:/Users/yair__000/AppData/Local/UnrealEngine/4.15/DerivedDataCache/Boot.ddc.
[2018.02.27-05.29.30:556][  0]LogDerivedDataCache:Display: Loaded Boot cache: C:/Users/yair__000/AppData/Local/UnrealEngine/4.15/DerivedDataCache/Boot.ddc
[2018.02.27-05.29.30:557][  0]LogDerivedDataCache: FDerivedDataBackendGraph:  Pak pak cache file ../../../../../../Users/yair__000/Desktop/10mo Semestre/Videojuegos 3/Proyecto V 1.01/Monster_Defender-50525762706b40f4aff32de6c79c99c201bbc4fb/DerivedDataCache/DDC.ddp not found, will not use a pak cache.
[2018.02.27-05.29.30:557][  0]LogDerivedDataCache: Unable to find inner node Pak for hierarchical cache Hierarchy.
[2018.02.27-05.29.30:557][  0]LogDerivedDataCache: FDerivedDataBackendGraph:  CompressedPak pak cache file ../../../../../../Users/yair__000/Desktop/10mo Semestre/Videojuegos 3/Proyecto V 1.01/Monster_Defender-50525762706b40f4aff32de6c79c99c201bbc4fb/DerivedDataCache/Compressed.ddp not found, will not use a pak cache.
[2018.02.27-05.29.30:557][  0]LogDerivedDataCache: Unable to find inner node CompressedPak for hierarchical cache Hierarchy.
[2018.02.27-05.29.30:577][  0]LogDerivedDataCache:Display: Pak cache opened for reading ../../../Engine/DerivedDataCache/Compressed.ddp.
[2018.02.27-05.29.30:590][  0]LogDerivedDataCache: Using Local data cache path C:/Users/yair__000/AppData/Local/UnrealEngine/Common/DerivedDataCache: Writable
[2018.02.27-05.29.30:601][  0]LogSlate: Using Freetype 2.6.0
[2018.02.27-05.29.30:602][  0]LogSlate: SlateFontCache - WITH_FREETYPE: 1, WITH_HARFBUZZ: 1
[2018.02.27-05.29.30:602][  0]LogSlate: SlateFontCache - WITH_FREETYPE: 1, WITH_HARFBUZZ: 1
[2018.02.27-05.29.31:003][  0]LogAssetRegistry: FAssetRegistry took 0.0001 seconds to start up
[2018.02.27-05.29.31:016][  0]LogPackageLocalizationCache: Processed 3 localized package path(s) for 2 prioritized culture(s) in 0.012297 seconds
[2018.02.27-05.29.31:043][  0]LogInit: Selected Device Profile: [Windows]
[2018.02.27-05.29.31:045][  0]LogContentStreaming: Texture pool size is 1000.00 MB
[2018.02.27-05.29.31:285][  0]LogMeshUtilities: Using QuadricMeshReduction for automatic static mesh reduction
[2018.02.27-05.29.31:338][  0]LogSimplygon: Simplygon DLL not present - disabling.
[2018.02.27-05.29.31:398][  0]LogMeshUtilities: Using SimplygonSwarm for distributed automatic mesh merging
[2018.02.27-05.29.31:398][  0]LogMeshUtilities: No automatic skeletal mesh reduction module available
[2018.02.27-05.29.31:398][  0]LogMeshUtilities: No automatic mesh merging module available
[2018.02.27-05.29.32:113][  0]LogNetVersion: GetLocalNetworkVersion: CL: 3299760, ProjectName: monsterdefender, ProjectVersion: , EngineNetworkVersion: 2, GameNetworkVersion: 0, NetworkChecksum: 3025549386
[2018.02.27-05.29.32:185][  0]LogInit: WinSock: version 1.1 (2.2), MaxSocks=32767, MaxUdp=65467
[2018.02.27-05.29.33:196][  0]LogMoviePlayer: Initializing movie player
[2018.02.27-05.29.33:639][  0]LogTcpMessaging: Initializing TcpMessaging bridge
[2018.02.27-05.29.33:685][  0]LogUdpMessaging: Initializing bridge on interface 0.0.0.0:0 to multicast group 230.0.0.1:6666.
[2018.02.27-05.29.34:034][  0]SourceControl: Información El control de código fuente está desactivado
[2018.02.27-05.29.34:034][  0]SourceControl: Información El control de código fuente está desactivado
[2018.02.27-05.29.34:093][  0]SourceControl: Información El control de código fuente está desactivado
[2018.02.27-05.29.35:242][  0]LogUObjectArray: 34408 objects as part of root set at end of initial load.
[2018.02.27-05.29.35:242][  0]LogUObjectAllocator: 7639328 out of 0 bytes used by permanent object pool.
[2018.02.27-05.29.35:242][  0]LogUObjectArray: CloseDisregardForGC: 0/0 objects in disregard for GC pool
[2018.02.27-05.29.35:363][  0]LogEngine: Initializing Engine...
[2018.02.27-05.29.35:364][  0]LogHMD: Failed to initialize OpenVR with code 110
[2018.02.27-05.29.35:476][  0]LogStats: UGameplayTagsManager::ConstructGameplayTagTree: Construct from data asset -  0.000 s
[2018.02.27-05.29.35:476][  0]LogStats: UGameplayTagsManager::ConstructGameplayTagTree: GameplayTagTreeChangedEvent.Broadcast -  0.000 s
[2018.02.27-05.29.35:482][  0]LogInit: XAudio2 using 'Altavoces (Realtek High Definition Audio)' : 2 channels at 48 kHz using 32 bits per sample (channel mask 0x3)
[2018.02.27-05.29.35:494][  0]LogInit: FAudioDevice initialized.
[2018.02.27-05.29.35:516][  0]LogInit: Texture streaming: Enabled
[2018.02.27-05.29.35:597][  0]LogMaterial: Uniform references updated for custom material expression Custom.
[2018.02.27-05.29.36:218][  0]LogInit:Display: Game Engine Initialized.
[2018.02.27-05.29.36:476][  0]LogInit:Display: Starting Game.
[2018.02.27-05.29.36:476][  0]LogNet: Browse: /Temp/Autosaves/Game/FirstPersonBP/Maps/UEDPCFirstPersonExampleMap?Name=Player
[2018.02.27-05.29.36:477][  0]LogLoad: LoadMap: /Temp/Autosaves/Game/FirstPersonBP/Maps/UEDPCFirstPersonExampleMap?Name=Player
[2018.02.27-05.29.36:535][  0]LogMemory: Platform Memory Stats for Windows
[2018.02.27-05.29.36:535][  0]LogMemory: Process Physical Memory: 633.52 MB used, 661.34 MB peak
[2018.02.27-05.29.36:535][  0]LogMemory: Process Virtual Memory: 710.08 MB used, 710.09 MB peak
[2018.02.27-05.29.36:535][  0]LogMemory: Physical Memory: 4838.71 MB used,  3073.56 MB free, 7912.27 MB total
[2018.02.27-05.29.36:535][  0]LogMemory: Virtual Memory: 1273.94 MB used,  3073.56 MB free, 134217728.00 MB total
[2018.02.27-05.29.36:535][  0]LogMemory: 
[2018.02.27-05.29.36:535][  0]Allocator Stats for TBB: (not implemented)
[2018.02.27-05.29.36:933][  0]LogLinker:Warning: No puede encontrar el archivo '/Game/InfinityBladeWarriors/Character/CompleteCharacters/Textures_Materials/CharM_FrostGiant/T_Char_M_FrostGiant_MaterialMask'
[2018.02.27-05.29.36:933][  0]LoadErrors: Información Error al cargar /Game/InfinityBladeWarriors/Character/CompleteCharacters/Textures_Materials/CharM_FrostGiant/T_Char_M_FrostGiant_MaterialMask.T_Char_M_FrostGiant_MaterialMask Referenciado por MaterialExpressionTextureSample_0
[2018.02.27-05.29.36:933][  0]LogUObjectGlobals:Warning: Error al cargar '/Game/InfinityBladeWarriors/Character/CompleteCharacters/Textures_Materials/CharM_FrostGiant/T_Char_M_FrostGiant_MaterialMask': No puede encontrar el archivo '/Game/InfinityBladeWarriors/Character/CompleteCharacters/Textures_Materials/CharM_FrostGiant/T_Char_M_FrostGiant_MaterialMask'
[2018.02.27-05.29.36:933][  0]LogLinker:Warning: No puede encontrar el archivo para el activo '/Game/InfinityBladeWarriors/Character/CompleteCharacters/Textures_Materials/CharM_FrostGiant/T_Char_M_FrostGiant_MaterialMask' mientras carga NULL.
[2018.02.27-05.29.36:933][  0]LoadErrors: Información Error al cargar /Game/InfinityBladeWarriors/Character/CompleteCharacters/Textures_Materials/CharM_FrostGiant/T_Char_M_FrostGiant_MaterialMask.T_Char_M_FrostGiant_MaterialMask Referenciado por MaterialExpressionTextureSample_0
[2018.02.27-05.29.36:933][  0]LogUObjectGlobals:Warning: Error al cargar '/Game/InfinityBladeWarriors/Character/CompleteCharacters/Textures_Materials/CharM_FrostGiant/T_Char_M_FrostGiant_MaterialMask': No puede encontrar el archivo para el activo '/Game/InfinityBladeWarriors/Character/CompleteCharacters/Textures_Materials/CharM_FrostGiant/T_Char_M_FrostGiant_MaterialMask' mientras carga NULL.
[2018.02.27-05.29.37:594][  0]LogMaterial: Missing cached shader map for material M_Char_FrostGiant, compiling. 
[2018.02.27-05.29.37:594][  0]LogMaterial:Warning: Failed to compile Material /Game/InfinityBladeWarriors/Character/CompleteCharacters/Textures_Materials/CharM_FrostGiant/M_Char_FrostGiant.M_Char_FrostGiant for platform PCD3D_SM5, Default Material will be used in game.
[2018.02.27-05.29.37:594][  0]LogMaterial:Warning: 	(Node TextureSample) TextureSample> Missing input texture
[2018.02.27-05.29.38:004][  0]LogAIModule: Creating AISystem for world FirstPersonExampleMap
[2018.02.27-05.29.38:004][  0]LogLoad: Game class is 'FirstPersonGameMode_C'
[2018.02.27-05.29.38:009][  0]LogMaterial:Warning: Material /Game/EssentialTreeKit/BaseMaterial/Tree_Bark.Tree_Bark missing bUsedWithInstancedStaticMeshes=True! Default Material will be used in game.
[2018.02.27-05.29.38:009][  0]LogMaterial:Warning:      The material will recompile every editor launch until resaved.
[2018.02.27-05.29.38:009][  0]LogMaterial:Warning: Material /Game/EssentialTreeKit/BaseMaterial/Tree_Leaf.Tree_Leaf missing bUsedWithInstancedStaticMeshes=True! Default Material will be used in game.
[2018.02.27-05.29.38:009][  0]LogMaterial:Warning:      The material will recompile every editor launch until resaved.
[2018.02.27-05.29.38:015][  0]LogWorld: Bringing World /Temp/Autosaves/Game/FirstPersonBP/Maps/UEDPCFirstPersonExampleMap.FirstPersonExampleMap up for play (max tick rate 0) at 2018.02.26-23.29.38
[2018.02.27-05.29.38:016][  0]LogWorld: Bringing up level for play took: 0.010889
[2018.02.27-05.29.38:148][  0]LogLoad: Took 1.670425 seconds to LoadMap(/Temp/Autosaves/Game/FirstPersonBP/Maps/UEDPCFirstPersonExampleMap)
[2018.02.27-05.29.38:410][  0]LogRenderer: Reallocating scene render targets to support 1280x720 NumSamples 1 (Frame:2).
[2018.02.27-05.29.38:410][  0]LogLoad: (Engine Initialization) Total time: 15.26 seconds
[2018.02.27-05.29.38:410][  0]LogLoad: (Engine Initialization) Total Blueprint compile time: 0.18 seconds
[2018.02.27-05.29.38:410][  0]LogExternalProfiler: Found external profiler: VSPerf
[2018.02.27-05.29.38:410][  0]LogExternalProfiler: Using external profiler: VSPerf
[2018.02.27-05.29.38:427][  0]LogOcInput: OculusInput pre-init called
