Log file open, 02/27/18 19:57:29
LogInit:Display: Running engine for game: MonsterDefender
LogPlatformFile: Not using cached read wrapper
LogInit:Display: RandInit(-397949665) SRandInit(-397949665).
LogTaskGraph: Started task graph with 5 named threads and 8 total threads with 1 sets of task threads.
LogStats: Stats thread started at 0.105051
LogInit: Using libcurl 7.47.1
LogInit:  - built for x86_64-pc-win32
LogInit:  - supports SSL with OpenSSL/1.0.2g
LogInit:  - supports HTTP deflate (compression) using libz 1.2.8
LogInit:  - other features:
LogInit:      CURL_VERSION_SSL
LogInit:      CURL_VERSION_LIBZ
LogInit:      CURL_VERSION_IPV6
LogInit:      CURL_VERSION_ASYNCHDNS
LogInit:      CURL_VERSION_LARGEFILE
LogInit:      CURL_VERSION_IDN
LogInit:  CurlRequestOptions (configurable via config and command line):
LogInit:  - bVerifyPeer = false  - Libcurl will NOT verify peer certificate
LogInit:  - bUseHttpProxy = false  - Libcurl will NOT use HTTP proxy
LogInit:  - bDontReuseConnections = false  - Libcurl will reuse connections
LogInit:  - CertBundlePath = nullptr  - Libcurl will use whatever was configured at build time.
LogInit: Build: ++UE4+Release-4.15-CL-3450819
LogInit: Engine Version: 4.15.3-3450819+++UE4+Release-4.15
LogInit: Compatible Engine Version: 4.15.0-3299760+++UE4+Release-4.15
LogInit: Net CL: 3299760
LogDevObjectVersion: Number of dev versions registered: 14
LogDevObjectVersion:   Dev-Blueprints (B0D832E4-1F89-4F0D-ACCF-7EB736FD4AA2): 8
LogDevObjectVersion:   Dev-Build (E1C64328-A22C-4D53-A36C-8E866417BD8C): 0
LogDevObjectVersion:   Dev-Core (375EC13C-06E4-48FB-B500-84F0262A717E): 2
LogDevObjectVersion:   Dev-Editor (E4B068ED-F494-42E9-A231-DA0B2E46BB41): 14
LogDevObjectVersion:   Dev-Framework (CFFC743F-43B0-4480-9391-14DF171D2073): 22
LogDevObjectVersion:   Dev-Mobile (B02B49B5-BB20-44E9-A304-32B752E40360): 0
LogDevObjectVersion:   Dev-Networking (A4E4105C-59A1-49B5-A7C5-40C4547EDFEE): 0
LogDevObjectVersion:   Dev-Online (39C831C9-5AE6-47DC-9A44-9C173E1C8E7C): 0
LogDevObjectVersion:   Dev-Physics (78F01B33-EBEA-4F98-B9B4-84EACCB95AA2): 0
LogDevObjectVersion:   Dev-Platform (6631380F-2D4D-43E0-8009-CF276956A95A): 0
LogDevObjectVersion:   Dev-Rendering (12F88B9F-8875-4AFC-A67C-D90C383ABD29): 12
LogDevObjectVersion:   Dev-Sequencer (7B5AE74C-D270-4C10-A958-57980B212A5A): 3
LogDevObjectVersion:   Dev-VR (D7296918-1DD6-4BDD-9DE2-64A83CC13884): 0
LogDevObjectVersion:   Dev-LoadTimes (C2A15278-BFE7-4AFE-6C17-90FF531DF755): 1
LogInit: Compiled (64-bit): May 21 2017 11:02:34
LogInit: Compiled with Visual C++: 19.00.23026.00
LogInit: Build Configuration: Development
LogInit: Branch Name: ++UE4+Release-4.15
LogInit: Command line:  /Temp/Autosaves/Game/FirstPersonBP/Maps/UEDPCFirstPersonExampleMap -game -PIEVIACONSOLE -ResX=1280 -ResY=720  -Multiprocess -messaging -SessionName="Play in Standalone Game" -windowed 
LogInit: Base directory: C:/Program Files/Epic Games/UE_4.15/Engine/Binaries/Win64/
LogInit: Installed Engine Build: 1
LogInit: Presizing for max 8388607 objects, including 0 objects not considered by GC, pre-allocating 0 bytes for permanent pool.
LogInit: Object subsystem initialized
[2018.02.28-01.57.31:644][  0]LogInit: Selected Device Profile: [Windows]
[2018.02.28-01.57.31:644][  0]LogInit: Applying CVar settings loaded from the selected device profile: [Windows]
[2018.02.28-01.57.31:650][  0]LogInit: Computer: DESKTOP-JRNUIIQ
[2018.02.28-01.57.31:650][  0]LogInit: User: Sandy
[2018.02.28-01.57.31:650][  0]LogInit: CPU Page size=65536, Cores=4
[2018.02.28-01.57.31:650][  0]LogInit: High frequency timer resolution =2.531252 MHz
[2018.02.28-01.57.31:651][  0]LogMemory: Memory total: Physical=15.9GB (16GB approx)
[2018.02.28-01.57.31:651][  0]LogMemory: Platform Memory Stats for Windows
[2018.02.28-01.57.31:651][  0]LogMemory: Process Physical Memory: 263.46 MB used, 263.46 MB peak
[2018.02.28-01.57.31:651][  0]LogMemory: Process Virtual Memory: 262.59 MB used, 262.59 MB peak
[2018.02.28-01.57.31:651][  0]LogMemory: Physical Memory: 10147.14 MB used,  6099.13 MB free, 16246.27 MB total
[2018.02.28-01.57.31:651][  0]LogMemory: Virtual Memory: 678.57 MB used,  6099.13 MB free, 134217728.00 MB total
[2018.02.28-01.57.31:866][  0]LogTextLocalizationManager: No specific translations for ('en-US') exist, so ('en') translations will be used.
[2018.02.28-01.57.32:589][  0]LogD3D11RHI: D3D11 adapters:
[2018.02.28-01.57.32:670][  0]LogD3D11RHI:    0. 'NVIDIA GeForce GTX 960M' (Feature Level 11_0)
[2018.02.28-01.57.32:670][  0]LogD3D11RHI:       4065/0/8123 MB DedicatedVideo/DedicatedSystem/SharedSystem, Outputs:1, VendorId:0x10de
[2018.02.28-01.57.32:681][  0]LogD3D11RHI:    1. 'Intel(R) HD Graphics 530' (Feature Level 11_0)
[2018.02.28-01.57.32:681][  0]LogD3D11RHI:       128/0/8123 MB DedicatedVideo/DedicatedSystem/SharedSystem, Outputs:0, VendorId:0x8086
[2018.02.28-01.57.32:687][  0]LogD3D11RHI:    2. 'Microsoft Basic Render Driver' (Feature Level 11_0)
[2018.02.28-01.57.32:687][  0]LogD3D11RHI:       0/0/8123 MB DedicatedVideo/DedicatedSystem/SharedSystem, Outputs:0, VendorId:0x1414
[2018.02.28-01.57.32:687][  0]LogD3D11RHI: Chosen D3D11 Adapter: 0
[2018.02.28-01.57.32:720][  0]LogD3D11RHI: Creating new Direct3DDevice
[2018.02.28-01.57.32:720][  0]LogD3D11RHI:     GPU DeviceId: 0x139b (for the marketing name, search the web for "GPU Device Id")
[2018.02.28-01.57.32:720][  0]LogWindows: EnumDisplayDevices:
[2018.02.28-01.57.32:721][  0]LogWindows:    0. 'Intel(R) HD Graphics 530' (P:1 D:1)
[2018.02.28-01.57.32:721][  0]LogWindows:    1. 'Intel(R) HD Graphics 530' (P:0 D:0)
[2018.02.28-01.57.32:721][  0]LogWindows:    2. 'Intel(R) HD Graphics 530' (P:0 D:0)
[2018.02.28-01.57.32:721][  0]LogWindows: DebugString: GetVideoDriverDetailsInvalid PrimaryIsNotTheChoosenAdapter GetVideoDriverDetailsInvalid PrimaryIsNotTheChoosenAdapter GetVideoDriverDetailsInvalid PrimaryIsNotTheChoosenAdapter FoundDriverCount:0 
[2018.02.28-01.57.32:721][  0]LogD3D11RHI:     Adapter Name: NVIDIA GeForce GTX 960M
[2018.02.28-01.57.32:721][  0]LogD3D11RHI:   Driver Version: Unknown (internal:Unknown, unified:Unknown)
[2018.02.28-01.57.32:721][  0]LogD3D11RHI:      Driver Date: Unknown
[2018.02.28-01.57.32:721][  0]LogRHI: Texture pool is 1361 MB (70% of 1945 MB)
[2018.02.28-01.57.32:775][  0]LogD3D11RHI: Async texture creation enabled
[2018.02.28-01.57.32:828][  0]LogD3D11RHI: GPU Timing Frequency: 1000.000000 (Debug: 2 4)
[2018.02.28-01.57.32:830][  0]LogShaderCompilers: Guid format shader working directory is -17 characters bigger than the processId version (../../../../../../Users/Sandy/Documents/GitHub/MonsterDefender/Intermediate/Shaders/WorkingDirectory/72924/).
[2018.02.28-01.57.32:830][  0]LogShaderCompilers: Cleaned the shader compiler working directory 'C:/Users/Sandy/AppData/Local/Temp/UnrealShaderWorkingDir/F09366A04BA6100AE8B4BB8A4C901E68/'.
[2018.02.28-01.57.32:830][  0]LogShaderCompilers:Display: Using Local Shader Compiler.
[2018.02.28-01.57.34:896][  0]LogTemp:Display: Loaded TP WindowsClientTargetPlatform
[2018.02.28-01.57.35:036][  0]LogTemp:Display: Loaded TP WindowsNoEditorTargetPlatform
[2018.02.28-01.57.35:179][  0]LogTemp:Display: Loaded TP WindowsServerTargetPlatform
[2018.02.28-01.57.35:302][  0]LogTemp:Display: Loaded TP WindowsTargetPlatform
[2018.02.28-01.57.35:302][  0]LogTargetPlatformManager:Display: Building Assets For Windows
[2018.02.28-01.57.36:811][  0]LogDerivedDataCache:Display: Max Cache Size: 512 MB
[2018.02.28-01.57.36:811][  0]LogDerivedDataCache:Error: Memory cache was corrputed (size) C:/Users/Sandy/AppData/Local/UnrealEngine/4.15/DerivedDataCache/Boot.ddc.
[2018.02.28-01.57.36:811][  0]LogDerivedDataCache:Warning: Could not load Boot cache: C:/Users/Sandy/AppData/Local/UnrealEngine/4.15/DerivedDataCache/Boot.ddc
[2018.02.28-01.57.36:811][  0]LogDerivedDataCache: FDerivedDataBackendGraph:  Pak pak cache file ../../../../../../Users/Sandy/Documents/GitHub/MonsterDefender/DerivedDataCache/DDC.ddp not found, will not use a pak cache.
[2018.02.28-01.57.36:811][  0]LogDerivedDataCache: Unable to find inner node Pak for hierarchical cache Hierarchy.
[2018.02.28-01.57.36:811][  0]LogDerivedDataCache: FDerivedDataBackendGraph:  CompressedPak pak cache file ../../../../../../Users/Sandy/Documents/GitHub/MonsterDefender/DerivedDataCache/Compressed.ddp not found, will not use a pak cache.
[2018.02.28-01.57.36:811][  0]LogDerivedDataCache: Unable to find inner node CompressedPak for hierarchical cache Hierarchy.
[2018.02.28-01.57.36:838][  0]LogDerivedDataCache:Display: Pak cache opened for reading ../../../Engine/DerivedDataCache/Compressed.ddp.
[2018.02.28-01.57.36:851][  0]LogDerivedDataCache: Using Local data cache path C:/Users/Sandy/AppData/Local/UnrealEngine/Common/DerivedDataCache: Writable
[2018.02.28-01.57.36:895][  0]LogSlate: Using Freetype 2.6.0
[2018.02.28-01.57.36:896][  0]LogSlate: SlateFontCache - WITH_FREETYPE: 1, WITH_HARFBUZZ: 1
[2018.02.28-01.57.36:896][  0]LogSlate: SlateFontCache - WITH_FREETYPE: 1, WITH_HARFBUZZ: 1
[2018.02.28-01.57.37:458][  0]LogAssetRegistry: FAssetRegistry took 0.0001 seconds to start up
[2018.02.28-01.57.37:477][  0]LogPackageLocalizationCache: Processed 3 localized package path(s) for 2 prioritized culture(s) in 0.018529 seconds
[2018.02.28-01.57.37:508][  0]LogInit: Selected Device Profile: [Windows]
[2018.02.28-01.57.37:513][  0]LogContentStreaming: Texture pool size is 1000.00 MB
[2018.02.28-01.57.38:048][  0]LogMeshUtilities: Using QuadricMeshReduction for automatic static mesh reduction
[2018.02.28-01.57.38:189][  0]LogSimplygon: Simplygon DLL not present - disabling.
[2018.02.28-01.57.38:337][  0]LogMeshUtilities: Using SimplygonSwarm for distributed automatic mesh merging
[2018.02.28-01.57.38:337][  0]LogMeshUtilities: No automatic skeletal mesh reduction module available
[2018.02.28-01.57.38:337][  0]LogMeshUtilities: No automatic mesh merging module available
