Log file open, 02/24/18 01:45:18
LogInit:Display: Running engine for game: MonsterDefender
LogPlatformFile: Not using cached read wrapper
LogInit:Display: RandInit(-1295793257) SRandInit(-1295793257).
LogTaskGraph: Started task graph with 5 named threads and 6 total threads with 1 sets of task threads.
LogStats: Stats thread started at 0.255531
LogInit: Using libcurl 7.47.1
LogInit:  - built for x86_64-pc-win32
LogInit:  - supports SSL with OpenSSL/1.0.2g
LogInit:  - supports HTTP deflate (compression) using libz 1.2.8
LogInit:  - other features:
LogInit:      CURL_VERSION_SSL
LogInit:      CURL_VERSION_LIBZ
LogInit:      CURL_VERSION_IPV6
LogInit:      CURL_VERSION_ASYNCHDNS
LogInit:      CURL_VERSION_LARGEFILE
LogInit:      CURL_VERSION_IDN
LogInit:  CurlRequestOptions (configurable via config and command line):
LogInit:  - bVerifyPeer = false  - Libcurl will NOT verify peer certificate
LogInit:  - bUseHttpProxy = false  - Libcurl will NOT use HTTP proxy
LogInit:  - bDontReuseConnections = false  - Libcurl will reuse connections
LogInit:  - CertBundlePath = nullptr  - Libcurl will use whatever was configured at build time.
LogInit: Build: ++UE4+Release-4.15-CL-3450819
LogInit: Engine Version: 4.15.3-3450819+++UE4+Release-4.15
LogInit: Compatible Engine Version: 4.15.0-3299760+++UE4+Release-4.15
LogInit: Net CL: 3299760
LogDevObjectVersion: Number of dev versions registered: 14
LogDevObjectVersion:   Dev-Blueprints (B0D832E4-1F89-4F0D-ACCF-7EB736FD4AA2): 8
LogDevObjectVersion:   Dev-Build (E1C64328-A22C-4D53-A36C-8E866417BD8C): 0
LogDevObjectVersion:   Dev-Core (375EC13C-06E4-48FB-B500-84F0262A717E): 2
LogDevObjectVersion:   Dev-Editor (E4B068ED-F494-42E9-A231-DA0B2E46BB41): 14
LogDevObjectVersion:   Dev-Framework (CFFC743F-43B0-4480-9391-14DF171D2073): 22
LogDevObjectVersion:   Dev-Mobile (B02B49B5-BB20-44E9-A304-32B752E40360): 0
LogDevObjectVersion:   Dev-Networking (A4E4105C-59A1-49B5-A7C5-40C4547EDFEE): 0
LogDevObjectVersion:   Dev-Online (39C831C9-5AE6-47DC-9A44-9C173E1C8E7C): 0
LogDevObjectVersion:   Dev-Physics (78F01B33-EBEA-4F98-B9B4-84EACCB95AA2): 0
LogDevObjectVersion:   Dev-Platform (6631380F-2D4D-43E0-8009-CF276956A95A): 0
LogDevObjectVersion:   Dev-Rendering (12F88B9F-8875-4AFC-A67C-D90C383ABD29): 12
LogDevObjectVersion:   Dev-Sequencer (7B5AE74C-D270-4C10-A958-57980B212A5A): 3
LogDevObjectVersion:   Dev-VR (D7296918-1DD6-4BDD-9DE2-64A83CC13884): 0
LogDevObjectVersion:   Dev-LoadTimes (C2A15278-BFE7-4AFE-6C17-90FF531DF755): 1
LogInit: Compiled (64-bit): May 21 2017 11:02:34
LogInit: Compiled with Visual C++: 19.00.23026.00
LogInit: Build Configuration: Development
LogInit: Branch Name: ++UE4+Release-4.15
LogInit: Command line: 
LogInit: Base directory: C:/Program Files/Epic Games/UE_4.15/Engine/Binaries/Win64/
LogInit: Installed Engine Build: 1
LogInit: Presizing for max 8388607 objects, including 0 objects not considered by GC, pre-allocating 0 bytes for permanent pool.
LogInit: Object subsystem initialized
[2018.02.24-07.45.21:467][  0]LogInit: Selected Device Profile: [Windows]
[2018.02.24-07.45.21:467][  0]LogInit: Applying CVar settings loaded from the selected device profile: [Windows]
[2018.02.24-07.45.21:522][  0]LogInit: Computer: IULIOCESAR-ELIT
[2018.02.24-07.45.21:522][  0]LogInit: User: IulioCesar
[2018.02.24-07.45.21:522][  0]LogInit: CPU Page size=65536, Cores=2
[2018.02.24-07.45.21:522][  0]LogInit: High frequency timer resolution =2.630754 MHz
[2018.02.24-07.45.21:523][  0]LogMemory: Memory total: Physical=8.0GB (8GB approx)
[2018.02.24-07.45.21:523][  0]LogMemory: Platform Memory Stats for Windows
[2018.02.24-07.45.21:523][  0]LogMemory: Process Physical Memory: 261.89 MB used, 261.89 MB peak
[2018.02.24-07.45.21:523][  0]LogMemory: Process Virtual Memory: 262.10 MB used, 262.10 MB peak
[2018.02.24-07.45.21:523][  0]LogMemory: Physical Memory: 4062.75 MB used,  4079.61 MB free, 8142.35 MB total
[2018.02.24-07.45.21:523][  0]LogMemory: Virtual Memory: 681.26 MB used,  4079.61 MB free, 134217728.00 MB total
[2018.02.24-07.45.21:940][  0]LogTextLocalizationManager: No specific translations for ('es-MX') exist, so ('es') translations will be used.
[2018.02.24-07.45.24:136][  0]LogD3D11RHI: D3D11 adapters:
[2018.02.24-07.45.24:178][  0]LogD3D11RHI:    0. 'AMD FirePro M5950' (Feature Level 11_0)
[2018.02.24-07.45.24:178][  0]LogD3D11RHI:       1008/0/3840 MB DedicatedVideo/DedicatedSystem/SharedSystem, Outputs:1, VendorId:0x1002
[2018.02.24-07.45.24:187][  0]LogD3D11RHI:    1. 'Microsoft Basic Render Driver' (Feature Level 11_0)
[2018.02.24-07.45.24:187][  0]LogD3D11RHI:       0/0/4071 MB DedicatedVideo/DedicatedSystem/SharedSystem, Outputs:0, VendorId:0x1414
[2018.02.24-07.45.24:187][  0]LogD3D11RHI: Chosen D3D11 Adapter: 0
[2018.02.24-07.45.24:204][  0]LogD3D11RHI: Creating new Direct3DDevice
[2018.02.24-07.45.24:204][  0]LogD3D11RHI:     GPU DeviceId: 0x6740 (for the marketing name, search the web for "GPU Device Id")
[2018.02.24-07.45.24:205][  0]LogWindows: EnumDisplayDevices:
[2018.02.24-07.45.24:205][  0]LogWindows:    0. 'AMD FirePro M5950' (P:1 D:1)
[2018.02.24-07.45.24:206][  0]LogWindows:    1. 'AMD FirePro M5950' (P:0 D:0)
[2018.02.24-07.45.24:207][  0]LogWindows:    2. 'AMD FirePro M5950' (P:0 D:0)
[2018.02.24-07.45.24:208][  0]LogWindows:    3. 'AMD FirePro M5950' (P:0 D:0)
[2018.02.24-07.45.24:209][  0]LogWindows: DebugString: GetVideoDriverDetailsInvalid PrimaryIsNotTheChoosenAdapter GetVideoDriverDetailsInvalid PrimaryIsNotTheChoosenAdapter GetVideoDriverDetailsInvalid PrimaryIsNotTheChoosenAdapter GetVideoDriverDetailsInvalid PrimaryIsNotTheChoosenAdapter FoundDriverCount:0 
[2018.02.24-07.45.24:209][  0]LogD3D11RHI:     Adapter Name: AMD FirePro M5950
[2018.02.24-07.45.24:209][  0]LogD3D11RHI:   Driver Version: Unknown (internal:Unknown, unified:Unknown)
[2018.02.24-07.45.24:209][  0]LogD3D11RHI:      Driver Date: Unknown
[2018.02.24-07.45.24:209][  0]LogRHI: Texture pool is 706 MB (70% of 1008 MB)
[2018.02.24-07.45.24:298][  0]LogD3D11RHI: AMD Pre GCN architecture detected, some driver workarounds will be in place
[2018.02.24-07.45.24:328][  0]LogD3D11RHI: Async texture creation enabled
[2018.02.24-07.45.24:362][  0]LogD3D11RHI: GPU Timing Frequency: 27.000000 (Debug: 2 2)
[2018.02.24-07.45.24:367][  0]LogShaderCompilers: Guid format shader working directory is 11 characters bigger than the processId version (../../../../../../GitHub/Monster_Defender/Intermediate/Shaders/WorkingDirectory/9516/).
[2018.02.24-07.45.24:367][  0]LogShaderCompilers: Cleaned the shader compiler working directory 'C:/Users/Iulio Cesar/AppData/Local/Temp/UnrealShaderWorkingDir/66A171094AEADD680CC3378F5FDAD6D7/'.
[2018.02.24-07.45.24:367][  0]LogShaderCompilers:Display: Using Local Shader Compiler.
[2018.02.24-07.45.30:282][  0]LogTemp:Display: Loaded TP AllDesktopTargetPlatform
[2018.02.24-07.45.30:562][  0]LogTemp:Display: Loaded TP MacClientTargetPlatform
[2018.02.24-07.45.30:926][  0]LogTemp:Display: Loaded TP MacNoEditorTargetPlatform
[2018.02.24-07.45.31:267][  0]LogTemp:Display: Loaded TP MacServerTargetPlatform
[2018.02.24-07.45.31:637][  0]LogTemp:Display: Loaded TP MacTargetPlatform
[2018.02.24-07.45.31:988][  0]LogTemp:Display: Loaded TP WindowsClientTargetPlatform
[2018.02.24-07.45.32:329][  0]LogTemp:Display: Loaded TP WindowsNoEditorTargetPlatform
[2018.02.24-07.45.32:671][  0]LogTemp:Display: Loaded TP WindowsServerTargetPlatform
[2018.02.24-07.45.32:966][  0]LogTemp:Display: Loaded TP WindowsTargetPlatform
[2018.02.24-07.45.33:318][  0]LogTemp:Display: Loaded TP AndroidTargetPlatform
[2018.02.24-07.45.33:661][  0]LogTemp:Display: Loaded TP Android_ASTCTargetPlatform
[2018.02.24-07.45.33:999][  0]LogTemp:Display: Loaded TP Android_ATCTargetPlatform
[2018.02.24-07.45.34:335][  0]LogTemp:Display: Loaded TP Android_DXTTargetPlatform
[2018.02.24-07.45.34:671][  0]LogTemp:Display: Loaded TP Android_ETC1TargetPlatform
[2018.02.24-07.45.35:018][  0]LogTemp:Display: Loaded TP Android_ETC2TargetPlatform
[2018.02.24-07.45.35:706][  0]LogTemp:Display: Loaded TP Android_MultiTargetPlatform
[2018.02.24-07.45.35:707][  0]LogTemp:Display: Loaded TP Android_PVRTCTargetPlatform
[2018.02.24-07.45.35:962][  0]LogTemp:Display: Loaded TP HTML5TargetPlatform
[2018.02.24-07.45.36:477][  0]LogTemp:Display: Loaded TP IOSTargetPlatform
[2018.02.24-07.45.36:698][  0]LogTemp:Display: Loaded TP TVOSTargetPlatform
[2018.02.24-07.45.37:046][  0]LogTemp:Display: Loaded TP LinuxClientTargetPlatform
[2018.02.24-07.45.37:389][  0]LogTemp:Display: Loaded TP LinuxNoEditorTargetPlatform
[2018.02.24-07.45.37:733][  0]LogTemp:Display: Loaded TP LinuxServerTargetPlatform
[2018.02.24-07.45.38:076][  0]LogTemp:Display: Loaded TP LinuxTargetPlatform
[2018.02.24-07.45.38:077][  0]LogTargetPlatformManager:Display: Building Assets For Windows
[2018.02.24-07.45.41:025][  0]LogDerivedDataCache:Display: Max Cache Size: 512 MB
[2018.02.24-07.45.41:215][  0]LogDerivedDataCache: Loaded boot cache 0.19s 50MB C:/Users/Iulio Cesar/AppData/Local/UnrealEngine/4.15/DerivedDataCache/Boot.ddc.
[2018.02.24-07.45.41:215][  0]LogDerivedDataCache:Display: Loaded Boot cache: C:/Users/Iulio Cesar/AppData/Local/UnrealEngine/4.15/DerivedDataCache/Boot.ddc
[2018.02.24-07.45.41:216][  0]LogDerivedDataCache: FDerivedDataBackendGraph:  Pak pak cache file ../../../../../../GitHub/Monster_Defender/DerivedDataCache/DDC.ddp not found, will not use a pak cache.
[2018.02.24-07.45.41:216][  0]LogDerivedDataCache: Unable to find inner node Pak for hierarchical cache Hierarchy.
[2018.02.24-07.45.41:216][  0]LogDerivedDataCache: FDerivedDataBackendGraph:  CompressedPak pak cache file ../../../../../../GitHub/Monster_Defender/DerivedDataCache/Compressed.ddp not found, will not use a pak cache.
[2018.02.24-07.45.41:216][  0]LogDerivedDataCache: Unable to find inner node CompressedPak for hierarchical cache Hierarchy.
[2018.02.24-07.45.41:300][  0]LogDerivedDataCache:Display: Pak cache opened for reading ../../../Engine/DerivedDataCache/Compressed.ddp.
[2018.02.24-07.45.41:316][  0]LogDerivedDataCache: Using Local data cache path C:/Users/Iulio Cesar/AppData/Local/UnrealEngine/Common/DerivedDataCache: Writable
[2018.02.24-07.45.41:363][  0]LogSlate: Using Freetype 2.6.0
[2018.02.24-07.45.41:365][  0]LogSlate: SlateFontCache - WITH_FREETYPE: 1, WITH_HARFBUZZ: 1
[2018.02.24-07.45.41:365][  0]LogSlate: SlateFontCache - WITH_FREETYPE: 1, WITH_HARFBUZZ: 1
[2018.02.24-07.45.43:044][  0]LogInit: Selected Device Profile: [Windows]
[2018.02.24-07.45.43:061][  0]LogContentStreaming: Texture pool size is 0.00 MB
[2018.02.24-07.45.44:366][  0]LogMeshUtilities: Using QuadricMeshReduction for automatic static mesh reduction
[2018.02.24-07.45.44:669][  0]LogSimplygon: Simplygon DLL not present - disabling.
[2018.02.24-07.45.45:001][  0]LogMeshUtilities: Using SimplygonSwarm for distributed automatic mesh merging
[2018.02.24-07.45.45:001][  0]LogMeshUtilities: No automatic skeletal mesh reduction module available
[2018.02.24-07.45.45:001][  0]LogMeshUtilities: No automatic mesh merging module available
[2018.02.24-07.45.47:836][  0]LogNetVersion: GetLocalNetworkVersion: CL: 3299760, ProjectName: monsterdefender, ProjectVersion: , EngineNetworkVersion: 2, GameNetworkVersion: 0, NetworkChecksum: 3025549386
[2018.02.24-07.45.48:015][  0]LogAssetRegistry: FAssetRegistry took 0.0234 seconds to start up
[2018.02.24-07.45.48:370][  0]LogPackageLocalizationCache: Processed 3 localized package path(s) for 2 prioritized culture(s) in 0.145286 seconds
[2018.02.24-07.45.48:393][  0]LogUObjectArray: 32493 objects as part of root set at end of initial load.
[2018.02.24-07.45.48:393][  0]LogUObjectAllocator: 7077032 out of 0 bytes used by permanent object pool.
[2018.02.24-07.45.48:393][  0]LogUObjectArray: CloseDisregardForGC: 0/0 objects in disregard for GC pool
[2018.02.24-07.45.48:866][  0]LogInit: WinSock: version 1.1 (2.2), MaxSocks=32767, MaxUdp=65467
[2018.02.24-07.45.58:440][  0]LogTcpMessaging: Initializing TcpMessaging bridge
[2018.02.24-07.45.58:674][  0]LogUdpMessaging: Initializing bridge on interface 0.0.0.0:0 to multicast group 230.0.0.1:6666.
[2018.02.24-07.46.01:356][  0]LogMaterial: Uniform references updated for custom material expression Custom.
[2018.02.24-07.46.03:805][  0]SourceControl: Información El control de código fuente está desactivado
[2018.02.24-07.46.03:810][  0]SourceControl: Información El control de código fuente está desactivado
[2018.02.24-07.46.04:158][  0]SourceControl: Información El control de código fuente está desactivado
[2018.02.24-07.46.04:464][  0]SourceControl: Información El control de código fuente está desactivado
[2018.02.24-07.46.12:619][  0]LogEngine: Initializing Engine...
[2018.02.24-07.46.12:622][  0]LogHMD: Failed to initialize OpenVR with code 110
[2018.02.24-07.46.13:167][  0]LogStats: UGameplayTagsManager::ConstructGameplayTagTree: Construct from data asset -  0.000 s
[2018.02.24-07.46.13:167][  0]LogStats: UGameplayTagsManager::ConstructGameplayTagTree: GameplayTagTreeChangedEvent.Broadcast -  0.000 s
[2018.02.24-07.46.13:969][  0]LogAIModule: Creating AISystem for world Untitled
[2018.02.24-07.46.14:000][  0]LogInit: XAudio2 using 'Altavoces (Dispositivo de High Definition Audio)' : 2 channels at 48 kHz using 16 bits per sample (channel mask 0x3)
[2018.02.24-07.46.14:053][  0]LogInit: FAudioDevice initialized.
[2018.02.24-07.46.14:147][  0]LogDerivedDataCache: Saved boot cache 0.09s 50MB C:/Users/Iulio Cesar/AppData/Local/UnrealEngine/4.15/DerivedDataCache/Boot.ddc.
[2018.02.24-07.46.14:184][  0]LogInit: Texture streaming: Enabled
[2018.02.24-07.46.14:796][  0]LogEngineSessionManager: EngineSessionManager initialized
[2018.02.24-07.46.15:370][  0]LogInit: Transaction tracking system initialized
[2018.02.24-07.46.17:713][  0]BlueprintLog: New page: Cargar el editor
[2018.02.24-07.46.23:601][  0]LocalizationService: Información Localization service is disabled
[2018.02.24-07.46.28:839][  0]LogConsoleResponse:Display: 
[2018.02.24-07.46.29:568][  0]LogCook:Display: Max memory allowance for cook 16384mb min free memory 0mb
[2018.02.24-07.46.29:568][  0]LogCook:Display: Mobile HDR setting 1
[2018.02.24-07.46.29:988][  0]LogFileCache: Scanning file cache for directory 'C:/GitHub/Monster_Defender/Content/' took 0.05s
[2018.02.24-07.46.36:507][  0]SourceControl: Información El control de código fuente está desactivado
[2018.02.24-07.46.36:507][  0]Cmd: MAP LOAD FILE="../../../../../../GitHub/Monster_Defender/Content/FirstPersonBP/Maps/FirstPersonExampleMap.umap" TEMPLATE=0 SHOWPROGRESS=1 FEATURELEVEL=3
[2018.02.24-07.46.36:509][  0]LightingResults: New page: Diseñar la iluminación
[2018.02.24-07.46.36:772][  0]MapCheck: New page: Revisión del mapa
[2018.02.24-07.46.36:772][  0]LightingResults: New page: Diseñar la iluminación
[2018.02.24-07.46.40:995][  0]LogStaticMesh: Generando la malla estática Rock1_M...
[2018.02.24-07.46.41:300][  0]LogStaticMesh: Built static mesh [0.31s] /Game/Geometry/Meshes/Rocks/Rock1_M.Rock1_M
[2018.02.24-07.46.41:337][  0]LogStaticMesh: Generando la malla estática Rock1_XL...
[2018.02.24-07.46.41:521][  0]LogStaticMesh: Built static mesh [0.18s] /Game/Geometry/Meshes/Rocks/Rock1_XL.Rock1_XL
[2018.02.24-07.46.41:669][  0]LogTexture:Display: Building textures: Texture2D_2 (BGRA8, 256X256) - 80 MB total VRAM
[2018.02.24-07.46.43:562][  0]LogTexture:Display: Building textures: T_Char_M_FrostGiant_N (BC5, 2048X2048) - 262 MB total VRAM
[2018.02.24-07.46.46:582][  0]LogTexture:Display: Building textures: T_Char_M_FrostGiant_MaterialMask (AutoDXT, 2048X2048) - 262 MB total VRAM
[2018.02.24-07.46.48:287][  0]LogTexture:Display: Building textures: T_Char_M_FrostGiant_Masks (AutoDXT, 2048X2048) - 262 MB total VRAM
[2018.02.24-07.46.50:732][  0]LogTexture:Display: Building textures: T_Char_M_FrostGiant_D (DXT1, 2048X2048) - 262 MB total VRAM
[2018.02.24-07.47.19:783][  0]LogMaterial: Missing cached shader map for material M_Char_FrostGiant, compiling. 
[2018.02.24-07.47.19:788][  0]LogTemp:Display: Added material ShaderMap 0x000001AC00E42B00 with Material 0x000001AC6D9EDD80 to ShaderMapsBeingCompiled
[2018.02.24-07.47.20:124][  0]LogTemp:Display: Kicking off shader compilation for M_Char_FrostGiant, GameThreadShaderMap 0x000001AC00E42B00
[2018.02.24-07.47.20:140][  0]LogMaterial: Missing cached shader map for material phong3, compiling. 
[2018.02.24-07.47.20:144][  0]LogTemp:Display: Added material ShaderMap 0x000001AC1A918480 with Material 0x000001AC6DA08280 to ShaderMapsBeingCompiled
[2018.02.24-07.47.20:290][  0]LogTemp:Display: Kicking off shader compilation for phong3, GameThreadShaderMap 0x000001AC1A918480
[2018.02.24-07.47.20:301][  0]LogMaterial: Missing cached shader map for material phong4, compiling. 
[2018.02.24-07.47.20:307][  0]LogTemp:Display: Added material ShaderMap 0x000001AC1B4C6080 with Material 0x000001AC6DA09C00 to ShaderMapsBeingCompiled
[2018.02.24-07.47.20:490][  0]LogTemp:Display: Kicking off shader compilation for phong4, GameThreadShaderMap 0x000001AC1B4C6080
[2018.02.24-07.47.20:719][  0]LogAIModule: Creating AISystem for world FirstPersonExampleMap
[2018.02.24-07.47.21:058][  0]LogMaterial:Warning: Material /Game/EssentialTreeKit/BaseMaterial/Tree_Bark.Tree_Bark needed to have new flag set bUsedWithInstancedStaticMeshes !
[2018.02.24-07.47.21:117][  0]LogMaterial: Missing cached shader map for material Tree_Bark, compiling. 
[2018.02.24-07.47.21:130][  0]LogTemp:Display: Added material ShaderMap 0x000001AC1B0E0480 with Material 0x000001AC59504B80 to ShaderMapsBeingCompiled
[2018.02.24-07.47.22:104][  0]LogTemp:Display: Kicking off shader compilation for Tree_Bark, GameThreadShaderMap 0x000001AC1B0E0480
[2018.02.24-07.47.22:105][  0]MapCheck:Warning: Aviso Tree_Bark Material /Game/EssentialTreeKit/BaseMaterial/Tree_Bark.Tree_Bark was missing the usage flag bUsedWithInstancedStaticMeshes. If the material asset is not re-saved, it may not render correctly when run outside the editor. Fix
[2018.02.24-07.47.22:106][  0]LogMaterial: 0.00 seconds spent updating 1 materials, 1 interfaces, 0 instances, 0 with static permutations.
[2018.02.24-07.47.22:106][  0]LogMaterial:Warning: Material /Game/EssentialTreeKit/BaseMaterial/Tree_Leaf.Tree_Leaf needed to have new flag set bUsedWithInstancedStaticMeshes !
[2018.02.24-07.47.22:118][  0]LogMaterial: Missing cached shader map for material Tree_Leaf, compiling. 
[2018.02.24-07.47.22:128][  0]LogTemp:Display: Added material ShaderMap 0x000001AC21FE7C80 with Material 0x000001AC6D5CE200 to ShaderMapsBeingCompiled
[2018.02.24-07.47.22:469][  0]LogTemp:Display: Kicking off shader compilation for Tree_Leaf, GameThreadShaderMap 0x000001AC21FE7C80
[2018.02.24-07.47.22:470][  0]MapCheck:Warning: Aviso Tree_Leaf Material /Game/EssentialTreeKit/BaseMaterial/Tree_Leaf.Tree_Leaf was missing the usage flag bUsedWithInstancedStaticMeshes. If the material asset is not re-saved, it may not render correctly when run outside the editor. Fix
[2018.02.24-07.47.22:470][  0]LogMaterial: 0.00 seconds spent updating 1 materials, 1 interfaces, 0 instances, 0 with static permutations.
[2018.02.24-07.47.22:507][  0]LogEditorServer: Finished looking for orphan Actors (0.000 secs)
[2018.02.24-07.47.22:508][  0]Cmd: MAP CHECKDEP NOCLEARLOG
[2018.02.24-07.47.22:825][  0]MapCheck: Información Map check complete: 0 Error(s), 2 Warning(s), took 316.155ms to complete.
[2018.02.24-07.47.22:845][  0]LogFileHelpers: Loading map 'FirstPersonExampleMap' took 46.338
[2018.02.24-07.47.22:933][  0]LogWindowsTextInputMethodSystem:Display: IME system now deactivated.
[2018.02.24-07.47.23:402][  0]LogCollectionManager: Loaded 0 collections in 0.006591 seconds
[2018.02.24-07.47.23:636][  0]LogFileCache: Scanning file cache for directory 'C:/GitHub/Monster_Defender/Saved/Collections/' took 0.01s
[2018.02.24-07.47.23:636][  0]LogFileCache: Scanning file cache for directory 'C:/GitHub/Monster_Defender/Content/Developers/IulioCesar/Collections/' took 0.01s
[2018.02.24-07.47.23:636][  0]LogFileCache: Scanning file cache for directory 'C:/GitHub/Monster_Defender/Content/Collections/' took 0.01s
[2018.02.24-07.47.23:636][  0]LogCollectionManager: Rebuilt the GUID cache for 0 collections in 0.000006 seconds
[2018.02.24-07.47.23:674][  0]LogContentBrowser: Native class hierarchy populated in 0.0366 seconds. Added 2245 classes and 453 folders.
[2018.02.24-07.47.23:952][  0]LogContentBrowser: Native class hierarchy updated for 'WidgetCarousel' in 0.0015 seconds. Added 0 classes and 0 folders.
[2018.02.24-07.47.24:108][  0]LogContentBrowser: Native class hierarchy updated for 'AddContentDialog' in 0.0014 seconds. Added 0 classes and 0 folders.
[2018.02.24-07.47.24:281][  0]LogContentBrowser: Native class hierarchy updated for 'SceneOutliner' in 0.0014 seconds. Added 1 classes and 2 folders.
[2018.02.24-07.47.24:627][  0]LogCrashTracker: Crashtracker disabled due to settings.
[2018.02.24-07.47.24:642][  0]LogUObjectGlobals:Warning: Error al encontrar el objeto 'Class Ninguno.'
[2018.02.24-07.47.24:817][  0]LogContentBrowser: Native class hierarchy updated for 'HierarchicalLODOutliner' in 0.0013 seconds. Added 1 classes and 2 folders.
[2018.02.24-07.47.24:817][  0]LogLoad: (Engine Initialization) Total time: 132.09 seconds
[2018.02.24-07.47.24:818][  0]LogLoad: (Engine Initialization) Total Blueprint compile time: 1.19 seconds
[2018.02.24-07.47.24:818][  0]LogExternalProfiler: No external profilers were discovered.  External profiling features will not be available.
[2018.02.24-07.47.24:836][  0]LogOcInput: OculusInput pre-init called
[2018.02.24-07.47.24:859][  0]LogContentStreaming: Texture pool size now 600 MB
[2018.02.24-07.47.24:861][  0]LogSlate: Took 0.000439 seconds to synchronously load lazily loaded font '../../../Engine/Content/Slate/Fonts/Roboto-Bold.ttf' (160K)
[2018.02.24-07.47.24:867][  0]LogSlate: Took 0.000484 seconds to synchronously load lazily loaded font '../../../Engine/Content/Slate/Fonts/Roboto-Regular.ttf' (155K)
[2018.02.24-07.47.24:886][  0]LogSlate: Took 0.000534 seconds to synchronously load lazily loaded font '../../../Engine/Content/Editor/Slate/Fonts/FontAwesome.ttf' (139K)
[2018.02.24-07.47.25:074][  0]LogSlate: Took 0.000437 seconds to synchronously load lazily loaded font '../../../Engine/Content/Slate/Fonts/Roboto-Light.ttf' (159K)
[2018.02.24-07.47.25:186][  0]LogRenderer: Reallocating scene render targets to support 900x460 NumSamples 1 (Frame:2).
[2018.02.24-07.47.26:639][  4]LogAssetRegistry: Asset discovery search completed in 98.6471 seconds
[2018.02.24-07.47.26:639][  4]LogCollectionManager: Rebuilt the object cache for 0 collections in 0.000012 seconds (found 0 objects)
[2018.02.24-07.47.26:639][  4]LogCollectionManager: Fixed up redirectors for 0 collections in 0.000051 seconds (updated 0 objects)
[2018.02.24-07.47.38:122][138]LogTemp:Display: Finished compile of shader map 0x000001AC00E42B00
[2018.02.24-07.47.38:122][138]LogTemp:Display: Shader map M_Char_FrostGiant complete, GameThreadShaderMap 0x000001AC00E42B00, marking material M_Char_FrostGiant as finished
[2018.02.24-07.47.38:122][138]LogTemp:Display: Marking material as finished 0x000001AC6D9EDD80
[2018.02.24-07.47.44:758][208]LogTemp:Display: Finished compile of shader map 0x000001AC1A918480
[2018.02.24-07.47.44:758][208]LogTemp:Display: Shader map phong3 complete, GameThreadShaderMap 0x000001AC1A918480, marking material phong3 as finished
[2018.02.24-07.47.44:758][208]LogTemp:Display: Marking material as finished 0x000001AC6DA08280
[2018.02.24-07.47.51:144][289]LogTemp:Display: Finished compile of shader map 0x000001AC1B4C6080
[2018.02.24-07.47.51:144][289]LogTemp:Display: Shader map phong4 complete, GameThreadShaderMap 0x000001AC1B4C6080, marking material phong4 as finished
[2018.02.24-07.47.51:144][289]LogTemp:Display: Marking material as finished 0x000001AC6DA09C00
[2018.02.24-07.48.29:398][940]LogTemp:Display: Finished compile of shader map 0x000001AC1B0E0480
[2018.02.24-07.48.29:398][940]LogTemp:Display: Shader map Tree_Bark complete, GameThreadShaderMap 0x000001AC1B0E0480, marking material Tree_Bark as finished
[2018.02.24-07.48.29:398][940]LogTemp:Display: Marking material as finished 0x000001AC59504B80
[2018.02.24-07.48.54:120][ 66]LogTemp:Display: Finished compile of shader map 0x000001AC21FE7C80
[2018.02.24-07.48.54:120][ 66]LogTemp:Display: Shader map Tree_Leaf complete, GameThreadShaderMap 0x000001AC21FE7C80, marking material Tree_Leaf as finished
[2018.02.24-07.48.54:120][ 66]LogTemp:Display: Marking material as finished 0x000001AC6D5CE200
[2018.02.24-07.48.55:365][ 77]LogTemp: Repeting last play command: Selected Viewport
[2018.02.24-07.48.55:440][ 77]LogBlueprintUserMessages: Early PlayInEditor Detection: Level '/Game/FirstPersonBP/Maps/FirstPersonExampleMap.FirstPersonExampleMap:PersistentLevel' has LevelScriptBlueprint '/Game/FirstPersonBP/Maps/FirstPersonExampleMap.FirstPersonExampleMap:PersistentLevel.FirstPersonExampleMap' with GeneratedClass '/Game/FirstPersonBP/Maps/FirstPersonExampleMap.FirstPersonExampleMap_C' with ClassGeneratedBy '/Game/FirstPersonBP/Maps/FirstPersonExampleMap.FirstPersonExampleMap:PersistentLevel.FirstPersonExampleMap'
[2018.02.24-07.48.55:440][ 77]LogPlayLevel: PlayLevel: No blueprints needed recompiling
[2018.02.24-07.48.55:442][ 77]PIE: New page: Sesión PIE (reproducción en el editor): FirstPersonExampleMap (23/02/2018 19:48:55)
[2018.02.24-07.48.55:442][ 77]LogPlayLevel: Creating play world package: /Game/FirstPersonBP/Maps/UEDPIE_0_FirstPersonExampleMap
[2018.02.24-07.48.55:622][ 77]LogPlayLevel: PIE: StaticDuplicateObject took: (0.180210s)
[2018.02.24-07.48.55:625][ 77]LogAIModule: Creating AISystem for world FirstPersonExampleMap
[2018.02.24-07.48.55:626][ 77]LogPlayLevel: PIE: World Init took: (0.003789s)
[2018.02.24-07.48.55:627][ 77]LogPlayLevel: PIE: Created PIE world by copying editor world from /Game/FirstPersonBP/Maps/FirstPersonExampleMap.FirstPersonExampleMap to /Game/FirstPersonBP/Maps/UEDPIE_0_FirstPersonExampleMap.FirstPersonExampleMap (0.185190s)
[2018.02.24-07.48.55:783][ 77]LogInit: XAudio2 using 'Altavoces (Dispositivo de High Definition Audio)' : 2 channels at 48 kHz using 16 bits per sample (channel mask 0x3)
[2018.02.24-07.48.55:821][ 77]LogInit: FAudioDevice initialized.
[2018.02.24-07.48.55:900][ 77]LogLoad: Game class is 'FirstPersonGameMode_C'
[2018.02.24-07.48.55:934][ 77]LogWorld: Bringing World /Game/FirstPersonBP/Maps/UEDPIE_0_FirstPersonExampleMap.FirstPersonExampleMap up for play (max tick rate 60) at 2018.02.24-01.48.55
[2018.02.24-07.48.55:938][ 77]LogWorld: Bringing up level for play took: 0.033668
[2018.02.24-07.48.56:290][ 77]LogContentBrowser: Native class hierarchy updated for 'MovieSceneCapture' in 0.0037 seconds. Added 11 classes and 0 folders.
[2018.02.24-07.48.56:294][ 77]PIE: Información Tiempo de inicio de la reproducción en el editor para  /Game/FirstPersonBP/Maps/UEDPIE_0_FirstPersonExampleMap 1.34
[2018.02.24-07.48.56:295][ 77]LogBlueprintUserMessages: Late PlayInEditor Detection: Level '/Game/FirstPersonBP/Maps/FirstPersonExampleMap.FirstPersonExampleMap:PersistentLevel' has LevelScriptBlueprint '/Game/FirstPersonBP/Maps/FirstPersonExampleMap.FirstPersonExampleMap:PersistentLevel.FirstPersonExampleMap' with GeneratedClass '/Game/FirstPersonBP/Maps/FirstPersonExampleMap.FirstPersonExampleMap_C' with ClassGeneratedBy '/Game/FirstPersonBP/Maps/FirstPersonExampleMap.FirstPersonExampleMap:PersistentLevel.FirstPersonExampleMap'
[2018.02.24-07.49.06:258][152]LogBlueprintUserMessages: Early EndPlayMap Detection: Level '/Game/FirstPersonBP/Maps/FirstPersonExampleMap.FirstPersonExampleMap:PersistentLevel' has LevelScriptBlueprint '/Game/FirstPersonBP/Maps/FirstPersonExampleMap.FirstPersonExampleMap:PersistentLevel.FirstPersonExampleMap' with GeneratedClass '/Game/FirstPersonBP/Maps/FirstPersonExampleMap.FirstPersonExampleMap_C' with ClassGeneratedBy '/Game/FirstPersonBP/Maps/FirstPersonExampleMap.FirstPersonExampleMap:PersistentLevel.FirstPersonExampleMap'
[2018.02.24-07.49.06:529][152]LogBlueprintUserMessages: Late EndPlayMap Detection: Level '/Game/FirstPersonBP/Maps/FirstPersonExampleMap.FirstPersonExampleMap:PersistentLevel' has LevelScriptBlueprint '/Game/FirstPersonBP/Maps/FirstPersonExampleMap.FirstPersonExampleMap:PersistentLevel.FirstPersonExampleMap' with GeneratedClass '/Game/FirstPersonBP/Maps/FirstPersonExampleMap.FirstPersonExampleMap_C' with ClassGeneratedBy '/Game/FirstPersonBP/Maps/FirstPersonExampleMap.FirstPersonExampleMap:PersistentLevel.FirstPersonExampleMap'
[2018.02.24-07.50.16:176][564]LogEditorViewport: Clicking on Actor (LMB): StaticMeshActor (water_ocean_mesh)
[2018.02.24-07.50.19:497][581]LogEditorViewport: Clicking on Actor (LMB): StaticMeshActor (water_ocean_mesh)
[2018.02.24-07.50.22:237][596]LogEditorViewport: Clicking on Actor (LMB): StaticMeshActor (water_ocean_mesh)
[2018.02.24-07.50.26:696][621]Cmd: DELETE
[2018.02.24-07.50.26:697][621]Cmd: ACTOR DELETE
[2018.02.24-07.50.26:714][621]LogEditorActor: Deleted Actor: StaticMeshActor
[2018.02.24-07.50.26:814][621]LogEditorActor: Deleted 1 Actors (0.117 secs)
[2018.02.24-07.51.31:537][879]LogSlate: Took 0.000720 seconds to synchronously load lazily loaded font '../../../Engine/Content/Slate/Fonts/Roboto-Light.ttf' (159K)
[2018.02.24-07.51.33:328][879]LogSlate: Took 0.000839 seconds to synchronously load lazily loaded font '../../../Engine/Content/Slate/Fonts/Roboto-Regular.ttf' (155K)
[2018.02.24-07.51.33:394][879]LogSavePackage: Save=1662.12ms
[2018.02.24-07.51.33:394][879]LogSavePackage: Moving '../../../../../../GitHub/Monster_Defender/Saved/FirstPersonExampleMapC62482B748E18467214C86B4E89211D5.tmp' to '../../../../../../GitHub/Monster_Defender/Content/FirstPersonBP/Maps/FirstPersonExampleMap.umap'
[2018.02.24-07.51.33:420][879]LogSavePackage:Display: Finished SavePackage ../../../../../../GitHub/Monster_Defender/Content/FirstPersonBP/Maps/FirstPersonExampleMap.umap
[2018.02.24-07.51.34:270][879]LogSavePackage: Save=629.24ms
[2018.02.24-07.51.34:270][879]LogSavePackage: Moving '../../../../../../GitHub/Monster_Defender/Saved/FirstPersonExampleMap_BuiltData43288A2F473F076B1E9C358D9778C4B9.tmp' to '../../../../../../GitHub/Monster_Defender/Content/FirstPersonBP/Maps/FirstPersonExampleMap_BuiltData.uasset'
[2018.02.24-07.51.34:277][879]LogSavePackage:Display: Finished SavePackage ../../../../../../GitHub/Monster_Defender/Content/FirstPersonBP/Maps/FirstPersonExampleMap_BuiltData.uasset
[2018.02.24-07.51.35:847][887]LogWindowsTextInputMethodSystem:Display: IME system now deactivated.
[2018.02.24-07.51.36:382][888]Cmd: QUIT_EDITOR
[2018.02.24-07.51.37:517][888]LogExit: Preparing to exit.
[2018.02.24-07.51.38:575][888]LogDirectoryWatcher: A directory notification for 'C:/GitHub/Monster_Defender/Content/' was aborted.
[2018.02.24-07.51.39:050][888]LogExit: Editor shut down
[2018.02.24-07.51.39:051][888]LogExit: Transaction tracking system shut down
[2018.02.24-07.51.39:504][888]LogObj: Freed 0b from 0 cluster array pools.
[2018.02.24-07.51.39:504][888]LogExit: Object subsystem successfully closed.
[2018.02.24-07.51.39:534][888]LogD3D11RHI: Shutdown
[2018.02.24-07.51.39:534][888]LogD3D11RHI: CleanupD3DDevice
[2018.02.24-07.51.39:778][888]LogD3D11RHI: ~FD3D11DynamicRHI
[2018.02.24-07.51.39:823][888]LogModuleManager: Shutting down and abandoning module MovieSceneCapture (500)
[2018.02.24-07.51.39:823][888]LogModuleManager: Shutting down and abandoning module HierarchicalLODOutliner (498)
[2018.02.24-07.51.39:823][888]LogModuleManager: Shutting down and abandoning module CrashTracker (496)
[2018.02.24-07.51.39:823][888]LogModuleManager: Shutting down and abandoning module SceneOutliner (494)
[2018.02.24-07.51.39:823][888]LogModuleManager: Shutting down and abandoning module AddContentDialog (492)
[2018.02.24-07.51.39:823][888]LogDirectoryWatcher: A directory notification for 'C:/Program Files/Epic Games/UE_4.15/FeaturePacks/' was aborted.
[2018.02.24-07.51.39:831][888]LogModuleManager: Shutting down and abandoning module WidgetCarousel (491)
[2018.02.24-07.51.39:831][888]LogModuleManager: Shutting down and abandoning module EditorWidgets (488)
[2018.02.24-07.51.39:831][888]LogModuleManager: Shutting down and abandoning module CollectionManager (486)
[2018.02.24-07.51.39:831][888]LogDirectoryWatcher: A directory notification for 'C:/GitHub/Monster_Defender/Content/Collections/' was aborted.
[2018.02.24-07.51.39:831][888]LogDirectoryWatcher: A directory notification for 'C:/GitHub/Monster_Defender/Content/Developers/IulioCesar/Collections/' was aborted.
[2018.02.24-07.51.39:831][888]LogDirectoryWatcher: A directory notification for 'C:/GitHub/Monster_Defender/Saved/Collections/' was aborted.
[2018.02.24-07.51.39:831][888]LogModuleManager: Shutting down and abandoning module StatsViewer (484)
[2018.02.24-07.51.39:831][888]LogModuleManager: Shutting down and abandoning module FoliageEdit (482)
[2018.02.24-07.51.39:831][888]LogModuleManager: Shutting down and abandoning module LandscapeEditor (480)
[2018.02.24-07.51.39:831][888]LogModuleManager: Shutting down and abandoning module SceneDepthPickerMode (478)
[2018.02.24-07.51.39:832][888]LogModuleManager: Shutting down and abandoning module ActorPickerMode (476)
[2018.02.24-07.51.39:832][888]LogModuleManager: Shutting down and abandoning module GeometryMode (474)
[2018.02.24-07.51.39:832][888]LogModuleManager: Shutting down and abandoning module TextureAlignMode (472)
[2018.02.24-07.51.39:832][888]LogModuleManager: Shutting down and abandoning module BspMode (470)
[2018.02.24-07.51.39:832][888]LogModuleManager: Shutting down and abandoning module HardwareSurvey (468)
[2018.02.24-07.51.39:832][888]LogModuleManager: Shutting down and abandoning module SequenceRecorderSections (466)
[2018.02.24-07.51.39:832][888]LogModuleManager: Shutting down and abandoning module AutomationWorker (464)
[2018.02.24-07.51.39:832][888]LogModuleManager: Shutting down and abandoning module MatineeToLevelSequence (462)
[2018.02.24-07.51.39:832][888]LogModuleManager: Shutting down and abandoning module LevelSequenceEditor (460)
[2018.02.24-07.51.39:832][888]LogModuleManager: Shutting down and abandoning module PlacementMode (459)
[2018.02.24-07.51.39:832][888]LogModuleManager: Shutting down and abandoning module WmfMediaFactory (456)
[2018.02.24-07.51.39:832][888]LogModuleManager: Shutting down and abandoning module WmfMediaEditor (454)
[2018.02.24-07.51.39:832][888]LogModuleManager: Shutting down and abandoning module MfMediaFactory (452)
[2018.02.24-07.51.39:832][888]LogModuleManager: Shutting down and abandoning module MfMediaEditor (450)
[2018.02.24-07.51.39:832][888]LogModuleManager: Shutting down and abandoning module AvfMediaFactory (448)
[2018.02.24-07.51.39:832][888]LogModuleManager: Shutting down and abandoning module AvfMediaEditor (446)
[2018.02.24-07.51.39:832][888]LogModuleManager: Shutting down and abandoning module AndroidMediaFactory (444)
[2018.02.24-07.51.39:832][888]LogModuleManager: Shutting down and abandoning module Media (443)
[2018.02.24-07.51.39:832][888]LogModuleManager: Shutting down and abandoning module AndroidMediaEditor (440)
[2018.02.24-07.51.39:832][888]LogModuleManager: Shutting down and abandoning module CharacterAI (438)
[2018.02.24-07.51.39:832][888]LogModuleManager: Shutting down and abandoning module AudioCapture (436)
[2018.02.24-07.51.39:832][888]LogModuleManager: Shutting down and abandoning module SequenceRecorder (435)
[2018.02.24-07.51.39:832][888]LogModuleManager: Shutting down and abandoning module SmartSnapping (432)
[2018.02.24-07.51.39:833][888]LogModuleManager: Shutting down and abandoning module SessionServices (430)
[2018.02.24-07.51.39:833][888]LogModuleManager: Shutting down and abandoning module ViewportSnapping (428)
[2018.02.24-07.51.39:833][888]LogModuleManager: Shutting down and abandoning module ViewportInteraction (426)
[2018.02.24-07.51.39:833][888]LogModuleManager: Shutting down and abandoning module LogVisualizer (424)
[2018.02.24-07.51.39:833][888]LogModuleManager: Shutting down and abandoning module IntroTutorials (422)
[2018.02.24-07.51.39:833][888]LogModuleManager: Shutting down and abandoning module GameProjectGeneration (421)
[2018.02.24-07.51.39:833][888]LogModuleManager: Shutting down and abandoning module EditorLiveStreaming (418)
[2018.02.24-07.51.39:833][888]LogModuleManager: Shutting down and abandoning module IOSPlatformEditor (416)
[2018.02.24-07.51.39:833][888]LogModuleManager: Shutting down and abandoning module HTML5PlatformEditor (414)
[2018.02.24-07.51.39:833][888]LogModuleManager: Shutting down and abandoning module AndroidPlatformEditor (412)
[2018.02.24-07.51.39:833][888]LogModuleManager: Shutting down and abandoning module AndroidDeviceDetection (411)
[2018.02.24-07.51.40:236][888]LogModuleManager: Shutting down and abandoning module IOSRuntimeSettings (408)
[2018.02.24-07.51.40:236][888]LogModuleManager: Shutting down and abandoning module AndroidRuntimeSettings (406)
[2018.02.24-07.51.40:236][888]LogModuleManager: Shutting down and abandoning module InputBindingEditor (404)
[2018.02.24-07.51.40:236][888]LogModuleManager: Shutting down and abandoning module NiagaraEditor (402)
[2018.02.24-07.51.40:236][888]LogModuleManager: Shutting down and abandoning module MergeActors (400)
[2018.02.24-07.51.40:236][888]LogModuleManager: Shutting down and abandoning module SizeMap (398)
[2018.02.24-07.51.40:236][888]LogModuleManager: Shutting down and abandoning module TreeMap (396)
[2018.02.24-07.51.40:236][888]LogModuleManager: Shutting down and abandoning module ReferenceViewer (394)
[2018.02.24-07.51.40:236][888]LogModuleManager: Shutting down and abandoning module LocalizationDashboard (392)
[2018.02.24-07.51.40:237][888]LogModuleManager: Shutting down and abandoning module LocalizationService (391)
[2018.02.24-07.51.40:237][888]LogModuleManager: Shutting down and abandoning module HardwareTargeting (388)
[2018.02.24-07.51.40:237][888]LogModuleManager: Shutting down and abandoning module DeviceProfileEditor (386)
[2018.02.24-07.51.40:238][888]LogModuleManager: Shutting down and abandoning module UndoHistory (384)
[2018.02.24-07.51.40:238][888]LogModuleManager: Shutting down and abandoning module UserFeedback (382)
[2018.02.24-07.51.40:238][888]LogModuleManager: Shutting down and abandoning module XmlParser (380)
[2018.02.24-07.51.40:238][888]LogModuleManager: Shutting down and abandoning module Blutility (378)
[2018.02.24-07.51.40:238][888]LogModuleManager: Shutting down and abandoning module ProjectSettingsViewer (376)
[2018.02.24-07.51.40:238][888]LogModuleManager: Shutting down and abandoning module ProjectTargetPlatformEditor (375)
[2018.02.24-07.51.40:239][888]LogModuleManager: Shutting down and abandoning module EditorSettingsViewer (372)
[2018.02.24-07.51.40:240][888]LogModuleManager: Shutting down and abandoning module SettingsEditor (370)
[2018.02.24-07.51.40:240][888]LogModuleManager: Shutting down and abandoning module ProjectLauncher (368)
[2018.02.24-07.51.40:240][888]LogModuleManager: Shutting down and abandoning module SessionFrontend (366)
[2018.02.24-07.51.40:240][888]LogModuleManager: Shutting down and abandoning module ProfilerClient (364)
[2018.02.24-07.51.40:240][888]LogModuleManager: Shutting down and abandoning module DeviceManager (362)
[2018.02.24-07.51.40:241][888]LogModuleManager: Shutting down and abandoning module TargetDeviceServices (361)
[2018.02.24-07.51.40:294][888]LogModuleManager: Shutting down and abandoning module AutomationController (358)
[2018.02.24-07.51.40:294][888]LogModuleManager: Shutting down and abandoning module AutomationWindow (356)
[2018.02.24-07.51.40:294][888]LogModuleManager: Shutting down and abandoning module Layers (354)
[2018.02.24-07.51.40:295][888]LogModuleManager: Shutting down and abandoning module ComponentVisualizers (352)
[2018.02.24-07.51.40:295][888]LogModuleManager: Shutting down and abandoning module DetailCustomizations (350)
[2018.02.24-07.51.40:295][888]LogModuleManager: Shutting down and abandoning module PackagesDialog (348)
[2018.02.24-07.51.40:295][888]LogModuleManager: Shutting down and abandoning module Persona (346)
[2018.02.24-07.51.40:296][888]LogModuleManager: Shutting down and abandoning module AnimGraph (345)
[2018.02.24-07.51.40:296][888]LogModuleManager: Shutting down and abandoning module Kismet (342)
[2018.02.24-07.51.40:297][888]LogModuleManager: Shutting down and abandoning module GraphEditor (340)
[2018.02.24-07.51.40:298][888]LogModuleManager: Shutting down and abandoning module ClassViewer (338)
[2018.02.24-07.51.40:298][888]LogModuleManager: Shutting down and abandoning module Toolbox (336)
[2018.02.24-07.51.40:298][888]LogModuleManager: Shutting down and abandoning module ModuleUI (334)
[2018.02.24-07.51.40:298][888]LogModuleManager: Shutting down and abandoning module MovieSceneTools (332)
[2018.02.24-07.51.40:298][888]LogModuleManager: Shutting down and abandoning module OutputLog (330)
[2018.02.24-07.51.40:298][888]LogModuleManager: Shutting down and abandoning module GammaUI (328)
[2018.02.24-07.51.40:298][888]LogModuleManager: Shutting down and abandoning module Documentation (326)
[2018.02.24-07.51.40:298][888]LogModuleManager: Shutting down and abandoning module Niagara (324)
[2018.02.24-07.51.40:298][888]LogModuleManager: Shutting down and abandoning module StreamingPauseRendering (322)
[2018.02.24-07.51.40:298][888]LogModuleManager: Shutting down and abandoning module AnalyticsET (320)
[2018.02.24-07.51.40:298][888]LogModuleManager: Shutting down and abandoning module PortalServices (318)
[2018.02.24-07.51.40:298][888]LogModuleManager: Shutting down and abandoning module PortalRpc (316)
[2018.02.24-07.51.40:298][888]LogModuleManager: Shutting down and abandoning module MessagingRpc (314)
[2018.02.24-07.51.40:298][888]LogModuleManager: Shutting down and abandoning module AIModule (312)
[2018.02.24-07.51.40:299][888]LogModuleManager: Shutting down and abandoning module GameplayDebugger (311)
[2018.02.24-07.51.40:299][888]LogModuleManager: Shutting down and abandoning module AITestSuite (309)
[2018.02.24-07.51.40:299][888]LogModuleManager: Shutting down and abandoning module ProfilerService (306)
[2018.02.24-07.51.40:433][888]LogModuleManager: Shutting down and abandoning module TaskGraph (304)
[2018.02.24-07.51.40:433][888]LogModuleManager: Shutting down and abandoning module SteamVRController (302)
[2018.02.24-07.51.40:433][888]LogModuleManager: Shutting down and abandoning module SteamVR (300)
[2018.02.24-07.51.40:433][888]LogModuleManager: Shutting down and abandoning module ProceduralMeshComponentEditor (298)
[2018.02.24-07.51.40:433][888]LogModuleManager: Shutting down and abandoning module ProceduralMeshComponent (296)
[2018.02.24-07.51.40:433][888]LogModuleManager: Shutting down and abandoning module OculusLibrary (294)
[2018.02.24-07.51.40:433][888]LogModuleManager: Shutting down and abandoning module OculusInput (292)
[2018.02.24-07.51.40:433][888]LogModuleManager: Shutting down and abandoning module MobilePatchingUtils (290)
[2018.02.24-07.51.40:434][888]LogModuleManager: Shutting down and abandoning module CustomMeshComponent (288)
[2018.02.24-07.51.40:434][888]LogModuleManager: Shutting down and abandoning module CableComponent (286)
[2018.02.24-07.51.40:434][888]LogModuleManager: Shutting down and abandoning module ArchVisCharacter (284)
[2018.02.24-07.51.40:434][888]LogModuleManager: Shutting down and abandoning module MediaPlayerEditor (280)
[2018.02.24-07.51.40:434][888]LogModuleManager: Shutting down and abandoning module HTML5Networking (278)
[2018.02.24-07.51.40:434][888]LogModuleManager: Shutting down and abandoning module AlembicImporter (276)
[2018.02.24-07.51.40:434][888]LogModuleManager: Shutting down and abandoning module AlembicLibrary (275)
[2018.02.24-07.51.40:434][888]LogModuleManager: Shutting down and abandoning module GeometryCache (274)
[2018.02.24-07.51.40:434][888]LogModuleManager: Shutting down and abandoning module GeometryCacheEd (273)
[2018.02.24-07.51.40:434][888]LogModuleManager: Shutting down and abandoning module SuperSearchEditor (268)
[2018.02.24-07.51.40:434][888]LogModuleManager: Shutting down and abandoning module SuperSearch (267)
[2018.02.24-07.51.40:434][888]LogModuleManager: Shutting down and abandoning module SpeedTreeImporter (264)
[2018.02.24-07.51.40:434][888]LogModuleManager: Shutting down and abandoning module PluginBrowser (262)
[2018.02.24-07.51.40:434][888]LogModuleManager: Shutting down and abandoning module MobileLauncherProfileWizard (260)
[2018.02.24-07.51.40:434][888]LogModuleManager: Shutting down and abandoning module EpicSurvey (258)
[2018.02.24-07.51.40:435][888]LogModuleManager: Shutting down and abandoning module VisualStudioSourceCodeAccess (256)
[2018.02.24-07.51.40:435][888]LogModuleManager: Shutting down and abandoning module DesktopPlatform (255)
[2018.02.24-07.51.40:435][888]LogModuleManager: Shutting down and abandoning module UObjectPlugin (252)
[2018.02.24-07.51.40:435][888]LogModuleManager: Shutting down and abandoning module SubversionSourceControl (250)
[2018.02.24-07.51.40:435][888]LogModuleManager: Shutting down and abandoning module PerforceSourceControl (248)
[2018.02.24-07.51.40:435][888]LogModuleManager: Shutting down and abandoning module GitSourceControl (246)
[2018.02.24-07.51.40:435][888]LogModuleManager: Shutting down and abandoning module SourceControl (245)
[2018.02.24-07.51.40:435][888]LogModuleManager: Shutting down and abandoning module LightPropagationVolumeEditor (242)
[2018.02.24-07.51.40:435][888]LogModuleManager: Shutting down and abandoning module PaperTiledImporter (240)
[2018.02.24-07.51.40:435][888]LogModuleManager: Shutting down and abandoning module PaperSpriteSheetImporter (238)
[2018.02.24-07.51.40:435][888]LogModuleManager: Shutting down and abandoning module Paper2DEditor (236)
[2018.02.24-07.51.40:435][888]LogModuleManager: Shutting down and abandoning module MeshPaint (235)
[2018.02.24-07.51.40:435][888]LogModuleManager: Shutting down and abandoning module LevelEditor (233)
[2018.02.24-07.51.40:439][888]LogModuleManager: Shutting down and abandoning module PixelInspectorModule (232)
[2018.02.24-07.51.40:440][888]LogModuleManager: Shutting down and abandoning module MainFrame (230)
[2018.02.24-07.51.40:441][888]LogModuleManager: Shutting down and abandoning module HotReload (229)
[2018.02.24-07.51.40:443][888]LogModuleManager: Shutting down and abandoning module ContentBrowser (225)
[2018.02.24-07.51.40:446][888]LogModuleManager: Shutting down and abandoning module PhysXVehiclesEditor (222)
[2018.02.24-07.51.40:446][888]LogModuleManager: Shutting down and abandoning module PhysXVehicles (220)
[2018.02.24-07.51.40:446][888]LogModuleManager: Shutting down and abandoning module LocationServicesBPLibrary (218)
[2018.02.24-07.51.40:446][888]LogModuleManager: Shutting down and abandoning module UdpMessaging (216)
[2018.02.24-07.51.40:547][888]LogModuleManager: Shutting down and abandoning module TcpMessaging (214)
[2018.02.24-07.51.40:648][888]LogModuleManager: Shutting down and abandoning module GameplayTagsEditor (212)
[2018.02.24-07.51.40:648][888]LogModuleManager: Shutting down and abandoning module FacialAnimationEditor (210)
[2018.02.24-07.51.40:648][888]LogModuleManager: Shutting down and abandoning module FacialAnimation (208)
[2018.02.24-07.51.40:648][888]LogModuleManager: Shutting down and abandoning module LightPropagationVolumeRuntime (206)
[2018.02.24-07.51.40:648][888]LogModuleManager: Shutting down and abandoning module Paper2D (204)
[2018.02.24-07.51.40:648][888]LogModuleManager: Shutting down and abandoning module WindowsMoviePlayer (202)
[2018.02.24-07.51.40:648][888]LogModuleManager: Shutting down and abandoning module WmfMedia (200)
[2018.02.24-07.51.40:654][888]LogModuleManager: Shutting down and abandoning module MfMedia (198)
[2018.02.24-07.51.40:654][888]LogModuleManager: Shutting down and abandoning module MediaAssets (196)
[2018.02.24-07.51.40:654][888]LogModuleManager: Shutting down and abandoning module GameLiveStreaming (194)
[2018.02.24-07.51.40:655][888]LogModuleManager: Shutting down and abandoning module VREditor (192)
[2018.02.24-07.51.40:655][888]LogModuleManager: Shutting down and abandoning module GameplayTasksEditor (190)
[2018.02.24-07.51.40:655][888]LogModuleManager: Shutting down and abandoning module BehaviorTreeEditor (188)
[2018.02.24-07.51.40:655][888]LogModuleManager: Shutting down and abandoning module FunctionalTesting (186)
[2018.02.24-07.51.40:655][888]LogModuleManager: Shutting down and abandoning module CollisionAnalyzer (184)
[2018.02.24-07.51.40:655][888]LogModuleManager: Shutting down and abandoning module UMG (182)
[2018.02.24-07.51.40:655][888]LogModuleManager: Shutting down and abandoning module UMGEditor (181)
[2018.02.24-07.51.40:655][888]LogModuleManager: Shutting down and abandoning module Sequencer (180)
[2018.02.24-07.51.40:655][888]LogModuleManager: Shutting down and abandoning module AssetTools (178)
[2018.02.24-07.51.40:656][888]LogModuleManager: Shutting down and abandoning module MessageLog (177)
[2018.02.24-07.51.40:656][888]LogModuleManager: Shutting down and abandoning module WorkspaceMenuStructure (176)
[2018.02.24-07.51.40:656][888]LogModuleManager: Shutting down and abandoning module SlateReflector (170)
[2018.02.24-07.51.40:656][888]LogModuleManager: Shutting down and abandoning module Slate (168)
[2018.02.24-07.51.40:656][888]LogModuleManager: Shutting down and abandoning module EditorStyle (166)
[2018.02.24-07.51.40:670][888]LogModuleManager: Shutting down and abandoning module SourceCodeAccess (164)
[2018.02.24-07.51.40:670][888]LogModuleManager: Shutting down and abandoning module HeadMountedDisplay (162)
[2018.02.24-07.51.40:670][888]LogModuleManager: Shutting down and abandoning module XAudio2 (160)
[2018.02.24-07.51.40:670][888]LogModuleManager: Shutting down and abandoning module Networking (158)
[2018.02.24-07.51.40:670][888]LogModuleManager: Shutting down and abandoning module Core (154)
[2018.02.24-07.51.40:670][888]LogModuleManager: Shutting down and abandoning module AssetRegistry (152)
[2018.02.24-07.51.40:985][888]LogDirectoryWatcher: A directory notification for '../../../Engine/Content/' was aborted.
[2018.02.24-07.51.40:986][888]LogDirectoryWatcher: A directory notification for '../../../../../../GitHub/Monster_Defender/Content/' was aborted.
[2018.02.24-07.51.40:986][888]LogDirectoryWatcher: A directory notification for '../../../Engine/Plugins/2D/Paper2D/Content/' was aborted.
[2018.02.24-07.51.40:986][888]LogModuleManager: Shutting down and abandoning module DirectoryWatcher (151)
[2018.02.24-07.51.40:988][888]LogModuleManager: Shutting down and abandoning module KismetCompiler (148)
[2018.02.24-07.51.40:988][888]LogModuleManager: Shutting down and abandoning module PhysXFormats (146)
[2018.02.24-07.51.40:988][888]LogModuleManager: Shutting down and abandoning module MeshUtilities (144)
[2018.02.24-07.51.40:988][888]LogModuleManager: Shutting down and abandoning module SimplygonSwarm (143)
[2018.02.24-07.51.40:989][888]LogModuleManager: Shutting down and abandoning module SimplygonMeshReduction (141)
[2018.02.24-07.51.40:989][888]LogModuleManager: Shutting down and abandoning module QuadricMeshReduction (139)
[2018.02.24-07.51.40:989][888]LogModuleManager: Shutting down and abandoning module PropertyEditor (137)
[2018.02.24-07.51.40:989][888]LogModuleManager: Shutting down and abandoning module DerivedDataCache (134)
[2018.02.24-07.51.41:072][888]LogDerivedDataCache: Shutdown
[2018.02.24-07.51.41:072][888]LogModuleManager: Shutting down and abandoning module TargetPlatform (132)
[2018.02.24-07.51.41:072][888]LogModuleManager: Shutting down and abandoning module VulkanShaderFormat (131)
[2018.02.24-07.51.41:073][888]LogModuleManager: Shutting down and abandoning module ShaderFormatOpenGL (129)
[2018.02.24-07.51.41:073][888]LogModuleManager: Shutting down and abandoning module ShaderFormatD3D (127)
[2018.02.24-07.51.41:073][888]LogModuleManager: Shutting down and abandoning module MetalShaderFormat (125)
[2018.02.24-07.51.41:073][888]LogModuleManager: Shutting down and abandoning module TextureFormatUncompressed (123)
[2018.02.24-07.51.41:073][888]LogModuleManager: Shutting down and abandoning module TextureFormatPVR (121)
[2018.02.24-07.51.41:073][888]LogModuleManager: Shutting down and abandoning module TextureFormatDXT (119)
[2018.02.24-07.51.41:073][888]LogModuleManager: Shutting down and abandoning module TextureFormatIntelISPCTexComp (117)
[2018.02.24-07.51.41:074][888]LogModuleManager: Shutting down and abandoning module TextureFormatASTC (115)
[2018.02.24-07.51.41:074][888]LogModuleManager: Shutting down and abandoning module ImageWrapper (114)
[2018.02.24-07.51.41:074][888]LogModuleManager: Shutting down and abandoning module TextureFormatAndroid (111)
[2018.02.24-07.51.41:074][888]LogModuleManager: Shutting down and abandoning module AudioFormatOpus (109)
[2018.02.24-07.51.41:074][888]LogModuleManager: Shutting down and abandoning module AudioFormatOgg (107)
[2018.02.24-07.51.41:074][888]LogModuleManager: Shutting down and abandoning module AudioFormatADPCM (105)
[2018.02.24-07.51.41:074][888]LogModuleManager: Shutting down and abandoning module LinuxTargetPlatform (103)
[2018.02.24-07.51.41:074][888]LogModuleManager: Shutting down and abandoning module LinuxServerTargetPlatform (101)
[2018.02.24-07.51.41:074][888]LogModuleManager: Shutting down and abandoning module LinuxNoEditorTargetPlatform (99)
[2018.02.24-07.51.41:074][888]LogModuleManager: Shutting down and abandoning module LinuxClientTargetPlatform (97)
[2018.02.24-07.51.41:074][888]LogModuleManager: Shutting down and abandoning module TVOSTargetPlatform (95)
[2018.02.24-07.51.41:074][888]LogModuleManager: Shutting down and abandoning module Messaging (93)
[2018.02.24-07.51.41:074][888]LogModuleManager: Shutting down and abandoning module IOSTargetPlatform (91)
[2018.02.24-07.51.41:074][888]LogModuleManager: Shutting down and abandoning module HTML5TargetPlatform (89)
[2018.02.24-07.51.41:075][888]LogModuleManager: Shutting down and abandoning module Android_PVRTCTargetPlatform (87)
[2018.02.24-07.51.41:075][888]LogModuleManager: Shutting down and abandoning module Android_MultiTargetPlatform (85)
[2018.02.24-07.51.41:075][888]LogModuleManager: Shutting down and abandoning module Android_ETC2TargetPlatform (83)
[2018.02.24-07.51.41:075][888]LogModuleManager: Shutting down and abandoning module Android_ETC1TargetPlatform (81)
[2018.02.24-07.51.41:075][888]LogModuleManager: Shutting down and abandoning module Android_DXTTargetPlatform (79)
[2018.02.24-07.51.41:075][888]LogModuleManager: Shutting down and abandoning module Android_ATCTargetPlatform (77)
[2018.02.24-07.51.41:075][888]LogModuleManager: Shutting down and abandoning module Android_ASTCTargetPlatform (75)
[2018.02.24-07.51.41:075][888]LogModuleManager: Shutting down and abandoning module AndroidTargetPlatform (73)
[2018.02.24-07.51.41:075][888]LogModuleManager: Shutting down and abandoning module WindowsTargetPlatform (71)
[2018.02.24-07.51.41:075][888]LogModuleManager: Shutting down and abandoning module WindowsServerTargetPlatform (69)
[2018.02.24-07.51.41:075][888]LogModuleManager: Shutting down and abandoning module WindowsNoEditorTargetPlatform (67)
[2018.02.24-07.51.41:075][888]LogModuleManager: Shutting down and abandoning module WindowsClientTargetPlatform (65)
[2018.02.24-07.51.41:075][888]LogModuleManager: Shutting down and abandoning module MacTargetPlatform (63)
[2018.02.24-07.51.41:075][888]LogModuleManager: Shutting down and abandoning module MacServerTargetPlatform (61)
[2018.02.24-07.51.41:075][888]LogModuleManager: Shutting down and abandoning module MacNoEditorTargetPlatform (59)
[2018.02.24-07.51.41:075][888]LogModuleManager: Shutting down and abandoning module MacClientTargetPlatform (57)
[2018.02.24-07.51.41:075][888]LogModuleManager: Shutting down and abandoning module AllDesktopTargetPlatform (55)
[2018.02.24-07.51.41:075][888]LogModuleManager: Shutting down and abandoning module InputCore (52)
[2018.02.24-07.51.41:075][888]LogModuleManager: Shutting down and abandoning module Settings (50)
[2018.02.24-07.51.41:075][888]LogModuleManager: Shutting down and abandoning module OculusRift (48)
[2018.02.24-07.51.41:075][888]LogModuleManager: Shutting down and abandoning module GearVR (46)
[2018.02.24-07.51.41:075][888]LogModuleManager: Shutting down and abandoning module ExampleDeviceProfileSelector (44)
[2018.02.24-07.51.41:075][888]LogModuleManager: Shutting down and abandoning module OnlineBlueprintSupport (42)
[2018.02.24-07.51.41:075][888]LogModuleManager: Shutting down and abandoning module OnlineSubsystem (38)
[2018.02.24-07.51.41:076][888]LogOnline:Display: Unloading online subsystem: NULL
[2018.02.24-07.51.41:076][888]LogModuleManager: Shutting down and abandoning module XMPP (37)
[2018.02.24-07.51.41:076][888]LogModuleManager: Shutting down and abandoning module HTTP (35)
[2018.02.24-07.51.41:076][888]LogHttp:Display: Http module shutting down, but needs to wait on 1 outstanding Http requests:
[2018.02.24-07.51.41:076][888]LogHttp:Display: 	verb=[POST] url=[https://datarouter.ol.epicgames.com/datarouter/api/v1/public/data?SessionID=%7BCC4179C4-4CF8-251C-2070-DFB9106DB0F0%7D&AppID=UEEditor.Rocket.Release&AppVersion=4.15.3-3450819%2B%2B%2BUE4%2BRelease-4.15&UserID=19d314144e9325aa98db96b6e805bbd2%7Cf9e95bf66ac74478a1331c03e233ffea%7C1eff1ea6-9cfd-4d69-9256-a59d342b0802&AppEnvironment=datacollector-binary&UploadType=eteventstream] status=Processing
[2018.02.24-07.51.41:087][888]LogModuleManager: Shutting down and abandoning module SSL (34)
[2018.02.24-07.51.41:092][888]LogModuleManager: Shutting down and abandoning module AudioEditor (30)
[2018.02.24-07.51.41:093][888]LogModuleManager: Shutting down and abandoning module TextureCompressor (28)
[2018.02.24-07.51.41:093][888]LogModuleManager: Shutting down and abandoning module ShaderCore (26)
[2018.02.24-07.51.41:093][888]LogModuleManager: Shutting down and abandoning module Landscape (24)
[2018.02.24-07.51.41:093][888]LogModuleManager: Shutting down and abandoning module SlateRHIRenderer (22)
[2018.02.24-07.51.41:096][888]LogModuleManager: Shutting down and abandoning module OpenGLDrv (20)
[2018.02.24-07.51.41:097][888]LogModuleManager: Shutting down and abandoning module D3D11RHI (18)
[2018.02.24-07.51.41:097][888]LogModuleManager: Shutting down and abandoning module AnimGraphRuntime (16)
[2018.02.24-07.51.41:097][888]LogModuleManager: Shutting down and abandoning module Renderer (14)
[2018.02.24-07.51.41:097][888]LogModuleManager: Shutting down and abandoning module Engine (12)
[2018.02.24-07.51.41:097][888]LogModuleManager: Shutting down and abandoning module CoreUObject (10)
[2018.02.24-07.51.41:097][888]LogModuleManager: Shutting down and abandoning module NetworkFile (8)
[2018.02.24-07.51.41:097][888]LogModuleManager: Shutting down and abandoning module StreamingFile (6)
[2018.02.24-07.51.41:097][888]LogModuleManager: Shutting down and abandoning module SandboxFile (4)
[2018.02.24-07.51.41:097][888]LogModuleManager: Shutting down and abandoning module PakFile (2)
[2018.02.24-07.51.41:101][888]LogExit: Exiting.
[2018.02.24-07.51.41:106][888]Log file closed, 02/24/18 01:51:41
