Log file open, 01/31/18 19:40:21
LogInit:Display: Running engine for game: MonsterDefender
LogPlatformFile: Not using cached read wrapper
LogInit:Display: RandInit(1640370783) SRandInit(1640370783).
LogTaskGraph: Started task graph with 5 named threads and 8 total threads with 1 sets of task threads.
LogStats: Stats thread started at 0.098501
LogInit: Using libcurl 7.47.1
LogInit:  - built for x86_64-pc-win32
LogInit:  - supports SSL with OpenSSL/1.0.2g
LogInit:  - supports HTTP deflate (compression) using libz 1.2.8
LogInit:  - other features:
LogInit:      CURL_VERSION_SSL
LogInit:      CURL_VERSION_LIBZ
LogInit:      CURL_VERSION_IPV6
LogInit:      CURL_VERSION_ASYNCHDNS
LogInit:      CURL_VERSION_LARGEFILE
LogInit:      CURL_VERSION_IDN
LogInit:  CurlRequestOptions (configurable via config and command line):
LogInit:  - bVerifyPeer = false  - Libcurl will NOT verify peer certificate
LogInit:  - bUseHttpProxy = false  - Libcurl will NOT use HTTP proxy
LogInit:  - bDontReuseConnections = false  - Libcurl will reuse connections
LogInit:  - CertBundlePath = nullptr  - Libcurl will use whatever was configured at build time.
LogInit: Build: ++UE4+Release-4.15-CL-3450819
LogInit: Engine Version: 4.15.3-3450819+++UE4+Release-4.15
LogInit: Compatible Engine Version: 4.15.0-3299760+++UE4+Release-4.15
LogInit: Net CL: 3299760
LogDevObjectVersion: Number of dev versions registered: 14
LogDevObjectVersion:   Dev-Blueprints (B0D832E4-1F89-4F0D-ACCF-7EB736FD4AA2): 8
LogDevObjectVersion:   Dev-Build (E1C64328-A22C-4D53-A36C-8E866417BD8C): 0
LogDevObjectVersion:   Dev-Core (375EC13C-06E4-48FB-B500-84F0262A717E): 2
LogDevObjectVersion:   Dev-Editor (E4B068ED-F494-42E9-A231-DA0B2E46BB41): 14
LogDevObjectVersion:   Dev-Framework (CFFC743F-43B0-4480-9391-14DF171D2073): 22
LogDevObjectVersion:   Dev-Mobile (B02B49B5-BB20-44E9-A304-32B752E40360): 0
LogDevObjectVersion:   Dev-Networking (A4E4105C-59A1-49B5-A7C5-40C4547EDFEE): 0
LogDevObjectVersion:   Dev-Online (39C831C9-5AE6-47DC-9A44-9C173E1C8E7C): 0
LogDevObjectVersion:   Dev-Physics (78F01B33-EBEA-4F98-B9B4-84EACCB95AA2): 0
LogDevObjectVersion:   Dev-Platform (6631380F-2D4D-43E0-8009-CF276956A95A): 0
LogDevObjectVersion:   Dev-Rendering (12F88B9F-8875-4AFC-A67C-D90C383ABD29): 12
LogDevObjectVersion:   Dev-Sequencer (7B5AE74C-D270-4C10-A958-57980B212A5A): 3
LogDevObjectVersion:   Dev-VR (D7296918-1DD6-4BDD-9DE2-64A83CC13884): 0
LogDevObjectVersion:   Dev-LoadTimes (C2A15278-BFE7-4AFE-6C17-90FF531DF755): 1
LogInit: Compiled (64-bit): May 21 2017 11:02:34
LogInit: Compiled with Visual C++: 19.00.23026.00
LogInit: Build Configuration: Development
LogInit: Branch Name: ++UE4+Release-4.15
LogInit: Command line: -EpicPortal 
LogInit: Base directory: C:/Program Files/Epic Games/UE_4.15/Engine/Binaries/Win64/
LogInit: Installed Engine Build: 1
LogInit: Presizing for max 8388607 objects, including 0 objects not considered by GC, pre-allocating 0 bytes for permanent pool.
LogInit: Object subsystem initialized
[2018.02.01-01.40.23:327][  0]LogInit: Selected Device Profile: [Windows]
[2018.02.01-01.40.23:327][  0]LogInit: Applying CVar settings loaded from the selected device profile: [Windows]
[2018.02.01-01.40.23:344][  0]LogInit: Computer: DESKTOP-JRNUIIQ
[2018.02.01-01.40.23:344][  0]LogInit: User: Sandy
[2018.02.01-01.40.23:344][  0]LogInit: CPU Page size=65536, Cores=4
[2018.02.01-01.40.23:344][  0]LogInit: High frequency timer resolution =2.531252 MHz
[2018.02.01-01.40.23:345][  0]LogMemory: Memory total: Physical=15.9GB (16GB approx)
[2018.02.01-01.40.23:345][  0]LogMemory: Platform Memory Stats for Windows
[2018.02.01-01.40.23:345][  0]LogMemory: Process Physical Memory: 263.94 MB used, 263.94 MB peak
[2018.02.01-01.40.23:345][  0]LogMemory: Process Virtual Memory: 262.64 MB used, 262.64 MB peak
[2018.02.01-01.40.23:345][  0]LogMemory: Physical Memory: 8985.30 MB used,  7260.97 MB free, 16246.27 MB total
[2018.02.01-01.40.23:345][  0]LogMemory: Virtual Memory: 678.56 MB used,  7260.97 MB free, 134217728.00 MB total
[2018.02.01-01.40.23:495][  0]LogTextLocalizationManager: No specific translations for ('en-US') exist, so ('en') translations will be used.
[2018.02.01-01.40.24:329][  0]LogD3D11RHI: D3D11 adapters:
[2018.02.01-01.40.24:382][  0]LogD3D11RHI:    0. 'NVIDIA GeForce GTX 960M' (Feature Level 11_0)
[2018.02.01-01.40.24:382][  0]LogD3D11RHI:       4065/0/8123 MB DedicatedVideo/DedicatedSystem/SharedSystem, Outputs:1, VendorId:0x10de
[2018.02.01-01.40.24:393][  0]LogD3D11RHI:    1. 'Intel(R) HD Graphics 530' (Feature Level 11_0)
[2018.02.01-01.40.24:393][  0]LogD3D11RHI:       128/0/8123 MB DedicatedVideo/DedicatedSystem/SharedSystem, Outputs:0, VendorId:0x8086
[2018.02.01-01.40.24:396][  0]LogD3D11RHI:    2. 'Microsoft Basic Render Driver' (Feature Level 11_0)
[2018.02.01-01.40.24:396][  0]LogD3D11RHI:       0/0/8123 MB DedicatedVideo/DedicatedSystem/SharedSystem, Outputs:0, VendorId:0x1414
[2018.02.01-01.40.24:396][  0]LogD3D11RHI: Chosen D3D11 Adapter: 0
[2018.02.01-01.40.24:410][  0]LogD3D11RHI: Creating new Direct3DDevice
[2018.02.01-01.40.24:410][  0]LogD3D11RHI:     GPU DeviceId: 0x139b (for the marketing name, search the web for "GPU Device Id")
[2018.02.01-01.40.24:410][  0]LogWindows: EnumDisplayDevices:
[2018.02.01-01.40.24:410][  0]LogWindows:    0. 'Intel(R) HD Graphics 530' (P:1 D:1)
[2018.02.01-01.40.24:411][  0]LogWindows:    1. 'Intel(R) HD Graphics 530' (P:0 D:0)
[2018.02.01-01.40.24:411][  0]LogWindows:    2. 'Intel(R) HD Graphics 530' (P:0 D:0)
[2018.02.01-01.40.24:411][  0]LogWindows: DebugString: GetVideoDriverDetailsInvalid PrimaryIsNotTheChoosenAdapter GetVideoDriverDetailsInvalid PrimaryIsNotTheChoosenAdapter GetVideoDriverDetailsInvalid PrimaryIsNotTheChoosenAdapter FoundDriverCount:0 
[2018.02.01-01.40.24:411][  0]LogD3D11RHI:     Adapter Name: NVIDIA GeForce GTX 960M
[2018.02.01-01.40.24:411][  0]LogD3D11RHI:   Driver Version: Unknown (internal:Unknown, unified:Unknown)
[2018.02.01-01.40.24:411][  0]LogD3D11RHI:      Driver Date: Unknown
[2018.02.01-01.40.24:411][  0]LogRHI: Texture pool is 1361 MB (70% of 1945 MB)
[2018.02.01-01.40.24:439][  0]LogD3D11RHI: Async texture creation enabled
[2018.02.01-01.40.24:499][  0]LogD3D11RHI: GPU Timing Frequency: 1000.000000 (Debug: 2 1)
[2018.02.01-01.40.24:500][  0]LogShaderCompilers: Guid format shader working directory is -17 characters bigger than the processId version (../../../../../../Users/Sandy/Documents/GitHub/MonsterDefender/Intermediate/Shaders/WorkingDirectory/61496/).
[2018.02.01-01.40.24:500][  0]LogShaderCompilers: Cleaned the shader compiler working directory 'C:/Users/Sandy/AppData/Local/Temp/UnrealShaderWorkingDir/3D454F9842692A8EAB293A8D8C156227/'.
[2018.02.01-01.40.24:500][  0]LogShaderCompilers:Display: Using Local Shader Compiler.
[2018.02.01-01.40.25:951][  0]LogTemp:Display: Loaded TP AllDesktopTargetPlatform
[2018.02.01-01.40.26:048][  0]LogTemp:Display: Loaded TP MacClientTargetPlatform
[2018.02.01-01.40.26:139][  0]LogTemp:Display: Loaded TP MacNoEditorTargetPlatform
[2018.02.01-01.40.26:230][  0]LogTemp:Display: Loaded TP MacServerTargetPlatform
[2018.02.01-01.40.26:321][  0]LogTemp:Display: Loaded TP MacTargetPlatform
[2018.02.01-01.40.26:424][  0]LogTemp:Display: Loaded TP WindowsClientTargetPlatform
[2018.02.01-01.40.26:525][  0]LogTemp:Display: Loaded TP WindowsNoEditorTargetPlatform
[2018.02.01-01.40.26:618][  0]LogTemp:Display: Loaded TP WindowsServerTargetPlatform
[2018.02.01-01.40.26:713][  0]LogTemp:Display: Loaded TP WindowsTargetPlatform
[2018.02.01-01.40.26:805][  0]LogTemp:Display: Loaded TP AndroidTargetPlatform
[2018.02.01-01.40.26:904][  0]LogTemp:Display: Loaded TP Android_ASTCTargetPlatform
[2018.02.01-01.40.27:012][  0]LogTemp:Display: Loaded TP Android_ATCTargetPlatform
[2018.02.01-01.40.27:109][  0]LogTemp:Display: Loaded TP Android_DXTTargetPlatform
[2018.02.01-01.40.27:198][  0]LogTemp:Display: Loaded TP Android_ETC1TargetPlatform
[2018.02.01-01.40.27:289][  0]LogTemp:Display: Loaded TP Android_ETC2TargetPlatform
[2018.02.01-01.40.27:467][  0]LogTemp:Display: Loaded TP Android_MultiTargetPlatform
[2018.02.01-01.40.27:467][  0]LogTemp:Display: Loaded TP Android_PVRTCTargetPlatform
[2018.02.01-01.40.27:536][  0]LogTemp:Display: Loaded TP HTML5TargetPlatform
[2018.02.01-01.40.27:699][  0]LogTemp:Display: Loaded TP IOSTargetPlatform
[2018.02.01-01.40.27:811][  0]LogTemp:Display: Loaded TP TVOSTargetPlatform
[2018.02.01-01.40.27:915][  0]LogTemp:Display: Loaded TP LinuxClientTargetPlatform
[2018.02.01-01.40.28:019][  0]LogTemp:Display: Loaded TP LinuxNoEditorTargetPlatform
[2018.02.01-01.40.28:111][  0]LogTemp:Display: Loaded TP LinuxServerTargetPlatform
[2018.02.01-01.40.28:203][  0]LogTemp:Display: Loaded TP LinuxTargetPlatform
[2018.02.01-01.40.28:203][  0]LogTargetPlatformManager:Display: Building Assets For Windows
[2018.02.01-01.40.29:065][  0]LogDerivedDataCache:Display: Max Cache Size: 512 MB
[2018.02.01-01.40.29:125][  0]LogDerivedDataCache: Loaded boot cache 0.06s 50MB C:/Users/Sandy/AppData/Local/UnrealEngine/4.15/DerivedDataCache/Boot.ddc.
[2018.02.01-01.40.29:126][  0]LogDerivedDataCache:Display: Loaded Boot cache: C:/Users/Sandy/AppData/Local/UnrealEngine/4.15/DerivedDataCache/Boot.ddc
[2018.02.01-01.40.29:126][  0]LogDerivedDataCache: FDerivedDataBackendGraph:  Pak pak cache file ../../../../../../Users/Sandy/Documents/GitHub/MonsterDefender/DerivedDataCache/DDC.ddp not found, will not use a pak cache.
[2018.02.01-01.40.29:126][  0]LogDerivedDataCache: Unable to find inner node Pak for hierarchical cache Hierarchy.
[2018.02.01-01.40.29:126][  0]LogDerivedDataCache: FDerivedDataBackendGraph:  CompressedPak pak cache file ../../../../../../Users/Sandy/Documents/GitHub/MonsterDefender/DerivedDataCache/Compressed.ddp not found, will not use a pak cache.
[2018.02.01-01.40.29:126][  0]LogDerivedDataCache: Unable to find inner node CompressedPak for hierarchical cache Hierarchy.
[2018.02.01-01.40.29:144][  0]LogDerivedDataCache:Display: Pak cache opened for reading ../../../Engine/DerivedDataCache/Compressed.ddp.
[2018.02.01-01.40.29:157][  0]LogDerivedDataCache: Using Local data cache path C:/Users/Sandy/AppData/Local/UnrealEngine/Common/DerivedDataCache: Writable
[2018.02.01-01.40.29:168][  0]LogSlate: Using Freetype 2.6.0
[2018.02.01-01.40.29:169][  0]LogSlate: SlateFontCache - WITH_FREETYPE: 1, WITH_HARFBUZZ: 1
[2018.02.01-01.40.29:169][  0]LogSlate: SlateFontCache - WITH_FREETYPE: 1, WITH_HARFBUZZ: 1
[2018.02.01-01.40.29:546][  0]LogInit: Selected Device Profile: [Windows]
[2018.02.01-01.40.29:549][  0]LogContentStreaming: Texture pool size is 0.00 MB
[2018.02.01-01.40.29:887][  0]LogMeshUtilities: Using QuadricMeshReduction for automatic static mesh reduction
[2018.02.01-01.40.29:982][  0]LogSimplygon: Simplygon DLL not present - disabling.
[2018.02.01-01.40.30:077][  0]LogMeshUtilities: Using SimplygonSwarm for distributed automatic mesh merging
[2018.02.01-01.40.30:077][  0]LogMeshUtilities: No automatic skeletal mesh reduction module available
[2018.02.01-01.40.30:077][  0]LogMeshUtilities: No automatic mesh merging module available
[2018.02.01-01.40.30:962][  0]LogNetVersion: GetLocalNetworkVersion: CL: 3299760, ProjectName: monsterdefender, ProjectVersion: , EngineNetworkVersion: 2, GameNetworkVersion: 0, NetworkChecksum: 3025549386
[2018.02.01-01.40.31:029][  0]LogAssetRegistry: FAssetRegistry took 0.0218 seconds to start up
[2018.02.01-01.40.31:122][  0]LogPackageLocalizationCache: Processed 3 localized package path(s) for 2 prioritized culture(s) in 0.041023 seconds
[2018.02.01-01.40.31:129][  0]LogUObjectArray: 32493 objects as part of root set at end of initial load.
[2018.02.01-01.40.31:129][  0]LogUObjectAllocator: 7077024 out of 0 bytes used by permanent object pool.
[2018.02.01-01.40.31:129][  0]LogUObjectArray: CloseDisregardForGC: 0/0 objects in disregard for GC pool
[2018.02.01-01.40.31:292][  0]LogInit: WinSock: version 1.1 (2.2), MaxSocks=32767, MaxUdp=65467
[2018.02.01-01.40.34:581][  0]LogTcpMessaging: Initializing TcpMessaging bridge
[2018.02.01-01.40.34:664][  0]LogUdpMessaging: Initializing bridge on interface 0.0.0.0:0 to multicast group 230.0.0.1:6666.
[2018.02.01-01.40.35:485][  0]LogMaterial: Uniform references updated for custom material expression Custom.
[2018.02.01-01.40.36:242][  0]SourceControl: Info Source control is disabled
[2018.02.01-01.40.36:243][  0]SourceControl: Info Source control is disabled
[2018.02.01-01.40.36:341][  0]SourceControl: Info Source control is disabled
[2018.02.01-01.40.36:441][  0]SourceControl: Info Source control is disabled
[2018.02.01-01.40.39:035][  0]LogEngine: Initializing Engine...
[2018.02.01-01.40.39:036][  0]LogHMD: Failed to initialize OpenVR with code 110
[2018.02.01-01.40.39:185][  0]LogStats: UGameplayTagsManager::ConstructGameplayTagTree: Construct from data asset -  0.000 s
[2018.02.01-01.40.39:185][  0]LogStats: UGameplayTagsManager::ConstructGameplayTagTree: GameplayTagTreeChangedEvent.Broadcast -  0.000 s
[2018.02.01-01.40.39:519][  0]LogAIModule: Creating AISystem for world Untitled
[2018.02.01-01.40.39:545][  0]LogInit: XAudio2 using 'Altavoces (Dispositivo de High Definition Audio)' : 2 channels at 44.1 kHz using 16 bits per sample (channel mask 0x3)
[2018.02.01-01.40.39:564][  0]LogInit: FAudioDevice initialized.
[2018.02.01-01.40.39:612][  0]LogDerivedDataCache: Saved boot cache 0.05s 50MB C:/Users/Sandy/AppData/Local/UnrealEngine/4.15/DerivedDataCache/Boot.ddc.
[2018.02.01-01.40.39:629][  0]LogInit: Texture streaming: Enabled
[2018.02.01-01.40.39:878][  0]LogEngineSessionManager: EngineSessionManager initialized
[2018.02.01-01.40.40:093][  0]LogInit: Transaction tracking system initialized
[2018.02.01-01.40.40:928][  0]BlueprintLog: New page: Editor Load
[2018.02.01-01.40.42:987][  0]LocalizationService: Info Localization service is disabled
[2018.02.01-01.40.44:764][  0]LogConsoleResponse:Display: 
[2018.02.01-01.40.44:976][  0]LogCook:Display: Max memory allowance for cook 16384mb min free memory 0mb
[2018.02.01-01.40.44:976][  0]LogCook:Display: Mobile HDR setting 1
[2018.02.01-01.40.45:586][  0]LogFileCache: Scanning file cache for directory 'C:/Users/Sandy/Documents/GitHub/MonsterDefender/Content/' took 0.01s
[2018.02.01-01.40.47:117][  0]SourceControl: Info Source control is disabled
[2018.02.01-01.40.47:117][  0]Cmd: MAP LOAD FILE="../../../../../../Users/Sandy/Documents/GitHub/MonsterDefender/Content/FirstPersonBP/Maps/FirstPersonExampleMap.umap" TEMPLATE=0 SHOWPROGRESS=1 FEATURELEVEL=3
[2018.02.01-01.40.47:118][  0]LightingResults: New page: Lighting Build
[2018.02.01-01.40.47:201][  0]MapCheck: New page: Map Check
[2018.02.01-01.40.47:201][  0]LightingResults: New page: Lighting Build
[2018.02.01-01.40.47:803][  0]LogAIModule: Creating AISystem for world FirstPersonExampleMap
[2018.02.01-01.40.47:844][  0]LogEditorServer: Finished looking for orphan Actors (0.000 secs)
[2018.02.01-01.40.47:845][  0]Cmd: MAP CHECKDEP NOCLEARLOG
[2018.02.01-01.40.47:923][  0]MapCheck: Info Map check complete: 0 Error(s), 0 Warning(s), took 78.121ms to complete.
[2018.02.01-01.40.47:924][  0]LogFileHelpers: Loading map 'FirstPersonExampleMap' took 0.806
[2018.02.01-01.40.48:145][  0]LogCollectionManager: Loaded 0 collections in 0.002124 seconds
[2018.02.01-01.40.48:265][  0]LogFileCache: Scanning file cache for directory 'C:/Users/Sandy/Documents/GitHub/MonsterDefender/Saved/Collections/' took 0.01s
[2018.02.01-01.40.48:265][  0]LogFileCache: Scanning file cache for directory 'C:/Users/Sandy/Documents/GitHub/MonsterDefender/Content/Developers/Sandy/Collections/' took 0.01s
[2018.02.01-01.40.48:265][  0]LogFileCache: Scanning file cache for directory 'C:/Users/Sandy/Documents/GitHub/MonsterDefender/Content/Collections/' took 0.01s
[2018.02.01-01.40.48:265][  0]LogCollectionManager: Rebuilt the GUID cache for 0 collections in 0.000002 seconds
[2018.02.01-01.40.48:275][  0]LogContentBrowser: Native class hierarchy populated in 0.0101 seconds. Added 2245 classes and 453 folders.
[2018.02.01-01.40.48:409][  0]LogContentBrowser: Native class hierarchy updated for 'WidgetCarousel' in 0.0006 seconds. Added 0 classes and 0 folders.
[2018.02.01-01.40.48:474][  0]LogContentBrowser: Native class hierarchy updated for 'AddContentDialog' in 0.0006 seconds. Added 0 classes and 0 folders.
[2018.02.01-01.40.48:561][  0]LogContentBrowser: Native class hierarchy updated for 'SceneOutliner' in 0.0005 seconds. Added 1 classes and 2 folders.
[2018.02.01-01.40.48:637][  0]LogCrashTracker: Crashtracker disabled due to settings.
[2018.02.01-01.40.48:806][  0]LogContentBrowser: Native class hierarchy updated for 'HierarchicalLODOutliner' in 0.0007 seconds. Added 1 classes and 2 folders.
[2018.02.01-01.40.48:807][  0]LogLoad: (Engine Initialization) Total time: 29.09 seconds
[2018.02.01-01.40.48:807][  0]LogLoad: (Engine Initialization) Total Blueprint compile time: 0.31 seconds
[2018.02.01-01.40.48:807][  0]LogExternalProfiler: Found external profiler: VSPerf
[2018.02.01-01.40.48:807][  0]LogExternalProfiler: Using external profiler: VSPerf
[2018.02.01-01.40.49:147][  0]LogOcInput: OculusInput pre-init called
[2018.02.01-01.40.49:170][  0]LogContentStreaming: Texture pool size now 400 MB
[2018.02.01-01.40.49:171][  0]LogSlate: Took 0.000358 seconds to synchronously load lazily loaded font '../../../Engine/Content/Slate/Fonts/Roboto-Regular.ttf' (155K)
[2018.02.01-01.40.49:176][  0]LogSlate: Took 0.000239 seconds to synchronously load lazily loaded font '../../../Engine/Content/Slate/Fonts/Roboto-Bold.ttf' (160K)
[2018.02.01-01.40.49:181][  0]LogSlate: Took 0.000344 seconds to synchronously load lazily loaded font '../../../Engine/Content/Editor/Slate/Fonts/FontAwesome.ttf' (139K)
[2018.02.01-01.40.49:347][  0]LogSlate: Took 0.000386 seconds to synchronously load lazily loaded font '../../../Engine/Content/Slate/Fonts/Roboto-Light.ttf' (159K)
[2018.02.01-01.40.49:412][  0]LogRenderer: Reallocating scene render targets to support 1208x576 NumSamples 1 (Frame:2).
[2018.02.01-01.40.49:580][  1]LogAssetRegistry: Asset discovery search completed in 18.5733 seconds
[2018.02.01-01.40.49:581][  1]LogCollectionManager: Rebuilt the object cache for 0 collections in 0.000028 seconds (found 0 objects)
[2018.02.01-01.40.49:581][  1]LogCollectionManager: Fixed up redirectors for 0 collections in 0.000045 seconds (updated 0 objects)
[2018.02.01-01.51.50:761][549]LogHttp:Warning: 000001390837B880: request failed, libcurl error: 6 (Couldn't resolve host name)
[2018.02.01-01.51.50:761][549]LogHttp:Warning: 000001390837B880: libcurl info message cache 0 (Found bundle for host datarouter.ol.epicgames.com: 0x13976f93f28 [can pipeline])
[2018.02.01-01.51.50:761][549]LogHttp:Warning: 000001390837B880: libcurl info message cache 1 (Re-using existing connection! (#3) with host datarouter.ol.epicgames.com)
[2018.02.01-01.51.50:761][549]LogHttp:Warning: 000001390837B880: libcurl info message cache 2 (Connected to datarouter.ol.epicgames.com (52.206.89.77) port 443 (#3))
[2018.02.01-01.51.50:761][549]LogHttp:Warning: 000001390837B880: libcurl info message cache 3 (upload completely sent off: 181 out of 181 bytes)
[2018.02.01-01.51.50:761][549]LogHttp:Warning: 000001390837B880: libcurl info message cache 4 (TLSv1.2 (IN), TLS alert, Client hello (1):)
[2018.02.01-01.51.50:761][549]LogHttp:Warning: 000001390837B880: libcurl info message cache 5 (Connection died, retrying a fresh connect)
[2018.02.01-01.51.50:761][549]LogHttp:Warning: 000001390837B880: libcurl info message cache 6 (Closing connection 3)
[2018.02.01-01.51.50:761][549]LogHttp:Warning: 000001390837B880: libcurl info message cache 7 (TLSv1.2 (OUT), TLS alert, Client hello (1):)
[2018.02.01-01.51.50:761][549]LogHttp:Warning: 000001390837B880: libcurl info message cache 8 (Issue another request to this URL: 'https://datarouter.ol.epicgames.com/datarouter/api/v1/public/data?SessionID=%7BD56D38B3-4733-9DC2-02FC-FB890423A81E%7D&AppID=UEEditor.Rocket.Release&AppVersion=4.15.3-3450819%2B%2B%2BUE4%2BRelease-4.15&UserID=bd01c2764859e190c0b543b55f0a48c4%7Cf73ecd8aed6a4ea5af2e36f326cb0c7b%7C265883d6-8513-4238-8d41-b20cf6dd29f5&AppEnvironment=datacollector-binary&UploadType=eteventstream')
[2018.02.01-01.51.50:761][549]LogHttp:Warning: 000001390837B880: libcurl info message cache 9 (Could not resolve host: datarouter.ol.epicgames.com)
[2018.02.01-01.51.50:761][549]LogHttp:Warning: 000001390837B880: libcurl info message cache 10 (Closing connection 4)
[2018.02.01-02.06.57:738][ 52]LogSlate: Took 0.000164 seconds to synchronously load lazily loaded font '../../../Engine/Content/Slate/Fonts/Roboto-Light.ttf' (159K)
[2018.02.01-02.06.57:931][ 52]LogTexture:Display: Building textures: HDRI_Epic_Courtyard_Daylight (RGBA16F, 1024X512) - 109 MB total VRAM
[2018.02.01-02.07.06:568][ 52]LogTexture:Display: Building textures: T_MeterGrid_01_M (BGRA8, 2048X2048) - 125 MB total VRAM
[2018.02.01-02.07.07:300][ 52]LogMaterial: Missing cached shader map for material M_CycRoom_01, compiling. 
[2018.02.01-02.07.07:310][ 52]LogTemp:Display: Added material ShaderMap 0x00000139054F3580 with Material 0x0000013905601C00 to ShaderMapsBeingCompiled
[2018.02.01-02.07.07:369][ 52]LogTemp:Display: Kicking off shader compilation for M_CycRoom_01, GameThreadShaderMap 0x00000139054F3580
[2018.02.01-02.07.07:369][ 52]LogStaticMesh: Building static mesh SM_CycRoom_01...
[2018.02.01-02.07.07:422][ 52]LogStaticMesh: Built static mesh [0.05s] /Game/InfinityBladeWarriors/Maps/LevelContent/Architecture/SM_CycRoom_01.SM_CycRoom_01
[2018.02.01-02.07.07:446][ 52]LogMaterial: Missing cached shader map for material M_1Meter_01, compiling. 
[2018.02.01-02.07.07:448][ 52]LogTemp:Display: Added material ShaderMap 0x000001390573D980 with Material 0x0000013905608E80 to ShaderMapsBeingCompiled
[2018.02.01-02.07.07:486][ 52]LogTemp:Display: Kicking off shader compilation for M_1Meter_01, GameThreadShaderMap 0x000001390573D980
[2018.02.01-02.07.07:487][ 52]LogStaticMesh: Building static mesh SM_1Meter_01...
[2018.02.01-02.07.07:546][ 52]LogStaticMesh: Built static mesh [0.06s] /Game/InfinityBladeWarriors/Maps/LevelContent/Architecture/SM_1Meter_01.SM_1Meter_01
[2018.02.01-02.07.07:839][ 52]LogTexture:Display: Building textures: T_CharM_WarriorB_D (DXT1, 2048X2048) - 125 MB total VRAM
[2018.02.01-02.07.09:705][ 52]LogSlate: Took 0.000350 seconds to synchronously load lazily loaded font '../../../Engine/Content/Slate/Fonts/Roboto-Regular.ttf' (155K)
[2018.02.01-02.07.09:954][ 52]LogTexture:Display: Building textures: T_CharM_Warrior_N (BC5, 2048X2048) - 125 MB total VRAM
[2018.02.01-02.07.10:569][ 52]LogTexture:Display: Building textures: T_CharM_WarriorB_Mask (AutoDXT, 2048X2048) - 125 MB total VRAM
[2018.02.01-02.07.11:131][ 52]LogTexture:Display: Building textures: T_CharM_Warrior_JewelMask (AutoDXT, 2048X2048) - 125 MB total VRAM
[2018.02.01-02.07.11:571][ 52]LogMaterial: Missing cached shader map for material M_Char_Warrior_B, compiling. 
[2018.02.01-02.07.11:573][ 52]LogTemp:Display: Added material ShaderMap 0x00000139101FAE80 with Material 0x000001390560BE80 to ShaderMapsBeingCompiled
[2018.02.01-02.07.11:635][ 52]LogTemp:Display: Kicking off shader compilation for M_Char_Warrior_B, GameThreadShaderMap 0x00000139101FAE80
[2018.02.01-02.07.11:867][ 52]LogTexture:Display: Building textures: T_CharM_Standard_D (DXT1, 2048X2048) - 125 MB total VRAM
[2018.02.01-02.07.13:823][ 52]LogTexture:Display: Building textures: T_CharM_Standard_N (BC5, 2048X2048) - 125 MB total VRAM
[2018.02.01-02.07.14:393][ 52]LogTexture:Display: Building textures: T_CharM_Standard_Mask (DXT1, 2048X2048) - 125 MB total VRAM
[2018.02.01-02.07.14:825][ 52]LogMaterial: Missing cached shader map for material M_Char_Standard, compiling. 
[2018.02.01-02.07.14:826][ 52]LogTemp:Display: Added material ShaderMap 0x000001391826D280 with Material 0x000001390561EC80 to ShaderMapsBeingCompiled
[2018.02.01-02.07.14:888][ 52]LogTemp:Display: Kicking off shader compilation for M_Char_Standard, GameThreadShaderMap 0x000001391826D280
[2018.02.01-02.07.15:095][ 52]LogTexture:Display: Building textures: T_CharM_solid_N (BC5, 2048X2048) - 125 MB total VRAM
[2018.02.01-02.07.15:656][ 52]LogTexture:Display: Building textures: T_CharM_solid_Mask (AutoDXT, 2048X2048) - 125 MB total VRAM
[2018.02.01-02.07.16:309][ 52]LogTexture:Display: Building textures: T_CharM_solid_D (DXT1, 2048X2048) - 125 MB total VRAM
[2018.02.01-02.07.17:863][ 52]LogMaterial: Missing cached shader map for material M_Char_Solid, compiling. 
[2018.02.01-02.07.17:865][ 52]LogTemp:Display: Added material ShaderMap 0x000001391C5D7C80 with Material 0x0000013905636980 to ShaderMapsBeingCompiled
[2018.02.01-02.07.17:929][ 52]LogTemp:Display: Kicking off shader compilation for M_Char_Solid, GameThreadShaderMap 0x000001391C5D7C80
[2018.02.01-02.07.18:159][ 52]LogTexture:Display: Building textures: T_CharM_Shell_N (BC5, 2048X2048) - 127 MB total VRAM
[2018.02.01-02.07.18:741][ 52]LogTexture:Display: Building textures: T_CharM_Shell_Mask (DXT1, 2048X2048) - 127 MB total VRAM
[2018.02.01-02.07.19:425][ 52]LogTexture:Display: Building textures: T_CharM_Shell_D (DXT1, 2048X2048) - 127 MB total VRAM
[2018.02.01-02.07.21:124][ 52]LogMaterial: Missing cached shader map for material M_Char_Shell, compiling. 
[2018.02.01-02.07.21:125][ 52]LogTemp:Display: Added material ShaderMap 0x0000013909886080 with Material 0x000001390565A980 to ShaderMapsBeingCompiled
[2018.02.01-02.07.21:178][ 52]LogTemp:Display: Kicking off shader compilation for M_Char_Shell, GameThreadShaderMap 0x0000013909886080
[2018.02.01-02.07.21:416][ 52]LogTexture:Display: Building textures: T_CharM_Robo_N (BC5, 2048X2048) - 127 MB total VRAM
[2018.02.01-02.07.21:988][ 52]LogTexture:Display: Building textures: T_CharM_Robo_Mask (AutoDXT, 2048X2048) - 127 MB total VRAM
[2018.02.01-02.07.22:648][ 52]LogTexture:Display: Building textures: T_CharM_Robo_D (AutoDXT, 2048X2048) - 127 MB total VRAM
[2018.02.01-02.07.24:689][ 52]LogTexture:Display: Building textures: T_CharM_Base_D (DXT1, 1024X1024) - 133 MB total VRAM
[2018.02.01-02.07.25:135][ 52]LogTexture:Display: Building textures: T_CharM_Base_N (BC5, 1024X1024) - 133 MB total VRAM
[2018.02.01-02.07.25:272][ 52]LogTexture:Display: Building textures: T_CharM_Base_M (AutoDXT, 1024X1024) - 133 MB total VRAM
[2018.02.01-02.07.25:395][ 52]LogMaterial: Missing cached shader map for material M_CharM_Base, compiling. 
[2018.02.01-02.07.25:397][ 52]LogTemp:Display: Added material ShaderMap 0x00000139135B4100 with Material 0x00000139093D4E80 to ShaderMapsBeingCompiled
[2018.02.01-02.07.25:449][ 52]LogTemp:Display: Kicking off shader compilation for M_CharM_Base, GameThreadShaderMap 0x00000139135B4100
[2018.02.01-02.07.25:664][ 52]LogTexture:Display: Building textures: T_CharM_Barbarous_N (BC5, 2048X2048) - 133 MB total VRAM
[2018.02.01-02.07.26:277][ 52]LogTexture:Display: Building textures: T_CharM_Barbarous_MetalMask (DXT1, 2048X2048) - 138 MB total VRAM
[2018.02.01-02.07.26:926][ 52]LogTexture:Display: Building textures: T_CharM_Barbarous_D (DXT1, 2048X2048) - 138 MB total VRAM
[2018.02.01-02.07.29:047][ 52]LogMaterial: Missing cached shader map for material M_Char_Barbrous, compiling. 
[2018.02.01-02.07.29:049][ 52]LogTemp:Display: Added material ShaderMap 0x000001391D996B00 with Material 0x0000013908BBD000 to ShaderMapsBeingCompiled
[2018.02.01-02.07.29:116][ 52]LogTemp:Display: Kicking off shader compilation for M_Char_Barbrous, GameThreadShaderMap 0x000001391D996B00
[2018.02.01-02.07.29:128][ 52]LogTexture:Display: Building textures: HQ_Lightmap0_1 (AutoDXT, 128X128) - 138 MB total VRAM
[2018.02.01-02.07.29:173][ 52]LogTexture:Display: Building textures: HQ_Lightmap0_2 (AutoDXT, 1024X1024) - 138 MB total VRAM
[2018.02.01-02.07.29:362][ 52]LogTexture:Display: Building textures: LQ_Lightmap_0_1 (DXT1, 128X128) - 138 MB total VRAM
[2018.02.01-02.07.29:395][ 52]LogTexture:Display: Building textures: LQ_Lightmap_0_2 (DXT1, 1024X1024) - 138 MB total VRAM
[2018.02.01-02.07.29:465][ 52]LogTexture:Display: Building textures: ShadowMapTexture2D_0 (G8, 128X64) - 138 MB total VRAM
[2018.02.01-02.07.29:468][ 52]LogTexture:Display: Building textures: ShadowMapTexture2D_1 (G8, 1024X512) - 138 MB total VRAM
[2018.02.01-02.07.29:708][ 52]LogTexture:Display: Building textures: T_CharM_Bladed_D (DXT1, 2048X2048) - 138 MB total VRAM
[2018.02.01-02.07.31:403][ 52]LogTexture:Display: Building textures: T_CharM_Bladed_MetalMask1 (AutoDXT, 2048X2048) - 141 MB total VRAM
[2018.02.01-02.07.32:119][ 52]LogTexture:Display: Building textures: T_CharM_Bladed_N (BC5, 2048X2048) - 141 MB total VRAM
[2018.02.01-02.07.32:635][ 52]LogMaterial: Missing cached shader map for material M_CharM_Bladed, compiling. 
[2018.02.01-02.07.32:637][ 52]LogTemp:Display: Added material ShaderMap 0x000001391AF81280 with Material 0x00000139093CA680 to ShaderMapsBeingCompiled
[2018.02.01-02.07.32:714][ 52]LogTemp:Display: Kicking off shader compilation for M_CharM_Bladed, GameThreadShaderMap 0x000001391AF81280
[2018.02.01-02.07.32:719][ 52]LogMaterial: Missing cached shader map for material M_Char_Robo, compiling. 
[2018.02.01-02.07.32:721][ 52]LogTemp:Display: Added material ShaderMap 0x000001392386FC80 with Material 0x0000013909758A00 to ShaderMapsBeingCompiled
[2018.02.01-02.07.32:770][ 52]LogTemp:Display: Kicking off shader compilation for M_Char_Robo, GameThreadShaderMap 0x000001392386FC80
[2018.02.01-02.07.33:005][ 52]LogTexture:Display: Building textures: T_CharM_Ram_N (BC5, 2048X2048) - 146 MB total VRAM
[2018.02.01-02.07.33:600][ 52]LogTexture:Display: Building textures: T_CharM_Ram_B_Mask (AutoDXT, 2048X2048) - 146 MB total VRAM
[2018.02.01-02.07.34:324][ 52]LogTexture:Display: Building textures: T_CharM_Ram_B_D (DXT1, 2048X2048) - 146 MB total VRAM
[2018.02.01-02.07.36:953][ 52]LogMaterial: Missing cached shader map for material M_Char_Ram, compiling. 
[2018.02.01-02.07.36:962][ 52]LogTemp:Display: Added material ShaderMap 0x00000139230D2400 with Material 0x0000013909769F00 to ShaderMapsBeingCompiled
[2018.02.01-02.07.37:034][ 52]LogTemp:Display: Kicking off shader compilation for M_Char_Ram, GameThreadShaderMap 0x00000139230D2400
[2018.02.01-02.07.37:301][ 52]LogTexture:Display: Building textures: T_CharM_Ragged_Elite (DXT1, 2048X2048) - 146 MB total VRAM
[2018.02.01-02.07.39:979][ 52]LogTexture:Display: Building textures: T_CharM_Ragged_Elite_Mask (AutoDXT, 2048X2048) - 146 MB total VRAM
[2018.02.01-02.07.40:675][ 52]LogTexture:Display: Building textures: T_CharM_Ragged_N (BC5, 2048X2048) - 146 MB total VRAM
[2018.02.01-02.07.41:205][ 52]LogMaterial: Missing cached shader map for material M_Char_RaggedElite, compiling. 
[2018.02.01-02.07.41:206][ 52]LogTemp:Display: Added material ShaderMap 0x0000013924E20B80 with Material 0x0000013909772C80 to ShaderMapsBeingCompiled
[2018.02.01-02.07.41:293][ 52]LogTemp:Display: Kicking off shader compilation for M_Char_RaggedElite, GameThreadShaderMap 0x0000013924E20B80
[2018.02.01-02.07.41:539][ 52]LogTexture:Display: Building textures: T_CharM_Ragged_D (DXT1, 2048X2048) - 151 MB total VRAM
[2018.02.01-02.07.43:105][ 52]LogMaterial: Missing cached shader map for material M_Char_Ragged, compiling. 
[2018.02.01-02.07.43:107][ 52]LogTemp:Display: Added material ShaderMap 0x0000013924512E80 with Material 0x000001390978A080 to ShaderMapsBeingCompiled
[2018.02.01-02.07.43:160][ 52]LogTemp:Display: Kicking off shader compilation for M_Char_Ragged, GameThreadShaderMap 0x0000013924512E80
[2018.02.01-02.07.43:219][ 52]LogTexture:Display: Building textures: T_CharM_Tusk_N (BC5, 1024X1024) - 154 MB total VRAM
[2018.02.01-02.07.43:352][ 52]LogTexture:Display: Building textures: T_CharM_Tusk_E (DXT1, 1024X1024) - 155 MB total VRAM
[2018.02.01-02.07.43:537][ 52]LogTexture:Display: Building textures: T_CharM_Tusk_Mask (AutoDXT, 2048X2048) - 155 MB total VRAM
[2018.02.01-02.07.44:288][ 52]LogTexture:Display: Building textures: T_CharM_Talon_D (DXT1, 2048X2048) - 155 MB total VRAM
[2018.02.01-02.07.46:705][ 52]LogMaterial: Missing cached shader map for material M_Char_Talon, compiling. 
[2018.02.01-02.07.46:707][ 52]LogTemp:Display: Added material ShaderMap 0x000001392A879280 with Material 0x000001397A2D1180 to ShaderMapsBeingCompiled
[2018.02.01-02.07.46:784][ 52]LogTemp:Display: Kicking off shader compilation for M_Char_Talon, GameThreadShaderMap 0x000001392A879280
[2018.02.01-02.07.47:084][ 52]LogTexture:Display: Building textures: T_CharM_Horn_D (DXT1, 2048X2048) - 155 MB total VRAM
[2018.02.01-02.07.49:766][ 52]LogTexture:Display: Building textures: CharM_Forge_N (BC5, 2048X2048) - 155 MB total VRAM
[2018.02.01-02.07.50:331][ 52]LogTexture:Display: Building textures: CharM_Forge_MetalMask (AutoDXT, 2048X2048) - 161 MB total VRAM
[2018.02.01-02.07.51:056][ 52]LogTexture:Display: Building textures: CharM_Forge_D (DXT1, 2048X2048) - 161 MB total VRAM
[2018.02.01-02.07.52:793][ 52]LogMaterial: Missing cached shader map for material M_Char_Forge, compiling. 
[2018.02.01-02.07.52:794][ 52]LogTemp:Display: Added material ShaderMap 0x000001392153BC80 with Material 0x0000013949563E80 to ShaderMapsBeingCompiled
[2018.02.01-02.07.52:872][ 52]LogTemp:Display: Kicking off shader compilation for M_Char_Forge, GameThreadShaderMap 0x000001392153BC80
[2018.02.01-02.07.52:953][ 52]LogTexture:Display: Building textures: Char_M_Cardboard_Skin_Mask (AutoDXT, 2048X2048) - 163 MB total VRAM
[2018.02.01-02.07.53:665][ 52]LogTexture:Display: Building textures: Char_M_Cardboard_N (BC5, 2048X2048) - 163 MB total VRAM
[2018.02.01-02.07.54:452][ 52]LogTexture:Display: Building textures: Char_M_Cardboard_D (DXT1, 2048X2048) - 163 MB total VRAM
[2018.02.01-02.07.56:220][ 52]LogMaterial: Missing cached shader map for material M_Char_Cardboard, compiling. 
[2018.02.01-02.07.56:221][ 52]LogTemp:Display: Added material ShaderMap 0x0000013927DBA400 with Material 0x000001394957A980 to ShaderMapsBeingCompiled
[2018.02.01-02.07.56:282][ 52]LogTemp:Display: Kicking off shader compilation for M_Char_Cardboard, GameThreadShaderMap 0x0000013927DBA400
[2018.02.01-02.07.56:288][ 52]LogMaterial: Missing cached shader map for material M_Char_Horn, compiling. 
[2018.02.01-02.07.56:289][ 52]LogTemp:Display: Added material ShaderMap 0x0000013928678B80 with Material 0x00000139388B1D80 to ShaderMapsBeingCompiled
[2018.02.01-02.07.56:370][ 52]LogTemp:Display: Kicking off shader compilation for M_Char_Horn, GameThreadShaderMap 0x0000013928678B80
[2018.02.01-02.07.56:636][ 52]LogTexture:Display: Building textures: T_CharM_Standard_Elite_D (DXT1, 2048X2048) - 163 MB total VRAM
[2018.02.01-02.07.58:403][ 52]LogMaterial: Missing cached shader map for material M_Char_Standard_Elite, compiling. 
[2018.02.01-02.07.58:405][ 52]LogTemp:Display: Added material ShaderMap 0x000001392DAEF200 with Material 0x00000139388B6500 to ShaderMapsBeingCompiled
[2018.02.01-02.07.58:473][ 52]LogTemp:Display: Kicking off shader compilation for M_Char_Standard_Elite, GameThreadShaderMap 0x000001392DAEF200
[2018.02.01-02.07.58:725][ 52]LogTexture:Display: Building textures: T_CharM_Natural_N (AutoDXT, 2048X2048) - 166 MB total VRAM
[2018.02.01-02.08.00:473][ 52]LogTexture:Display: Building textures: T_CharM_Natural_Mask (AutoDXT, 2048X2048) - 169 MB total VRAM
[2018.02.01-02.08.01:191][ 52]LogTexture:Display: Building textures: T_CharM_Natural_D (DXT1, 2048X2048) - 169 MB total VRAM
[2018.02.01-02.08.02:774][ 52]LogMaterial: Missing cached shader map for material M_Char_Natural, compiling. 
[2018.02.01-02.08.02:776][ 52]LogTemp:Display: Added material ShaderMap 0x000001392E5D5D00 with Material 0x0000013976A5AF80 to ShaderMapsBeingCompiled
[2018.02.01-02.08.02:844][ 52]LogTemp:Display: Kicking off shader compilation for M_Char_Natural, GameThreadShaderMap 0x000001392E5D5D00
[2018.02.01-02.08.03:051][ 52]LogTexture:Display: Building textures: T_CharM_Golden_N (BC5, 2048X2048) - 171 MB total VRAM
[2018.02.01-02.08.03:658][ 52]LogTexture:Display: Building textures: T_CharM_Golden_Mask (AutoDXT, 2048X2048) - 171 MB total VRAM
[2018.02.01-02.08.04:386][ 52]LogTexture:Display: Building textures: T_CharM_Golden_D (DXT1, 2048X2048) - 171 MB total VRAM
[2018.02.01-02.08.05:938][ 52]LogMaterial: Missing cached shader map for material M_Char_Golden, compiling. 
[2018.02.01-02.08.05:940][ 52]LogTemp:Display: Added material ShaderMap 0x000001392EB28480 with Material 0x0000013976A72C80 to ShaderMapsBeingCompiled
[2018.02.01-02.08.06:012][ 52]LogTemp:Display: Kicking off shader compilation for M_Char_Golden, GameThreadShaderMap 0x000001392EB28480
[2018.02.01-02.08.06:237][ 52]LogTexture:Display: Building textures: T_Char_M_FrostGiant_N (BC5, 2048X2048) - 174 MB total VRAM
[2018.02.01-02.08.06:799][ 52]LogTexture:Display: Building textures: T_Char_M_FrostGiant_MaterialMask (AutoDXT, 2048X2048) - 174 MB total VRAM
[2018.02.01-02.08.07:305][ 52]LogTexture:Display: Building textures: T_Char_M_FrostGiant_Masks (AutoDXT, 2048X2048) - 174 MB total VRAM
[2018.02.01-02.08.07:999][ 52]LogTexture:Display: Building textures: T_Char_M_FrostGiant_D (DXT1, 2048X2048) - 174 MB total VRAM
[2018.02.01-02.08.10:491][ 52]LogMaterial: Missing cached shader map for material M_Char_FrostGiant, compiling. 
[2018.02.01-02.08.10:493][ 52]LogTemp:Display: Added material ShaderMap 0x0000013930D72B00 with Material 0x0000013949560400 to ShaderMapsBeingCompiled
[2018.02.01-02.08.10:568][ 52]LogTemp:Display: Kicking off shader compilation for M_Char_FrostGiant, GameThreadShaderMap 0x0000013930D72B00
[2018.02.01-02.08.10:871][ 52]LogTexture:Display: Building textures: T_CharM_Tusk_D (DXT1, 2048X2048) - 174 MB total VRAM
[2018.02.01-02.08.13:382][ 52]LogMaterial: Missing cached shader map for material M_Char_Tusk, compiling. 
[2018.02.01-02.08.13:383][ 52]LogTemp:Display: Added material ShaderMap 0x0000013931195280 with Material 0x000001397A344580 to ShaderMapsBeingCompiled
[2018.02.01-02.08.13:438][ 52]LogTemp:Display: Kicking off shader compilation for M_Char_Tusk, GameThreadShaderMap 0x0000013931195280
[2018.02.01-02.08.13:744][ 52]LogTexture:Display: Building textures: T_CharM_Warrior_D (DXT1, 2048X2048) - 174 MB total VRAM
[2018.02.01-02.08.15:927][ 52]LogMaterial: Missing cached shader map for material M_Char_Warrior, compiling. 
[2018.02.01-02.08.15:929][ 52]LogTemp:Display: Added material ShaderMap 0x0000013918B7FC80 with Material 0x000001397A3B6380 to ShaderMapsBeingCompiled
[2018.02.01-02.08.15:986][ 52]LogTemp:Display: Kicking off shader compilation for M_Char_Warrior, GameThreadShaderMap 0x0000013918B7FC80
[2018.02.01-02.08.16:000][ 52]LogMaterial: Missing cached shader map for material M_CycWall_01, compiling. 
[2018.02.01-02.08.16:004][ 52]LogTemp:Display: Added material ShaderMap 0x000001396C2F5D00 with Material 0x0000013908BCD600 to ShaderMapsBeingCompiled
[2018.02.01-02.08.16:060][ 52]LogTemp:Display: Kicking off shader compilation for M_CycWall_01, GameThreadShaderMap 0x000001396C2F5D00
[2018.02.01-02.08.16:062][ 52]LogAIModule: Creating AISystem for world Overview
[2018.02.01-02.08.16:066][ 52]LogActorComponent: RegisterComponentWithWorld: (/Game/InfinityBladeWarriors/Maps/Overview.Overview:PersistentLevel.WorldSettings_1.StaticMeshComponent0) Trying to register component with IsPendingKill() == true. Aborting.
[2018.02.01-02.08.16:115][ 52]Cmd: MAP LOAD FILE="../../../../../../Users/Sandy/Documents/GitHub/MonsterDefender/Content/InfinityBladeWarriors/Maps/Overview.umap" TEMPLATE=0 SHOWPROGRESS=1 FEATURELEVEL=3
[2018.02.01-02.08.16:116][ 52]LightingResults: New page: Lighting Build
[2018.02.01-02.08.16:118][ 52]LoadErrors: New page: Loading map: Overview.umap
[2018.02.01-02.08.16:121][ 52]MapCheck: New page: Map Check
[2018.02.01-02.08.16:121][ 52]LightingResults: New page: Lighting Build
[2018.02.01-02.08.16:161][ 52]LogTemp:Display: Finished compile of shader map 0x00000139054F3580
[2018.02.01-02.08.16:161][ 52]LogTemp:Display: Shader map M_CycRoom_01 complete, GameThreadShaderMap 0x00000139054F3580, marking material M_CycRoom_01 as finished
[2018.02.01-02.08.16:161][ 52]LogTemp:Display: Marking material as finished 0x0000013905601C00
[2018.02.01-02.08.16:176][ 52]LogTemp:Display: Finished compile of shader map 0x000001390573D980
[2018.02.01-02.08.16:176][ 52]LogTemp:Display: Shader map M_1Meter_01 complete, GameThreadShaderMap 0x000001390573D980, marking material M_1Meter_01 as finished
[2018.02.01-02.08.16:176][ 52]LogTemp:Display: Marking material as finished 0x0000013905608E80
[2018.02.01-02.08.16:192][ 52]LogTemp:Display: Finished compile of shader map 0x00000139101FAE80
[2018.02.01-02.08.16:192][ 52]LogTemp:Display: Shader map M_Char_Warrior_B complete, GameThreadShaderMap 0x00000139101FAE80, marking material M_Char_Warrior_B as finished
[2018.02.01-02.08.16:192][ 52]LogTemp:Display: Marking material as finished 0x000001390560BE80
[2018.02.01-02.08.16:209][ 52]LogTemp:Display: Finished compile of shader map 0x000001391826D280
[2018.02.01-02.08.16:209][ 52]LogTemp:Display: Shader map M_Char_Standard complete, GameThreadShaderMap 0x000001391826D280, marking material M_Char_Standard as finished
[2018.02.01-02.08.16:209][ 52]LogTemp:Display: Marking material as finished 0x000001390561EC80
[2018.02.01-02.08.16:226][ 52]LogTemp:Display: Finished compile of shader map 0x000001391C5D7C80
[2018.02.01-02.08.16:226][ 52]LogTemp:Display: Shader map M_Char_Solid complete, GameThreadShaderMap 0x000001391C5D7C80, marking material M_Char_Solid as finished
[2018.02.01-02.08.16:226][ 52]LogTemp:Display: Marking material as finished 0x0000013905636980
[2018.02.01-02.08.16:243][ 52]LogTemp:Display: Finished compile of shader map 0x0000013909886080
[2018.02.01-02.08.16:243][ 52]LogTemp:Display: Shader map M_Char_Shell complete, GameThreadShaderMap 0x0000013909886080, marking material M_Char_Shell as finished
[2018.02.01-02.08.16:243][ 52]LogTemp:Display: Marking material as finished 0x000001390565A980
[2018.02.01-02.08.16:261][ 52]LogTemp:Display: Finished compile of shader map 0x00000139135B4100
[2018.02.01-02.08.16:261][ 52]LogTemp:Display: Shader map M_CharM_Base complete, GameThreadShaderMap 0x00000139135B4100, marking material M_CharM_Base as finished
[2018.02.01-02.08.16:261][ 52]LogTemp:Display: Marking material as finished 0x00000139093D4E80
[2018.02.01-02.08.16:277][ 52]LogTemp:Display: Finished compile of shader map 0x000001391D996B00
[2018.02.01-02.08.16:277][ 52]LogTemp:Display: Shader map M_Char_Barbrous complete, GameThreadShaderMap 0x000001391D996B00, marking material M_Char_Barbrous as finished
[2018.02.01-02.08.16:277][ 52]LogTemp:Display: Marking material as finished 0x0000013908BBD000
[2018.02.01-02.08.16:294][ 52]LogTemp:Display: Finished compile of shader map 0x000001391AF81280
[2018.02.01-02.08.16:294][ 52]LogTemp:Display: Shader map M_CharM_Bladed complete, GameThreadShaderMap 0x000001391AF81280, marking material M_CharM_Bladed as finished
[2018.02.01-02.08.16:294][ 52]LogTemp:Display: Marking material as finished 0x00000139093CA680
[2018.02.01-02.08.16:314][ 52]LogTemp:Display: Finished compile of shader map 0x000001392386FC80
[2018.02.01-02.08.16:314][ 52]LogTemp:Display: Shader map M_Char_Robo complete, GameThreadShaderMap 0x000001392386FC80, marking material M_Char_Robo as finished
[2018.02.01-02.08.16:314][ 52]LogTemp:Display: Marking material as finished 0x0000013909758A00
[2018.02.01-02.08.16:333][ 52]LogTemp:Display: Finished compile of shader map 0x00000139230D2400
[2018.02.01-02.08.16:333][ 52]LogTemp:Display: Shader map M_Char_Ram complete, GameThreadShaderMap 0x00000139230D2400, marking material M_Char_Ram as finished
[2018.02.01-02.08.16:333][ 52]LogTemp:Display: Marking material as finished 0x0000013909769F00
[2018.02.01-02.08.16:362][ 52]LogEditorServer: Finished looking for orphan Actors (0.000 secs)
[2018.02.01-02.08.16:401][ 52]Cmd: MAP CHECKDEP NOCLEARLOG
[2018.02.01-02.08.16:544][ 52]MapCheck: Info Map check complete: 0 Error(s), 0 Warning(s), took 142.699ms to complete.
[2018.02.01-02.08.16:544][ 52]LogFileHelpers: Loading map 'Overview' took 0.432
[2018.02.01-02.08.18:750][137]LogTemp:Display: Finished compile of shader map 0x0000013924E20B80
[2018.02.01-02.08.18:750][137]LogTemp:Display: Shader map M_Char_RaggedElite complete, GameThreadShaderMap 0x0000013924E20B80, marking material M_Char_RaggedElite as finished
[2018.02.01-02.08.18:750][137]LogTemp:Display: Marking material as finished 0x0000013909772C80
[2018.02.01-02.08.23:730][306]LogTemp:Display: Finished compile of shader map 0x0000013924512E80
[2018.02.01-02.08.23:730][306]LogTemp:Display: Shader map M_Char_Ragged complete, GameThreadShaderMap 0x0000013924512E80, marking material M_Char_Ragged as finished
[2018.02.01-02.08.23:730][306]LogTemp:Display: Marking material as finished 0x000001390978A080
[2018.02.01-02.08.28:273][428]LogTemp:Display: Finished compile of shader map 0x000001392A879280
[2018.02.01-02.08.28:273][428]LogTemp:Display: Shader map M_Char_Talon complete, GameThreadShaderMap 0x000001392A879280, marking material M_Char_Talon as finished
[2018.02.01-02.08.28:273][428]LogTemp:Display: Marking material as finished 0x000001397A2D1180
[2018.02.01-02.08.32:607][554]LogTemp:Display: Finished compile of shader map 0x000001392153BC80
[2018.02.01-02.08.32:607][554]LogTemp:Display: Shader map M_Char_Forge complete, GameThreadShaderMap 0x000001392153BC80, marking material M_Char_Forge as finished
[2018.02.01-02.08.32:607][554]LogTemp:Display: Marking material as finished 0x0000013949563E80
[2018.02.01-02.08.37:051][657]LogTemp:Display: Finished compile of shader map 0x0000013927DBA400
[2018.02.01-02.08.37:051][657]LogTemp:Display: Shader map M_Char_Cardboard complete, GameThreadShaderMap 0x0000013927DBA400, marking material M_Char_Cardboard as finished
[2018.02.01-02.08.37:051][657]LogTemp:Display: Marking material as finished 0x000001394957A980
[2018.02.01-02.08.41:537][743]LogTemp:Display: Finished compile of shader map 0x0000013928678B80
[2018.02.01-02.08.41:537][743]LogTemp:Display: Shader map M_Char_Horn complete, GameThreadShaderMap 0x0000013928678B80, marking material M_Char_Horn as finished
[2018.02.01-02.08.41:537][743]LogTemp:Display: Marking material as finished 0x00000139388B1D80
[2018.02.01-02.08.46:592][842]LogTemp:Display: Finished compile of shader map 0x000001392DAEF200
[2018.02.01-02.08.46:592][842]LogTemp:Display: Shader map M_Char_Standard_Elite complete, GameThreadShaderMap 0x000001392DAEF200, marking material M_Char_Standard_Elite as finished
[2018.02.01-02.08.46:592][842]LogTemp:Display: Marking material as finished 0x00000139388B6500
[2018.02.01-02.08.50:670][922]LogTemp:Display: Finished compile of shader map 0x000001392E5D5D00
[2018.02.01-02.08.50:670][922]LogTemp:Display: Shader map M_Char_Natural complete, GameThreadShaderMap 0x000001392E5D5D00, marking material M_Char_Natural as finished
[2018.02.01-02.08.50:670][922]LogTemp:Display: Marking material as finished 0x0000013976A5AF80
[2018.02.01-02.08.54:831][  6]LogTemp:Display: Finished compile of shader map 0x000001392EB28480
[2018.02.01-02.08.54:831][  6]LogTemp:Display: Shader map M_Char_Golden complete, GameThreadShaderMap 0x000001392EB28480, marking material M_Char_Golden as finished
[2018.02.01-02.08.54:831][  6]LogTemp:Display: Marking material as finished 0x0000013976A72C80
[2018.02.01-02.08.59:569][100]LogTemp:Display: Finished compile of shader map 0x0000013930D72B00
[2018.02.01-02.08.59:570][100]LogTemp:Display: Shader map M_Char_FrostGiant complete, GameThreadShaderMap 0x0000013930D72B00, marking material M_Char_FrostGiant as finished
[2018.02.01-02.08.59:570][100]LogTemp:Display: Marking material as finished 0x0000013949560400
[2018.02.01-02.09.03:621][180]LogTemp:Display: Finished compile of shader map 0x0000013931195280
[2018.02.01-02.09.03:621][180]LogTemp:Display: Shader map M_Char_Tusk complete, GameThreadShaderMap 0x0000013931195280, marking material M_Char_Tusk as finished
[2018.02.01-02.09.03:621][180]LogTemp:Display: Marking material as finished 0x000001397A344580
[2018.02.01-02.09.08:649][277]LogTemp:Display: Finished compile of shader map 0x0000013918B7FC80
[2018.02.01-02.09.08:649][277]LogTemp:Display: Shader map M_Char_Warrior complete, GameThreadShaderMap 0x0000013918B7FC80, marking material M_Char_Warrior as finished
[2018.02.01-02.09.08:650][277]LogTemp:Display: Marking material as finished 0x000001397A3B6380
[2018.02.01-02.09.10:710][323]LogTemp:Display: Finished compile of shader map 0x000001396C2F5D00
[2018.02.01-02.09.10:710][323]LogTemp:Display: Shader map M_CycWall_01 complete, GameThreadShaderMap 0x000001396C2F5D00, marking material M_CycWall_01 as finished
[2018.02.01-02.09.10:710][323]LogTemp:Display: Marking material as finished 0x0000013908BCD600
[2018.02.01-02.11.57:397][767]LogAIModule: Creating AISystem for world FirstPersonExampleMap
[2018.02.01-02.11.57:434][767]Cmd: MAP LOAD FILE="../../../../../../Users/Sandy/Documents/GitHub/MonsterDefender/Content/FirstPersonBP/Maps/FirstPersonExampleMap.umap" TEMPLATE=0 SHOWPROGRESS=1 FEATURELEVEL=3
[2018.02.01-02.11.57:434][767]LightingResults: New page: Lighting Build
[2018.02.01-02.11.57:436][767]LoadErrors: New page: Loading map: FirstPersonExampleMap.umap
[2018.02.01-02.11.57:438][767]MapCheck: New page: Map Check
[2018.02.01-02.11.57:438][767]LightingResults: New page: Lighting Build
[2018.02.01-02.11.57:474][767]LogEditorServer: Finished looking for orphan Actors (0.000 secs)
[2018.02.01-02.11.57:535][767]Cmd: MAP CHECKDEP NOCLEARLOG
[2018.02.01-02.11.57:663][767]MapCheck: Info Map check complete: 0 Error(s), 0 Warning(s), took 128.403ms to complete.
[2018.02.01-02.11.57:664][767]LogFileHelpers: Loading map 'FirstPersonExampleMap' took 0.231
[2018.02.01-02.15.40:122][107]LogSavePackage: Save=27.02ms
[2018.02.01-02.15.40:122][107]LogSavePackage: Moving '../../../../../../Users/Sandy/Documents/GitHub/MonsterDefender/Saved/Main_Menu9E5682A44843883569D4998BC0088619.tmp' to '../../../../../../Users/Sandy/Documents/GitHub/MonsterDefender/Content/FirstPersonBP/Maps/Main_Menu.umap'
[2018.02.01-02.15.40:135][107]LogSavePackage:Display: Finished SavePackage ../../../../../../Users/Sandy/Documents/GitHub/MonsterDefender/Content/FirstPersonBP/Maps/Main_Menu.umap
[2018.02.01-02.15.40:136][107]LogFileHelpers: Saving map 'Main_Menu' took 0.190
[2018.02.01-02.15.40:140][107]Cmd: MAP LOAD FILE="../../../../../../Users/Sandy/Documents/GitHub/MonsterDefender/Content/FirstPersonBP/Maps/Main_Menu.umap" TEMPLATE=0 SHOWPROGRESS=1 FEATURELEVEL=3
[2018.02.01-02.15.40:141][107]LightingResults: New page: Lighting Build
[2018.02.01-02.15.40:142][107]LoadErrors: New page: Loading map: Main_Menu.umap
[2018.02.01-02.15.40:144][107]MapCheck: New page: Map Check
[2018.02.01-02.15.40:144][107]LightingResults: New page: Lighting Build
[2018.02.01-02.15.40:168][107]LogEditorServer: Finished looking for orphan Actors (0.000 secs)
[2018.02.01-02.15.40:169][107]LogAIModule: Creating AISystem for world Main_Menu
[2018.02.01-02.15.40:209][107]Cmd: MAP CHECKDEP NOCLEARLOG
[2018.02.01-02.15.40:307][107]MapCheck: Info Map check complete: 0 Error(s), 0 Warning(s), took 98.301ms to complete.
[2018.02.01-02.15.40:309][107]LogFileHelpers: Loading map 'Main_Menu' took 0.171
[2018.02.01-02.22.44:224][639]LogContentBrowser: Native class hierarchy updated for 'BlueprintGraph' in 0.0023 seconds. Added 112 classes and 0 folders.
[2018.02.01-02.22.45:554][639]LogSlate: Took 0.000159 seconds to synchronously load lazily loaded font '../../../Engine/Content/Slate/Fonts/Roboto-Light.ttf' (159K)
[2018.02.01-02.22.45:561][639]LogSlate: Took 0.006217 seconds to synchronously load lazily loaded font '../../../Engine/Content/Editor/Slate/Fonts/Roboto-BoldCondensed.ttf' (158K)
[2018.02.01-02.24.51:428][145]Cmd: OBJ SAVEPACKAGE PACKAGE="/Game/FirstPersonBP/Maps/Menu" FILE="../../../../../../Users/Sandy/Documents/GitHub/MonsterDefender/Content/FirstPersonBP/Maps/Menu.uasset" SILENT=true
[2018.02.01-02.24.51:454][145]LogSavePackage: Save=19.98ms
[2018.02.01-02.24.51:454][145]LogSavePackage: Moving '../../../../../../Users/Sandy/Documents/GitHub/MonsterDefender/Saved/Menu8BED95564B844575F433FF8C9B7EB32C.tmp' to '../../../../../../Users/Sandy/Documents/GitHub/MonsterDefender/Content/FirstPersonBP/Maps/Menu.uasset'
[2018.02.01-02.24.51:464][145]LogSavePackage:Display: Finished SavePackage ../../../../../../Users/Sandy/Documents/GitHub/MonsterDefender/Content/FirstPersonBP/Maps/Menu.uasset
[2018.02.01-02.24.52:340][168]BlueprintLog: New page: Compile Menu
