Log file open, 02/26/18 16:17:33
LogInit:Display: Running engine for game: MonsterDefender
LogPlatformFile: Not using cached read wrapper
LogInit:Display: RandInit(-1665550860) SRandInit(-1665550860).
LogTaskGraph: Started task graph with 5 named threads and 8 total threads with 1 sets of task threads.
LogStats: Stats thread started at 0.080028
LogInit: Using libcurl 7.47.1
LogInit:  - built for x86_64-pc-win32
LogInit:  - supports SSL with OpenSSL/1.0.2g
LogInit:  - supports HTTP deflate (compression) using libz 1.2.8
LogInit:  - other features:
LogInit:      CURL_VERSION_SSL
LogInit:      CURL_VERSION_LIBZ
LogInit:      CURL_VERSION_IPV6
LogInit:      CURL_VERSION_ASYNCHDNS
LogInit:      CURL_VERSION_LARGEFILE
LogInit:      CURL_VERSION_IDN
LogInit:  CurlRequestOptions (configurable via config and command line):
LogInit:  - bVerifyPeer = false  - Libcurl will NOT verify peer certificate
LogInit:  - bUseHttpProxy = false  - Libcurl will NOT use HTTP proxy
LogInit:  - bDontReuseConnections = false  - Libcurl will reuse connections
LogInit:  - CertBundlePath = nullptr  - Libcurl will use whatever was configured at build time.
LogInit: Build: ++UE4+Release-4.15-CL-3450819
LogInit: Engine Version: 4.15.3-3450819+++UE4+Release-4.15
LogInit: Compatible Engine Version: 4.15.0-3299760+++UE4+Release-4.15
LogInit: Net CL: 3299760
LogDevObjectVersion: Number of dev versions registered: 14
LogDevObjectVersion:   Dev-Blueprints (B0D832E4-1F89-4F0D-ACCF-7EB736FD4AA2): 8
LogDevObjectVersion:   Dev-Build (E1C64328-A22C-4D53-A36C-8E866417BD8C): 0
LogDevObjectVersion:   Dev-Core (375EC13C-06E4-48FB-B500-84F0262A717E): 2
LogDevObjectVersion:   Dev-Editor (E4B068ED-F494-42E9-A231-DA0B2E46BB41): 14
LogDevObjectVersion:   Dev-Framework (CFFC743F-43B0-4480-9391-14DF171D2073): 22
LogDevObjectVersion:   Dev-Mobile (B02B49B5-BB20-44E9-A304-32B752E40360): 0
LogDevObjectVersion:   Dev-Networking (A4E4105C-59A1-49B5-A7C5-40C4547EDFEE): 0
LogDevObjectVersion:   Dev-Online (39C831C9-5AE6-47DC-9A44-9C173E1C8E7C): 0
LogDevObjectVersion:   Dev-Physics (78F01B33-EBEA-4F98-B9B4-84EACCB95AA2): 0
LogDevObjectVersion:   Dev-Platform (6631380F-2D4D-43E0-8009-CF276956A95A): 0
LogDevObjectVersion:   Dev-Rendering (12F88B9F-8875-4AFC-A67C-D90C383ABD29): 12
LogDevObjectVersion:   Dev-Sequencer (7B5AE74C-D270-4C10-A958-57980B212A5A): 3
LogDevObjectVersion:   Dev-VR (D7296918-1DD6-4BDD-9DE2-64A83CC13884): 0
LogDevObjectVersion:   Dev-LoadTimes (C2A15278-BFE7-4AFE-6C17-90FF531DF755): 1
LogInit: Compiled (64-bit): May 21 2017 11:02:34
LogInit: Compiled with Visual C++: 19.00.23026.00
LogInit: Build Configuration: Development
LogInit: Branch Name: ++UE4+Release-4.15
LogInit: Command line:  
LogInit: Base directory: C:/Program Files/Epic Games/UE_4.15/Engine/Binaries/Win64/
LogInit: Installed Engine Build: 1
LogInit: Presizing for max 8388607 objects, including 0 objects not considered by GC, pre-allocating 0 bytes for permanent pool.
LogInit: Object subsystem initialized
[2018.02.26-22.17.35:751][  0]LogInit: Selected Device Profile: [Windows]
[2018.02.26-22.17.35:751][  0]LogInit: Applying CVar settings loaded from the selected device profile: [Windows]
[2018.02.26-22.17.35:813][  0]LogInit: Computer: YAIRCASTELLANOS
[2018.02.26-22.17.35:813][  0]LogInit: User: YairCastellanos
[2018.02.26-22.17.35:813][  0]LogInit: CPU Page size=65536, Cores=4
[2018.02.26-22.17.35:813][  0]LogInit: High frequency timer resolution =2.338342 MHz
[2018.02.26-22.17.35:814][  0]LogMemory: Memory total: Physical=7.7GB (8GB approx)
[2018.02.26-22.17.35:814][  0]LogMemory: Platform Memory Stats for Windows
[2018.02.26-22.17.35:814][  0]LogMemory: Process Physical Memory: 261.52 MB used, 261.52 MB peak
[2018.02.26-22.17.35:814][  0]LogMemory: Process Virtual Memory: 262.92 MB used, 262.92 MB peak
[2018.02.26-22.17.35:814][  0]LogMemory: Physical Memory: 4044.00 MB used,  3868.27 MB free, 7912.27 MB total
[2018.02.26-22.17.35:814][  0]LogMemory: Virtual Memory: 629.08 MB used,  3868.27 MB free, 134217728.00 MB total
[2018.02.26-22.17.36:045][  0]LogTextLocalizationManager: No specific translations for ('es-MX') exist, so ('es') translations will be used.
[2018.02.26-22.17.44:108][  0]LogD3D11RHI: D3D11 adapters:
[2018.02.26-22.17.44:220][  0]LogD3D11RHI:    0. 'NVIDIA GeForce GT 755M' (Feature Level 11_0)
[2018.02.26-22.17.44:220][  0]LogD3D11RHI:       1977/0/2048 MB DedicatedVideo/DedicatedSystem/SharedSystem, Outputs:1, VendorId:0x10de
[2018.02.26-22.17.44:285][  0]LogD3D11RHI:    1. 'NVIDIA GeForce GT 755M' (Feature Level 11_0)
[2018.02.26-22.17.44:285][  0]LogD3D11RHI:       1977/0/2048 MB DedicatedVideo/DedicatedSystem/SharedSystem, Outputs:0, VendorId:0x10de
[2018.02.26-22.17.44:289][  0]LogD3D11RHI:    2. 'Microsoft Basic Render Driver' (Feature Level 11_0)
[2018.02.26-22.17.44:289][  0]LogD3D11RHI:       1977/0/2048 MB DedicatedVideo/DedicatedSystem/SharedSystem, Outputs:0, VendorId:0x1414
[2018.02.26-22.17.44:289][  0]LogD3D11RHI: Chosen D3D11 Adapter: 0
[2018.02.26-22.17.44:304][  0]LogD3D11RHI: Creating new Direct3DDevice
[2018.02.26-22.17.44:304][  0]LogD3D11RHI:     GPU DeviceId: 0xfcd (for the marketing name, search the web for "GPU Device Id")
[2018.02.26-22.17.44:304][  0]LogWindows: EnumDisplayDevices:
[2018.02.26-22.17.44:305][  0]LogWindows:    0. 'Intel(R) HD Graphics 4600' (P:1 D:1)
[2018.02.26-22.17.44:305][  0]LogWindows:    1. 'Intel(R) HD Graphics 4600' (P:0 D:0)
[2018.02.26-22.17.44:305][  0]LogWindows:    2. 'Intel(R) HD Graphics 4600' (P:0 D:0)
[2018.02.26-22.17.44:306][  0]LogWindows:    3. 'NVIDIA GeForce GT 755M' (P:0 D:0)
[2018.02.26-22.17.44:306][  0]LogWindows: DebugString: PrimaryIsNotTheChoosenAdapter PrimaryIsNotTheChoosenAdapter PrimaryIsNotTheChoosenAdapter 
[2018.02.26-22.17.44:306][  0]LogD3D11RHI:     Adapter Name: NVIDIA GeForce GT 755M
[2018.02.26-22.17.44:306][  0]LogD3D11RHI:   Driver Version: 390.77 (internal:23.21.13.9077, unified:390.77)
[2018.02.26-22.17.44:306][  0]LogD3D11RHI:      Driver Date: 1-23-2018
[2018.02.26-22.17.44:306][  0]LogRHI: Texture pool is 1361 MB (70% of 1945 MB)
[2018.02.26-22.17.44:372][  0]LogD3D11RHI:Warning: Timestamp queries are currently disabled on this hardware due to instability. Realtime GPU stats will not be available. You can override this behaviour by setting r.NVIDIATimestampWorkaround to 0
[2018.02.26-22.17.44:375][  0]LogD3D11RHI: Async texture creation enabled
[2018.02.26-22.17.44:415][  0]LogD3D11RHI: GPU Timing Frequency: 1000.000000 (Debug: 2 2)
[2018.02.26-22.17.44:418][  0]LogShaderCompilers: Guid format shader working directory is -93 characters bigger than the processId version (../../../../../../Users/yair__000/Desktop/10mo Semestre/Videojuegos 3/Proyecto V 1.01/Monster_Defender-50525762706b40f4aff32de6c79c99c201bbc4fb/Intermediate/Shaders/WorkingDirectory/1500/).
[2018.02.26-22.17.44:418][  0]LogShaderCompilers: Cleaned the shader compiler working directory 'C:/Users/yair__000/AppData/Local/Temp/UnrealShaderWorkingDir/221B300E4FDC9CABC09D81A177267545/'.
[2018.02.26-22.17.44:418][  0]LogShaderCompilers:Display: Using Local Shader Compiler.
[2018.02.26-22.17.51:096][  0]LogTemp:Display: Loaded TP AllDesktopTargetPlatform
[2018.02.26-22.17.51:280][  0]LogTemp:Display: Loaded TP MacClientTargetPlatform
[2018.02.26-22.17.51:396][  0]LogTemp:Display: Loaded TP MacNoEditorTargetPlatform
[2018.02.26-22.17.51:494][  0]LogTemp:Display: Loaded TP MacServerTargetPlatform
[2018.02.26-22.17.51:701][  0]LogTemp:Display: Loaded TP MacTargetPlatform
[2018.02.26-22.17.51:857][  0]LogTemp:Display: Loaded TP WindowsClientTargetPlatform
[2018.02.26-22.17.52:148][  0]LogTemp:Display: Loaded TP WindowsNoEditorTargetPlatform
[2018.02.26-22.17.52:343][  0]LogTemp:Display: Loaded TP WindowsServerTargetPlatform
[2018.02.26-22.17.52:493][  0]LogTemp:Display: Loaded TP WindowsTargetPlatform
[2018.02.26-22.17.52:663][  0]LogTemp:Display: Loaded TP AndroidTargetPlatform
[2018.02.26-22.17.52:820][  0]LogTemp:Display: Loaded TP Android_ASTCTargetPlatform
[2018.02.26-22.17.53:054][  0]LogTemp:Display: Loaded TP Android_ATCTargetPlatform
[2018.02.26-22.17.53:342][  0]LogTemp:Display: Loaded TP Android_DXTTargetPlatform
[2018.02.26-22.17.53:586][  0]LogTemp:Display: Loaded TP Android_ETC1TargetPlatform
[2018.02.26-22.17.53:870][  0]LogTemp:Display: Loaded TP Android_ETC2TargetPlatform
[2018.02.26-22.17.54:241][  0]LogTemp:Display: Loaded TP Android_MultiTargetPlatform
[2018.02.26-22.17.54:241][  0]LogTemp:Display: Loaded TP Android_PVRTCTargetPlatform
[2018.02.26-22.17.54:411][  0]LogTemp:Display: Loaded TP HTML5TargetPlatform
[2018.02.26-22.17.54:609][  0]LogTemp:Display: Loaded TP IOSTargetPlatform
[2018.02.26-22.17.54:664][  0]LogTemp:Display: Loaded TP TVOSTargetPlatform
[2018.02.26-22.17.54:750][  0]LogTemp:Display: Loaded TP LinuxClientTargetPlatform
[2018.02.26-22.17.54:827][  0]LogTemp:Display: Loaded TP LinuxNoEditorTargetPlatform
[2018.02.26-22.17.54:912][  0]LogTemp:Display: Loaded TP LinuxServerTargetPlatform
[2018.02.26-22.17.54:988][  0]LogTemp:Display: Loaded TP LinuxTargetPlatform
[2018.02.26-22.17.54:988][  0]LogTargetPlatformManager:Display: Building Assets For Windows
[2018.02.26-22.17.55:996][  0]LogDerivedDataCache:Display: Max Cache Size: 512 MB
[2018.02.26-22.17.56:097][  0]LogDerivedDataCache: Loaded boot cache 0.10s 52MB C:/Users/yair__000/AppData/Local/UnrealEngine/4.15/DerivedDataCache/Boot.ddc.
[2018.02.26-22.17.56:097][  0]LogDerivedDataCache:Display: Loaded Boot cache: C:/Users/yair__000/AppData/Local/UnrealEngine/4.15/DerivedDataCache/Boot.ddc
[2018.02.26-22.17.56:097][  0]LogDerivedDataCache: FDerivedDataBackendGraph:  Pak pak cache file ../../../../../../Users/yair__000/Desktop/10mo Semestre/Videojuegos 3/Proyecto V 1.01/Monster_Defender-50525762706b40f4aff32de6c79c99c201bbc4fb/DerivedDataCache/DDC.ddp not found, will not use a pak cache.
[2018.02.26-22.17.56:097][  0]LogDerivedDataCache: Unable to find inner node Pak for hierarchical cache Hierarchy.
[2018.02.26-22.17.56:097][  0]LogDerivedDataCache: FDerivedDataBackendGraph:  CompressedPak pak cache file ../../../../../../Users/yair__000/Desktop/10mo Semestre/Videojuegos 3/Proyecto V 1.01/Monster_Defender-50525762706b40f4aff32de6c79c99c201bbc4fb/DerivedDataCache/Compressed.ddp not found, will not use a pak cache.
[2018.02.26-22.17.56:097][  0]LogDerivedDataCache: Unable to find inner node CompressedPak for hierarchical cache Hierarchy.
[2018.02.26-22.17.56:128][  0]LogDerivedDataCache:Display: Pak cache opened for reading ../../../Engine/DerivedDataCache/Compressed.ddp.
[2018.02.26-22.17.56:142][  0]LogDerivedDataCache: Using Local data cache path C:/Users/yair__000/AppData/Local/UnrealEngine/Common/DerivedDataCache: Writable
[2018.02.26-22.17.56:157][  0]LogSlate: Using Freetype 2.6.0
[2018.02.26-22.17.56:206][  0]LogSlate: SlateFontCache - WITH_FREETYPE: 1, WITH_HARFBUZZ: 1
[2018.02.26-22.17.56:206][  0]LogSlate: SlateFontCache - WITH_FREETYPE: 1, WITH_HARFBUZZ: 1
[2018.02.26-22.17.58:129][  0]LogInit: Selected Device Profile: [Windows]
[2018.02.26-22.17.58:136][  0]LogContentStreaming: Texture pool size is 0.00 MB
[2018.02.26-22.17.59:088][  0]LogMeshUtilities: Using QuadricMeshReduction for automatic static mesh reduction
[2018.02.26-22.17.59:184][  0]LogSimplygon: Simplygon DLL not present - disabling.
[2018.02.26-22.17.59:274][  0]LogMeshUtilities: Using SimplygonSwarm for distributed automatic mesh merging
[2018.02.26-22.17.59:274][  0]LogMeshUtilities: No automatic skeletal mesh reduction module available
[2018.02.26-22.17.59:274][  0]LogMeshUtilities: No automatic mesh merging module available
[2018.02.26-22.18.00:546][  0]LogNetVersion: GetLocalNetworkVersion: CL: 3299760, ProjectName: monsterdefender, ProjectVersion: , EngineNetworkVersion: 2, GameNetworkVersion: 0, NetworkChecksum: 3025549386
[2018.02.26-22.18.00:637][  0]LogAssetRegistry: FAssetRegistry took 0.0237 seconds to start up
[2018.02.26-22.18.00:760][  0]LogPackageLocalizationCache: Processed 3 localized package path(s) for 2 prioritized culture(s) in 0.086346 seconds
[2018.02.26-22.18.00:770][  0]LogUObjectArray: 32493 objects as part of root set at end of initial load.
[2018.02.26-22.18.00:770][  0]LogUObjectAllocator: 7077024 out of 0 bytes used by permanent object pool.
[2018.02.26-22.18.00:770][  0]LogUObjectArray: CloseDisregardForGC: 0/0 objects in disregard for GC pool
[2018.02.26-22.18.00:874][  0]LogInit: WinSock: version 1.1 (2.2), MaxSocks=32767, MaxUdp=65467
[2018.02.26-22.18.34:703][  0]LogTcpMessaging: Initializing TcpMessaging bridge
[2018.02.26-22.18.34:768][  0]LogUdpMessaging: Initializing bridge on interface 0.0.0.0:0 to multicast group 230.0.0.1:6666.
[2018.02.26-22.18.36:558][  0]LogMaterial: Uniform references updated for custom material expression Custom.
[2018.02.26-22.18.37:637][  0]SourceControl: Información El control de código fuente está desactivado
[2018.02.26-22.18.37:638][  0]SourceControl: Información El control de código fuente está desactivado
[2018.02.26-22.18.37:761][  0]SourceControl: Información El control de código fuente está desactivado
[2018.02.26-22.18.37:856][  0]SourceControl: Información El control de código fuente está desactivado
[2018.02.26-22.18.42:068][  0]LogEngine: Initializing Engine...
[2018.02.26-22.18.42:071][  0]LogHMD: Failed to initialize OpenVR with code 110
[2018.02.26-22.18.43:189][  0]LogStats: UGameplayTagsManager::ConstructGameplayTagTree: Construct from data asset -  0.000 s
[2018.02.26-22.18.43:190][  0]LogStats: UGameplayTagsManager::ConstructGameplayTagTree: GameplayTagTreeChangedEvent.Broadcast -  0.000 s
[2018.02.26-22.18.43:620][  0]LogAIModule: Creating AISystem for world Untitled
[2018.02.26-22.18.43:631][  0]LogInit: XAudio2 using 'Altavoces (Realtek High Definition Audio)' : 2 channels at 48 kHz using 32 bits per sample (channel mask 0x3)
[2018.02.26-22.18.43:664][  0]LogInit: FAudioDevice initialized.
[2018.02.26-22.18.43:726][  0]LogDerivedDataCache: Saved boot cache 0.06s 52MB C:/Users/yair__000/AppData/Local/UnrealEngine/4.15/DerivedDataCache/Boot.ddc.
[2018.02.26-22.18.43:748][  0]LogInit: Texture streaming: Enabled
[2018.02.26-22.18.44:070][  0]LogEngineSessionManager: EngineSessionManager initialized
[2018.02.26-22.18.44:380][  0]LogInit: Transaction tracking system initialized
[2018.02.26-22.18.45:987][  0]BlueprintLog: New page: Cargar el editor
[2018.02.26-22.18.49:458][  0]LocalizationService: Información Localization service is disabled
[2018.02.26-22.18.52:279][  0]LogConsoleResponse:Display: 
[2018.02.26-22.18.53:521][  0]LogCook:Display: Max memory allowance for cook 16384mb min free memory 0mb
[2018.02.26-22.18.53:522][  0]LogCook:Display: Mobile HDR setting 1
[2018.02.26-22.18.54:531][  0]LogFileCache: Scanning file cache for directory 'C:/Users/yair__000/Desktop/10mo Semestre/Videojuegos 3/Proyecto V 1.01/Monster_Defender-50525762706b40f4aff32de6c79c99c201bbc4fb/Content/' took 0.04s
[2018.02.26-22.18.57:560][  0]SourceControl: Información El control de código fuente está desactivado
[2018.02.26-22.18.57:562][  0]LightingResults: New page: Diseñar la iluminación
[2018.02.26-22.18.57:756][  0]MapCheck: New page: Revisión del mapa
[2018.02.26-22.18.57:756][  0]LightingResults: New page: Diseñar la iluminación
[2018.02.26-22.18.59:501][  0]LogLinker:Warning: No puede encontrar el archivo '/Game/InfinityBladeWarriors/Character/CompleteCharacters/Textures_Materials/CharM_FrostGiant/T_Char_M_FrostGiant_MaterialMask'
[2018.02.26-22.18.59:501][  0]LogLinker:Warning: No puede encontrar el archivo para el activo '/Game/InfinityBladeWarriors/Character/CompleteCharacters/Textures_Materials/CharM_FrostGiant/T_Char_M_FrostGiant_MaterialMask' mientras carga ../../../../../../Users/yair__000/Desktop/10mo Semestre/Videojuegos 3/Proyecto V 1.01/Monster_Defender-50525762706b40f4aff32de6c79c99c201bbc4fb/Content/InfinityBladeWarriors/Character/CompleteCharacters/Textures_Materials/CharM_FrostGiant/M_Char_FrostGiant.uasset.
[2018.02.26-22.18.59:501][  0]LoadErrors:Error: Error /Game/InfinityBladeWarriors/Character/CompleteCharacters/Textures_Materials/CharM_FrostGiant/M_Char_FrostGiant : No puede encontrar el archivo para el activo. /Game/InfinityBladeWarriors/Character/CompleteCharacters/Textures_Materials/CharM_FrostGiant/T_Char_M_FrostGiant_MaterialMask
[2018.02.26-22.18.59:504][  0]LogLinker:Warning: No puede encontrar el archivo '/Game/InfinityBladeWarriors/Character/CompleteCharacters/Textures_Materials/CharM_FrostGiant/T_Char_M_FrostGiant_MaterialMask'
[2018.02.26-22.18.59:504][  0]LogLinker:Warning: No puede encontrar el archivo para el activo '/Game/InfinityBladeWarriors/Character/CompleteCharacters/Textures_Materials/CharM_FrostGiant/T_Char_M_FrostGiant_MaterialMask' mientras carga ../../../../../../Users/yair__000/Desktop/10mo Semestre/Videojuegos 3/Proyecto V 1.01/Monster_Defender-50525762706b40f4aff32de6c79c99c201bbc4fb/Content/InfinityBladeWarriors/Character/CompleteCharacters/Textures_Materials/CharM_FrostGiant/M_Char_FrostGiant.uasset.
[2018.02.26-22.18.59:504][  0]LoadErrors:Error: Error /Game/InfinityBladeWarriors/Character/CompleteCharacters/Textures_Materials/CharM_FrostGiant/M_Char_FrostGiant : No puede encontrar el archivo para el activo. /Game/InfinityBladeWarriors/Character/CompleteCharacters/Textures_Materials/CharM_FrostGiant/T_Char_M_FrostGiant_MaterialMask
[2018.02.26-22.18.59:944][  0]LogLinker:Warning: No puede encontrar el archivo '/Game/InfinityBladeWarriors/Character/CompleteCharacters/Textures_Materials/CharM_FrostGiant/T_Char_M_FrostGiant_MaterialMask'
[2018.02.26-22.18.59:944][  0]LoadErrors: Información Error al cargar /Game/InfinityBladeWarriors/Character/CompleteCharacters/Textures_Materials/CharM_FrostGiant/T_Char_M_FrostGiant_MaterialMask.T_Char_M_FrostGiant_MaterialMask Referenciado por MaterialExpressionTextureSample_0
[2018.02.26-22.18.59:945][  0]LogLinker:Warning: No puede encontrar el archivo para el activo '/Game/InfinityBladeWarriors/Character/CompleteCharacters/Textures_Materials/CharM_FrostGiant/T_Char_M_FrostGiant_MaterialMask' mientras carga NULL.
[2018.02.26-22.18.59:945][  0]LoadErrors: Información Error al cargar /Game/InfinityBladeWarriors/Character/CompleteCharacters/Textures_Materials/CharM_FrostGiant/T_Char_M_FrostGiant_MaterialMask.T_Char_M_FrostGiant_MaterialMask Referenciado por MaterialExpressionTextureSample_0
[2018.02.26-22.19.10:981][  0]LogMaterial: Missing cached shader map for material M_Char_FrostGiant, compiling. 
[2018.02.26-22.19.11:032][  0]LogMaterial:Warning: Failed to compile Material /Game/InfinityBladeWarriors/Character/CompleteCharacters/Textures_Materials/CharM_FrostGiant/M_Char_FrostGiant.M_Char_FrostGiant for platform PCD3D_SM5, Default Material will be used in game.
[2018.02.26-22.19.11:032][  0]LogMaterial:Warning: 	(Node TextureSample) TextureSample> Missing input texture
[2018.02.26-22.19.11:387][  0]LogAIModule: Creating AISystem for world FirstPersonExampleMap
[2018.02.26-22.19.14:585][  0]LogMaterial:Warning: Material /Game/EssentialTreeKit/BaseMaterial/Tree_Bark.Tree_Bark needed to have new flag set bUsedWithInstancedStaticMeshes !
[2018.02.26-22.19.14:603][  0]LogMaterial: Missing cached shader map for material Tree_Bark, compiling. 
[2018.02.26-22.19.14:609][  0]LogTemp:Display: Added material ShaderMap 0x000000447B50F900 with Material 0x0000004448636380 to ShaderMapsBeingCompiled
[2018.02.26-22.19.15:266][  0]LogTemp:Display: Kicking off shader compilation for Tree_Bark, GameThreadShaderMap 0x000000447B50F900
[2018.02.26-22.19.15:372][  0]MapCheck:Warning: Aviso Tree_Bark Material /Game/EssentialTreeKit/BaseMaterial/Tree_Bark.Tree_Bark was missing the usage flag bUsedWithInstancedStaticMeshes. If the material asset is not re-saved, it may not render correctly when run outside the editor. Fix
[2018.02.26-22.19.15:373][  0]LogMaterial: 0.00 seconds spent updating 1 materials, 1 interfaces, 0 instances, 0 with static permutations.
[2018.02.26-22.19.15:373][  0]LogMaterial:Warning: Material /Game/EssentialTreeKit/BaseMaterial/Tree_Leaf.Tree_Leaf needed to have new flag set bUsedWithInstancedStaticMeshes !
[2018.02.26-22.19.15:384][  0]LogMaterial: Missing cached shader map for material Tree_Leaf, compiling. 
[2018.02.26-22.19.15:391][  0]LogTemp:Display: Added material ShaderMap 0x0000004443EE8480 with Material 0x0000004448611C00 to ShaderMapsBeingCompiled
[2018.02.26-22.19.15:672][  0]LogTemp:Display: Kicking off shader compilation for Tree_Leaf, GameThreadShaderMap 0x0000004443EE8480
[2018.02.26-22.19.15:673][  0]MapCheck:Warning: Aviso Tree_Leaf Material /Game/EssentialTreeKit/BaseMaterial/Tree_Leaf.Tree_Leaf was missing the usage flag bUsedWithInstancedStaticMeshes. If the material asset is not re-saved, it may not render correctly when run outside the editor. Fix
[2018.02.26-22.19.15:673][  0]LogMaterial: 0.00 seconds spent updating 1 materials, 1 interfaces, 0 instances, 0 with static permutations.
[2018.02.26-22.19.16:031][  0]LogEditorServer: Finished looking for orphan Actors (0.000 secs)
[2018.02.26-22.19.16:032][  0]Cmd: MAP CHECKDEP NOCLEARLOG
[2018.02.26-22.19.16:234][  0]MapCheck: Información Map check complete: 0 Error(s), 2 Warning(s), took 201.741ms to complete.
[2018.02.26-22.19.16:240][  0]LogFileHelpers: Loading map 'FirstPersonExampleMap' took 18.680
[2018.02.26-22.19.16:681][  0]LogCollectionManager: Loaded 0 collections in 0.001661 seconds
[2018.02.26-22.19.16:786][  0]LogFileCache: Scanning file cache for directory 'C:/Users/yair__000/Desktop/10mo Semestre/Videojuegos 3/Proyecto V 1.01/Monster_Defender-50525762706b40f4aff32de6c79c99c201bbc4fb/Saved/Collections/' took 0.01s
[2018.02.26-22.19.16:786][  0]LogFileCache: Scanning file cache for directory 'C:/Users/yair__000/Desktop/10mo Semestre/Videojuegos 3/Proyecto V 1.01/Monster_Defender-50525762706b40f4aff32de6c79c99c201bbc4fb/Content/Developers/YairCastellanos/Collections/' took 0.01s
[2018.02.26-22.19.16:786][  0]LogFileCache: Scanning file cache for directory 'C:/Users/yair__000/Desktop/10mo Semestre/Videojuegos 3/Proyecto V 1.01/Monster_Defender-50525762706b40f4aff32de6c79c99c201bbc4fb/Content/Collections/' took 0.01s
[2018.02.26-22.19.16:786][  0]LogCollectionManager: Rebuilt the GUID cache for 0 collections in 0.000001 seconds
[2018.02.26-22.19.16:796][  0]LogContentBrowser: Native class hierarchy populated in 0.0097 seconds. Added 2245 classes and 453 folders.
[2018.02.26-22.19.16:907][  0]LogContentBrowser: Native class hierarchy updated for 'WidgetCarousel' in 0.0010 seconds. Added 0 classes and 0 folders.
[2018.02.26-22.19.19:199][  0]LogContentBrowser: Native class hierarchy updated for 'AddContentDialog' in 0.0013 seconds. Added 0 classes and 0 folders.
[2018.02.26-22.19.19:393][  0]LogContentBrowser: Native class hierarchy updated for 'SceneOutliner' in 0.0018 seconds. Added 1 classes and 2 folders.
[2018.02.26-22.19.19:591][  0]LogCrashTracker: Crashtracker disabled due to settings.
[2018.02.26-22.19.19:604][  0]LogUObjectGlobals:Warning: Error al encontrar el objeto 'Class Ninguno.'
[2018.02.26-22.19.19:810][  0]LogContentBrowser: Native class hierarchy updated for 'HierarchicalLODOutliner' in 0.0016 seconds. Added 1 classes and 2 folders.
[2018.02.26-22.19.19:811][  0]LogLoad: (Engine Initialization) Total time: 109.49 seconds
[2018.02.26-22.19.19:811][  0]LogLoad: (Engine Initialization) Total Blueprint compile time: 0.69 seconds
[2018.02.26-22.19.19:811][  0]LogExternalProfiler: Found external profiler: VSPerf
[2018.02.26-22.19.19:811][  0]LogExternalProfiler: Using external profiler: VSPerf
[2018.02.26-22.19.20:151][  0]LogOcInput: OculusInput pre-init called
[2018.02.26-22.19.20:172][  0]LogContentStreaming: Texture pool size now 600 MB
[2018.02.26-22.19.20:232][  0]LogSlate: Took 0.021788 seconds to synchronously load lazily loaded font '../../../Engine/Content/Slate/Fonts/Roboto-Bold.ttf' (160K)
[2018.02.26-22.19.20:273][  0]LogSlate: Took 0.030461 seconds to synchronously load lazily loaded font '../../../Engine/Content/Slate/Fonts/Roboto-Regular.ttf' (155K)
[2018.02.26-22.19.20:316][  0]LogSlate: Took 0.018646 seconds to synchronously load lazily loaded font '../../../Engine/Content/Editor/Slate/Fonts/FontAwesome.ttf' (139K)
[2018.02.26-22.19.20:841][  0]LogSlate: Took 0.030579 seconds to synchronously load lazily loaded font '../../../Engine/Content/Slate/Fonts/Roboto-Light.ttf' (159K)
[2018.02.26-22.19.20:949][  0]LogRenderer: Reallocating scene render targets to support 836x332 NumSamples 1 (Frame:2).
[2018.02.26-22.19.22:329][  4]LogAssetRegistry: Asset discovery search completed in 81.7166 seconds
[2018.02.26-22.19.22:329][  4]LogCollectionManager: Rebuilt the object cache for 0 collections in 0.000011 seconds (found 0 objects)
[2018.02.26-22.19.22:329][  4]LogCollectionManager: Fixed up redirectors for 0 collections in 0.000044 seconds (updated 0 objects)
[2018.02.26-22.19.38:351][ 52]LogTemp:Display: Finished compile of shader map 0x000000447B50F900
[2018.02.26-22.19.38:351][ 52]LogTemp:Display: Shader map Tree_Bark complete, GameThreadShaderMap 0x000000447B50F900, marking material Tree_Bark as finished
[2018.02.26-22.19.38:351][ 52]LogTemp:Display: Marking material as finished 0x0000004448636380
[2018.02.26-22.19.53:012][ 96]LogTemp:Display: Finished compile of shader map 0x0000004443EE8480
[2018.02.26-22.19.53:012][ 96]LogTemp:Display: Shader map Tree_Leaf complete, GameThreadShaderMap 0x0000004443EE8480, marking material Tree_Leaf as finished
[2018.02.26-22.19.53:012][ 96]LogTemp:Display: Marking material as finished 0x0000004448611C00
[2018.02.26-22.31.46:448][266]LogWindowsTextInputMethodSystem:Display: IME system now deactivated.
[2018.02.26-22.31.46:977][267]Cmd: QUIT_EDITOR
[2018.02.26-22.31.47:207][267]LogExit: Preparing to exit.
[2018.02.26-22.31.48:316][267]LogDirectoryWatcher: A directory notification for 'C:/Users/yair__000/Desktop/10mo Semestre/Videojuegos 3/Proyecto V 1.01/Monster_Defender-50525762706b40f4aff32de6c79c99c201bbc4fb/Content/' was aborted.
[2018.02.26-22.31.48:447][267]LogExit: Editor shut down
[2018.02.26-22.31.48:448][267]LogExit: Transaction tracking system shut down
[2018.02.26-22.31.48:706][267]LogObj: Freed 0b from 0 cluster array pools.
[2018.02.26-22.31.48:706][267]LogExit: Object subsystem successfully closed.
[2018.02.26-22.31.48:735][267]LogD3D11RHI: Shutdown
[2018.02.26-22.31.48:735][267]LogD3D11RHI: CleanupD3DDevice
[2018.02.26-22.31.49:028][267]LogD3D11RHI: ~FD3D11DynamicRHI
[2018.02.26-22.31.49:121][267]LogModuleManager: Shutting down and abandoning module HierarchicalLODOutliner (498)
[2018.02.26-22.31.49:122][267]LogModuleManager: Shutting down and abandoning module CrashTracker (496)
[2018.02.26-22.31.49:122][267]LogModuleManager: Shutting down and abandoning module SceneOutliner (494)
[2018.02.26-22.31.49:122][267]LogModuleManager: Shutting down and abandoning module AddContentDialog (492)
[2018.02.26-22.31.49:122][267]LogDirectoryWatcher: A directory notification for 'C:/Program Files/Epic Games/UE_4.15/FeaturePacks/' was aborted.
[2018.02.26-22.31.49:125][267]LogModuleManager: Shutting down and abandoning module WidgetCarousel (491)
[2018.02.26-22.31.49:125][267]LogModuleManager: Shutting down and abandoning module EditorWidgets (488)
[2018.02.26-22.31.49:125][267]LogModuleManager: Shutting down and abandoning module CollectionManager (486)
[2018.02.26-22.31.49:125][267]LogDirectoryWatcher: A directory notification for 'C:/Users/yair__000/Desktop/10mo Semestre/Videojuegos 3/Proyecto V 1.01/Monster_Defender-50525762706b40f4aff32de6c79c99c201bbc4fb/Content/Collections/' was aborted.
[2018.02.26-22.31.49:125][267]LogDirectoryWatcher: A directory notification for 'C:/Users/yair__000/Desktop/10mo Semestre/Videojuegos 3/Proyecto V 1.01/Monster_Defender-50525762706b40f4aff32de6c79c99c201bbc4fb/Content/Developers/YairCastellanos/Collections/' was aborted.
[2018.02.26-22.31.49:125][267]LogDirectoryWatcher: A directory notification for 'C:/Users/yair__000/Desktop/10mo Semestre/Videojuegos 3/Proyecto V 1.01/Monster_Defender-50525762706b40f4aff32de6c79c99c201bbc4fb/Saved/Collections/' was aborted.
[2018.02.26-22.31.49:126][267]LogModuleManager: Shutting down and abandoning module StatsViewer (484)
[2018.02.26-22.31.49:126][267]LogModuleManager: Shutting down and abandoning module FoliageEdit (482)
[2018.02.26-22.31.49:126][267]LogModuleManager: Shutting down and abandoning module LandscapeEditor (480)
[2018.02.26-22.31.49:126][267]LogModuleManager: Shutting down and abandoning module SceneDepthPickerMode (478)
[2018.02.26-22.31.49:126][267]LogModuleManager: Shutting down and abandoning module ActorPickerMode (476)
[2018.02.26-22.31.49:126][267]LogModuleManager: Shutting down and abandoning module GeometryMode (474)
[2018.02.26-22.31.49:126][267]LogModuleManager: Shutting down and abandoning module TextureAlignMode (472)
[2018.02.26-22.31.49:126][267]LogModuleManager: Shutting down and abandoning module BspMode (470)
[2018.02.26-22.31.49:126][267]LogModuleManager: Shutting down and abandoning module HardwareSurvey (468)
[2018.02.26-22.31.49:126][267]LogModuleManager: Shutting down and abandoning module SequenceRecorderSections (466)
[2018.02.26-22.31.49:126][267]LogModuleManager: Shutting down and abandoning module AutomationWorker (464)
[2018.02.26-22.31.49:126][267]LogModuleManager: Shutting down and abandoning module MatineeToLevelSequence (462)
[2018.02.26-22.31.49:126][267]LogModuleManager: Shutting down and abandoning module LevelSequenceEditor (460)
[2018.02.26-22.31.49:127][267]LogModuleManager: Shutting down and abandoning module PlacementMode (459)
[2018.02.26-22.31.49:127][267]LogModuleManager: Shutting down and abandoning module WmfMediaFactory (456)
[2018.02.26-22.31.49:127][267]LogModuleManager: Shutting down and abandoning module WmfMediaEditor (454)
[2018.02.26-22.31.49:127][267]LogModuleManager: Shutting down and abandoning module MfMediaFactory (452)
[2018.02.26-22.31.49:127][267]LogModuleManager: Shutting down and abandoning module MfMediaEditor (450)
[2018.02.26-22.31.49:127][267]LogModuleManager: Shutting down and abandoning module AvfMediaFactory (448)
[2018.02.26-22.31.49:127][267]LogModuleManager: Shutting down and abandoning module AvfMediaEditor (446)
[2018.02.26-22.31.49:127][267]LogModuleManager: Shutting down and abandoning module AndroidMediaFactory (444)
[2018.02.26-22.31.49:127][267]LogModuleManager: Shutting down and abandoning module Media (443)
[2018.02.26-22.31.49:127][267]LogModuleManager: Shutting down and abandoning module AndroidMediaEditor (440)
[2018.02.26-22.31.49:127][267]LogModuleManager: Shutting down and abandoning module CharacterAI (438)
[2018.02.26-22.31.49:127][267]LogModuleManager: Shutting down and abandoning module AudioCapture (436)
[2018.02.26-22.31.49:127][267]LogModuleManager: Shutting down and abandoning module SequenceRecorder (435)
[2018.02.26-22.31.49:127][267]LogModuleManager: Shutting down and abandoning module SmartSnapping (432)
[2018.02.26-22.31.49:127][267]LogModuleManager: Shutting down and abandoning module SessionServices (430)
[2018.02.26-22.31.49:127][267]LogModuleManager: Shutting down and abandoning module ViewportSnapping (428)
[2018.02.26-22.31.49:127][267]LogModuleManager: Shutting down and abandoning module ViewportInteraction (426)
[2018.02.26-22.31.49:127][267]LogModuleManager: Shutting down and abandoning module LogVisualizer (424)
[2018.02.26-22.31.49:128][267]LogModuleManager: Shutting down and abandoning module IntroTutorials (422)
[2018.02.26-22.31.49:128][267]LogModuleManager: Shutting down and abandoning module GameProjectGeneration (421)
[2018.02.26-22.31.49:128][267]LogModuleManager: Shutting down and abandoning module EditorLiveStreaming (418)
[2018.02.26-22.31.49:128][267]LogModuleManager: Shutting down and abandoning module IOSPlatformEditor (416)
[2018.02.26-22.31.49:128][267]LogModuleManager: Shutting down and abandoning module HTML5PlatformEditor (414)
[2018.02.26-22.31.49:128][267]LogModuleManager: Shutting down and abandoning module AndroidPlatformEditor (412)
[2018.02.26-22.31.49:128][267]LogModuleManager: Shutting down and abandoning module AndroidDeviceDetection (411)
[2018.02.26-22.31.50:077][267]LogModuleManager: Shutting down and abandoning module IOSRuntimeSettings (408)
[2018.02.26-22.31.50:077][267]LogModuleManager: Shutting down and abandoning module AndroidRuntimeSettings (406)
[2018.02.26-22.31.50:077][267]LogModuleManager: Shutting down and abandoning module InputBindingEditor (404)
[2018.02.26-22.31.50:077][267]LogModuleManager: Shutting down and abandoning module NiagaraEditor (402)
[2018.02.26-22.31.50:077][267]LogModuleManager: Shutting down and abandoning module MergeActors (400)
[2018.02.26-22.31.50:077][267]LogModuleManager: Shutting down and abandoning module SizeMap (398)
[2018.02.26-22.31.50:077][267]LogModuleManager: Shutting down and abandoning module TreeMap (396)
[2018.02.26-22.31.50:077][267]LogModuleManager: Shutting down and abandoning module ReferenceViewer (394)
[2018.02.26-22.31.50:077][267]LogModuleManager: Shutting down and abandoning module LocalizationDashboard (392)
[2018.02.26-22.31.50:077][267]LogModuleManager: Shutting down and abandoning module LocalizationService (391)
[2018.02.26-22.31.50:077][267]LogModuleManager: Shutting down and abandoning module HardwareTargeting (388)
[2018.02.26-22.31.50:077][267]LogModuleManager: Shutting down and abandoning module DeviceProfileEditor (386)
[2018.02.26-22.31.50:077][267]LogModuleManager: Shutting down and abandoning module UndoHistory (384)
[2018.02.26-22.31.50:077][267]LogModuleManager: Shutting down and abandoning module UserFeedback (382)
[2018.02.26-22.31.50:077][267]LogModuleManager: Shutting down and abandoning module XmlParser (380)
[2018.02.26-22.31.50:078][267]LogModuleManager: Shutting down and abandoning module Blutility (378)
[2018.02.26-22.31.50:078][267]LogModuleManager: Shutting down and abandoning module ProjectSettingsViewer (376)
[2018.02.26-22.31.50:078][267]LogModuleManager: Shutting down and abandoning module ProjectTargetPlatformEditor (375)
[2018.02.26-22.31.50:078][267]LogModuleManager: Shutting down and abandoning module EditorSettingsViewer (372)
[2018.02.26-22.31.50:078][267]LogModuleManager: Shutting down and abandoning module SettingsEditor (370)
[2018.02.26-22.31.50:078][267]LogModuleManager: Shutting down and abandoning module ProjectLauncher (368)
[2018.02.26-22.31.50:078][267]LogModuleManager: Shutting down and abandoning module SessionFrontend (366)
[2018.02.26-22.31.50:078][267]LogModuleManager: Shutting down and abandoning module ProfilerClient (364)
[2018.02.26-22.31.50:078][267]LogModuleManager: Shutting down and abandoning module DeviceManager (362)
[2018.02.26-22.31.50:078][267]LogModuleManager: Shutting down and abandoning module TargetDeviceServices (361)
[2018.02.26-22.31.50:131][267]LogModuleManager: Shutting down and abandoning module AutomationController (358)
[2018.02.26-22.31.50:131][267]LogModuleManager: Shutting down and abandoning module AutomationWindow (356)
[2018.02.26-22.31.50:131][267]LogModuleManager: Shutting down and abandoning module Layers (354)
[2018.02.26-22.31.50:131][267]LogModuleManager: Shutting down and abandoning module ComponentVisualizers (352)
[2018.02.26-22.31.50:131][267]LogModuleManager: Shutting down and abandoning module DetailCustomizations (350)
[2018.02.26-22.31.50:131][267]LogModuleManager: Shutting down and abandoning module PackagesDialog (348)
[2018.02.26-22.31.50:131][267]LogModuleManager: Shutting down and abandoning module Persona (346)
[2018.02.26-22.31.50:131][267]LogModuleManager: Shutting down and abandoning module AnimGraph (345)
[2018.02.26-22.31.50:131][267]LogModuleManager: Shutting down and abandoning module Kismet (342)
[2018.02.26-22.31.50:133][267]LogModuleManager: Shutting down and abandoning module GraphEditor (340)
[2018.02.26-22.31.50:133][267]LogModuleManager: Shutting down and abandoning module ClassViewer (338)
[2018.02.26-22.31.50:133][267]LogModuleManager: Shutting down and abandoning module Toolbox (336)
[2018.02.26-22.31.50:133][267]LogModuleManager: Shutting down and abandoning module ModuleUI (334)
[2018.02.26-22.31.50:133][267]LogModuleManager: Shutting down and abandoning module MovieSceneTools (332)
[2018.02.26-22.31.50:134][267]LogModuleManager: Shutting down and abandoning module OutputLog (330)
[2018.02.26-22.31.50:134][267]LogModuleManager: Shutting down and abandoning module GammaUI (328)
[2018.02.26-22.31.50:134][267]LogModuleManager: Shutting down and abandoning module Documentation (326)
[2018.02.26-22.31.50:134][267]LogModuleManager: Shutting down and abandoning module Niagara (324)
[2018.02.26-22.31.50:134][267]LogModuleManager: Shutting down and abandoning module StreamingPauseRendering (322)
[2018.02.26-22.31.50:134][267]LogModuleManager: Shutting down and abandoning module AnalyticsET (320)
[2018.02.26-22.31.50:134][267]LogModuleManager: Shutting down and abandoning module PortalServices (318)
[2018.02.26-22.31.50:134][267]LogModuleManager: Shutting down and abandoning module PortalRpc (316)
[2018.02.26-22.31.50:134][267]LogModuleManager: Shutting down and abandoning module MessagingRpc (314)
[2018.02.26-22.31.50:134][267]LogModuleManager: Shutting down and abandoning module AIModule (312)
[2018.02.26-22.31.50:134][267]LogModuleManager: Shutting down and abandoning module GameplayDebugger (311)
[2018.02.26-22.31.50:134][267]LogModuleManager: Shutting down and abandoning module AITestSuite (309)
[2018.02.26-22.31.50:134][267]LogModuleManager: Shutting down and abandoning module ProfilerService (306)
[2018.02.26-22.31.50:378][267]LogModuleManager: Shutting down and abandoning module TaskGraph (304)
[2018.02.26-22.31.50:378][267]LogModuleManager: Shutting down and abandoning module SteamVRController (302)
[2018.02.26-22.31.50:378][267]LogModuleManager: Shutting down and abandoning module SteamVR (300)
[2018.02.26-22.31.50:378][267]LogModuleManager: Shutting down and abandoning module ProceduralMeshComponentEditor (298)
[2018.02.26-22.31.50:378][267]LogModuleManager: Shutting down and abandoning module ProceduralMeshComponent (296)
[2018.02.26-22.31.50:378][267]LogModuleManager: Shutting down and abandoning module OculusLibrary (294)
[2018.02.26-22.31.50:378][267]LogModuleManager: Shutting down and abandoning module OculusInput (292)
[2018.02.26-22.31.50:378][267]LogModuleManager: Shutting down and abandoning module MobilePatchingUtils (290)
[2018.02.26-22.31.50:378][267]LogModuleManager: Shutting down and abandoning module CustomMeshComponent (288)
[2018.02.26-22.31.50:378][267]LogModuleManager: Shutting down and abandoning module CableComponent (286)
[2018.02.26-22.31.50:378][267]LogModuleManager: Shutting down and abandoning module ArchVisCharacter (284)
[2018.02.26-22.31.50:378][267]LogModuleManager: Shutting down and abandoning module MediaPlayerEditor (280)
[2018.02.26-22.31.50:379][267]LogModuleManager: Shutting down and abandoning module HTML5Networking (278)
[2018.02.26-22.31.50:379][267]LogModuleManager: Shutting down and abandoning module AlembicImporter (276)
[2018.02.26-22.31.50:379][267]LogModuleManager: Shutting down and abandoning module AlembicLibrary (275)
[2018.02.26-22.31.50:379][267]LogModuleManager: Shutting down and abandoning module GeometryCache (274)
[2018.02.26-22.31.50:379][267]LogModuleManager: Shutting down and abandoning module GeometryCacheEd (273)
[2018.02.26-22.31.50:379][267]LogModuleManager: Shutting down and abandoning module SuperSearchEditor (268)
[2018.02.26-22.31.50:379][267]LogModuleManager: Shutting down and abandoning module SuperSearch (267)
[2018.02.26-22.31.50:379][267]LogModuleManager: Shutting down and abandoning module SpeedTreeImporter (264)
[2018.02.26-22.31.50:379][267]LogModuleManager: Shutting down and abandoning module PluginBrowser (262)
[2018.02.26-22.31.50:379][267]LogModuleManager: Shutting down and abandoning module MobileLauncherProfileWizard (260)
[2018.02.26-22.31.50:379][267]LogModuleManager: Shutting down and abandoning module EpicSurvey (258)
[2018.02.26-22.31.50:379][267]LogModuleManager: Shutting down and abandoning module VisualStudioSourceCodeAccess (256)
[2018.02.26-22.31.50:379][267]LogModuleManager: Shutting down and abandoning module DesktopPlatform (255)
[2018.02.26-22.31.50:379][267]LogModuleManager: Shutting down and abandoning module UObjectPlugin (252)
[2018.02.26-22.31.50:379][267]LogModuleManager: Shutting down and abandoning module SubversionSourceControl (250)
[2018.02.26-22.31.50:379][267]LogModuleManager: Shutting down and abandoning module PerforceSourceControl (248)
[2018.02.26-22.31.50:379][267]LogModuleManager: Shutting down and abandoning module GitSourceControl (246)
[2018.02.26-22.31.50:379][267]LogModuleManager: Shutting down and abandoning module SourceControl (245)
[2018.02.26-22.31.50:379][267]LogModuleManager: Shutting down and abandoning module LightPropagationVolumeEditor (242)
[2018.02.26-22.31.50:379][267]LogModuleManager: Shutting down and abandoning module PaperTiledImporter (240)
[2018.02.26-22.31.50:380][267]LogModuleManager: Shutting down and abandoning module PaperSpriteSheetImporter (238)
[2018.02.26-22.31.50:380][267]LogModuleManager: Shutting down and abandoning module Paper2DEditor (236)
[2018.02.26-22.31.50:380][267]LogModuleManager: Shutting down and abandoning module MeshPaint (235)
[2018.02.26-22.31.50:380][267]LogModuleManager: Shutting down and abandoning module LevelEditor (233)
[2018.02.26-22.31.50:382][267]LogModuleManager: Shutting down and abandoning module PixelInspectorModule (232)
[2018.02.26-22.31.50:382][267]LogModuleManager: Shutting down and abandoning module MainFrame (230)
[2018.02.26-22.31.50:382][267]LogModuleManager: Shutting down and abandoning module HotReload (229)
[2018.02.26-22.31.50:384][267]LogModuleManager: Shutting down and abandoning module ContentBrowser (225)
[2018.02.26-22.31.50:386][267]LogModuleManager: Shutting down and abandoning module PhysXVehiclesEditor (222)
[2018.02.26-22.31.50:387][267]LogModuleManager: Shutting down and abandoning module PhysXVehicles (220)
[2018.02.26-22.31.50:387][267]LogModuleManager: Shutting down and abandoning module LocationServicesBPLibrary (218)
[2018.02.26-22.31.50:387][267]LogModuleManager: Shutting down and abandoning module UdpMessaging (216)
[2018.02.26-22.31.50:488][267]LogModuleManager: Shutting down and abandoning module TcpMessaging (214)
[2018.02.26-22.31.50:589][267]LogModuleManager: Shutting down and abandoning module GameplayTagsEditor (212)
[2018.02.26-22.31.50:589][267]LogModuleManager: Shutting down and abandoning module FacialAnimationEditor (210)
[2018.02.26-22.31.50:589][267]LogModuleManager: Shutting down and abandoning module FacialAnimation (208)
[2018.02.26-22.31.50:589][267]LogModuleManager: Shutting down and abandoning module LightPropagationVolumeRuntime (206)
[2018.02.26-22.31.50:589][267]LogModuleManager: Shutting down and abandoning module Paper2D (204)
[2018.02.26-22.31.50:589][267]LogModuleManager: Shutting down and abandoning module WindowsMoviePlayer (202)
[2018.02.26-22.31.50:589][267]LogModuleManager: Shutting down and abandoning module WmfMedia (200)
[2018.02.26-22.31.50:589][267]LogModuleManager: Shutting down and abandoning module MfMedia (198)
[2018.02.26-22.31.50:590][267]LogModuleManager: Shutting down and abandoning module MediaAssets (196)
[2018.02.26-22.31.50:590][267]LogModuleManager: Shutting down and abandoning module GameLiveStreaming (194)
[2018.02.26-22.31.50:590][267]LogModuleManager: Shutting down and abandoning module VREditor (192)
[2018.02.26-22.31.50:590][267]LogModuleManager: Shutting down and abandoning module GameplayTasksEditor (190)
[2018.02.26-22.31.50:590][267]LogModuleManager: Shutting down and abandoning module BehaviorTreeEditor (188)
[2018.02.26-22.31.50:590][267]LogModuleManager: Shutting down and abandoning module FunctionalTesting (186)
[2018.02.26-22.31.50:590][267]LogModuleManager: Shutting down and abandoning module CollisionAnalyzer (184)
[2018.02.26-22.31.50:590][267]LogModuleManager: Shutting down and abandoning module UMG (182)
[2018.02.26-22.31.50:590][267]LogModuleManager: Shutting down and abandoning module UMGEditor (181)
[2018.02.26-22.31.50:590][267]LogModuleManager: Shutting down and abandoning module Sequencer (180)
[2018.02.26-22.31.50:591][267]LogModuleManager: Shutting down and abandoning module AssetTools (178)
[2018.02.26-22.31.50:591][267]LogModuleManager: Shutting down and abandoning module MessageLog (177)
[2018.02.26-22.31.50:591][267]LogModuleManager: Shutting down and abandoning module WorkspaceMenuStructure (176)
[2018.02.26-22.31.50:591][267]LogModuleManager: Shutting down and abandoning module SlateReflector (170)
[2018.02.26-22.31.50:591][267]LogModuleManager: Shutting down and abandoning module Slate (168)
[2018.02.26-22.31.50:591][267]LogModuleManager: Shutting down and abandoning module EditorStyle (166)
[2018.02.26-22.31.50:602][267]LogModuleManager: Shutting down and abandoning module SourceCodeAccess (164)
[2018.02.26-22.31.50:602][267]LogModuleManager: Shutting down and abandoning module HeadMountedDisplay (162)
[2018.02.26-22.31.50:602][267]LogModuleManager: Shutting down and abandoning module XAudio2 (160)
[2018.02.26-22.31.50:602][267]LogModuleManager: Shutting down and abandoning module Networking (158)
[2018.02.26-22.31.50:602][267]LogModuleManager: Shutting down and abandoning module Core (154)
[2018.02.26-22.31.50:602][267]LogModuleManager: Shutting down and abandoning module AssetRegistry (152)
[2018.02.26-22.31.50:896][267]LogDirectoryWatcher: A directory notification for '../../../Engine/Content/' was aborted.
[2018.02.26-22.31.50:896][267]LogDirectoryWatcher: A directory notification for '../../../../../../Users/yair__000/Desktop/10mo Semestre/Videojuegos 3/Proyecto V 1.01/Monster_Defender-50525762706b40f4aff32de6c79c99c201bbc4fb/Content/' was aborted.
[2018.02.26-22.31.50:897][267]LogDirectoryWatcher: A directory notification for '../../../Engine/Plugins/2D/Paper2D/Content/' was aborted.
[2018.02.26-22.31.50:897][267]LogModuleManager: Shutting down and abandoning module DirectoryWatcher (151)
[2018.02.26-22.31.50:903][267]LogModuleManager: Shutting down and abandoning module KismetCompiler (148)
[2018.02.26-22.31.50:903][267]LogModuleManager: Shutting down and abandoning module PhysXFormats (146)
[2018.02.26-22.31.50:903][267]LogModuleManager: Shutting down and abandoning module MeshUtilities (144)
[2018.02.26-22.31.50:904][267]LogModuleManager: Shutting down and abandoning module SimplygonSwarm (143)
[2018.02.26-22.31.50:904][267]LogModuleManager: Shutting down and abandoning module SimplygonMeshReduction (141)
[2018.02.26-22.31.50:904][267]LogModuleManager: Shutting down and abandoning module QuadricMeshReduction (139)
[2018.02.26-22.31.50:904][267]LogModuleManager: Shutting down and abandoning module PropertyEditor (137)
[2018.02.26-22.31.50:904][267]LogModuleManager: Shutting down and abandoning module DerivedDataCache (134)
[2018.02.26-22.31.50:967][267]LogDerivedDataCache: Shutdown
[2018.02.26-22.31.50:967][267]LogModuleManager: Shutting down and abandoning module TargetPlatform (132)
[2018.02.26-22.31.50:967][267]LogModuleManager: Shutting down and abandoning module VulkanShaderFormat (131)
[2018.02.26-22.31.50:967][267]LogModuleManager: Shutting down and abandoning module ShaderFormatOpenGL (129)
[2018.02.26-22.31.50:967][267]LogModuleManager: Shutting down and abandoning module ShaderFormatD3D (127)
[2018.02.26-22.31.50:967][267]LogModuleManager: Shutting down and abandoning module MetalShaderFormat (125)
[2018.02.26-22.31.50:967][267]LogModuleManager: Shutting down and abandoning module TextureFormatUncompressed (123)
[2018.02.26-22.31.50:967][267]LogModuleManager: Shutting down and abandoning module TextureFormatPVR (121)
[2018.02.26-22.31.50:967][267]LogModuleManager: Shutting down and abandoning module TextureFormatDXT (119)
[2018.02.26-22.31.50:967][267]LogModuleManager: Shutting down and abandoning module TextureFormatIntelISPCTexComp (117)
[2018.02.26-22.31.50:968][267]LogModuleManager: Shutting down and abandoning module TextureFormatASTC (115)
[2018.02.26-22.31.50:968][267]LogModuleManager: Shutting down and abandoning module ImageWrapper (114)
[2018.02.26-22.31.50:968][267]LogModuleManager: Shutting down and abandoning module TextureFormatAndroid (111)
[2018.02.26-22.31.50:968][267]LogModuleManager: Shutting down and abandoning module AudioFormatOpus (109)
[2018.02.26-22.31.50:968][267]LogModuleManager: Shutting down and abandoning module AudioFormatOgg (107)
[2018.02.26-22.31.50:968][267]LogModuleManager: Shutting down and abandoning module AudioFormatADPCM (105)
[2018.02.26-22.31.50:968][267]LogModuleManager: Shutting down and abandoning module LinuxTargetPlatform (103)
[2018.02.26-22.31.50:968][267]LogModuleManager: Shutting down and abandoning module LinuxServerTargetPlatform (101)
[2018.02.26-22.31.50:968][267]LogModuleManager: Shutting down and abandoning module LinuxNoEditorTargetPlatform (99)
[2018.02.26-22.31.50:968][267]LogModuleManager: Shutting down and abandoning module LinuxClientTargetPlatform (97)
[2018.02.26-22.31.50:968][267]LogModuleManager: Shutting down and abandoning module TVOSTargetPlatform (95)
[2018.02.26-22.31.50:968][267]LogModuleManager: Shutting down and abandoning module Messaging (93)
[2018.02.26-22.31.50:968][267]LogModuleManager: Shutting down and abandoning module IOSTargetPlatform (91)
[2018.02.26-22.31.50:968][267]LogModuleManager: Shutting down and abandoning module HTML5TargetPlatform (89)
[2018.02.26-22.31.50:968][267]LogModuleManager: Shutting down and abandoning module Android_PVRTCTargetPlatform (87)
[2018.02.26-22.31.50:968][267]LogModuleManager: Shutting down and abandoning module Android_MultiTargetPlatform (85)
[2018.02.26-22.31.50:968][267]LogModuleManager: Shutting down and abandoning module Android_ETC2TargetPlatform (83)
[2018.02.26-22.31.50:969][267]LogModuleManager: Shutting down and abandoning module Android_ETC1TargetPlatform (81)
[2018.02.26-22.31.50:969][267]LogModuleManager: Shutting down and abandoning module Android_DXTTargetPlatform (79)
[2018.02.26-22.31.50:969][267]LogModuleManager: Shutting down and abandoning module Android_ATCTargetPlatform (77)
[2018.02.26-22.31.50:969][267]LogModuleManager: Shutting down and abandoning module Android_ASTCTargetPlatform (75)
[2018.02.26-22.31.50:969][267]LogModuleManager: Shutting down and abandoning module AndroidTargetPlatform (73)
[2018.02.26-22.31.50:969][267]LogModuleManager: Shutting down and abandoning module WindowsTargetPlatform (71)
[2018.02.26-22.31.50:969][267]LogModuleManager: Shutting down and abandoning module WindowsServerTargetPlatform (69)
[2018.02.26-22.31.50:969][267]LogModuleManager: Shutting down and abandoning module WindowsNoEditorTargetPlatform (67)
[2018.02.26-22.31.50:969][267]LogModuleManager: Shutting down and abandoning module WindowsClientTargetPlatform (65)
[2018.02.26-22.31.50:969][267]LogModuleManager: Shutting down and abandoning module MacTargetPlatform (63)
[2018.02.26-22.31.50:969][267]LogModuleManager: Shutting down and abandoning module MacServerTargetPlatform (61)
[2018.02.26-22.31.50:969][267]LogModuleManager: Shutting down and abandoning module MacNoEditorTargetPlatform (59)
[2018.02.26-22.31.50:969][267]LogModuleManager: Shutting down and abandoning module MacClientTargetPlatform (57)
[2018.02.26-22.31.50:969][267]LogModuleManager: Shutting down and abandoning module AllDesktopTargetPlatform (55)
[2018.02.26-22.31.50:969][267]LogModuleManager: Shutting down and abandoning module InputCore (52)
[2018.02.26-22.31.50:969][267]LogModuleManager: Shutting down and abandoning module Settings (50)
[2018.02.26-22.31.50:969][267]LogModuleManager: Shutting down and abandoning module OculusRift (48)
[2018.02.26-22.31.50:969][267]LogModuleManager: Shutting down and abandoning module GearVR (46)
[2018.02.26-22.31.50:969][267]LogModuleManager: Shutting down and abandoning module ExampleDeviceProfileSelector (44)
[2018.02.26-22.31.50:969][267]LogModuleManager: Shutting down and abandoning module OnlineBlueprintSupport (42)
[2018.02.26-22.31.50:969][267]LogModuleManager: Shutting down and abandoning module OnlineSubsystem (38)
[2018.02.26-22.31.50:969][267]LogOnline:Display: Unloading online subsystem: NULL
[2018.02.26-22.31.50:969][267]LogModuleManager: Shutting down and abandoning module XMPP (37)
[2018.02.26-22.31.50:969][267]LogModuleManager: Shutting down and abandoning module HTTP (35)
[2018.02.26-22.31.50:970][267]LogHttp:Display: Http module shutting down, but needs to wait on 1 outstanding Http requests:
[2018.02.26-22.31.50:970][267]LogHttp:Display: 	verb=[POST] url=[https://datarouter.ol.epicgames.com/datarouter/api/v1/public/data?SessionID=%7B530D3FD7-4EF3-D832-FC86-5EA6B36CB5F4%7D&AppID=UEEditor.Rocket.Release&AppVersion=4.15.3-3450819%2B%2B%2BUE4%2BRelease-4.15&UserID=56960b624e2816a8d4b7a9bbc693679c%7Cdb7c885b607040de8006b59d0a1d478e%7C82818756-36d3-4450-9a34-9fdaeb694b20&AppEnvironment=datacollector-binary&UploadType=eteventstream] status=Processing
[2018.02.26-22.31.50:983][267]LogModuleManager: Shutting down and abandoning module SSL (34)
[2018.02.26-22.31.50:987][267]LogModuleManager: Shutting down and abandoning module AudioEditor (30)
[2018.02.26-22.31.50:987][267]LogModuleManager: Shutting down and abandoning module TextureCompressor (28)
[2018.02.26-22.31.50:987][267]LogModuleManager: Shutting down and abandoning module ShaderCore (26)
[2018.02.26-22.31.50:987][267]LogModuleManager: Shutting down and abandoning module Landscape (24)
[2018.02.26-22.31.50:987][267]LogModuleManager: Shutting down and abandoning module SlateRHIRenderer (22)
[2018.02.26-22.31.50:990][267]LogModuleManager: Shutting down and abandoning module OpenGLDrv (20)
[2018.02.26-22.31.50:990][267]LogModuleManager: Shutting down and abandoning module D3D11RHI (18)
[2018.02.26-22.31.50:990][267]LogModuleManager: Shutting down and abandoning module AnimGraphRuntime (16)
[2018.02.26-22.31.50:990][267]LogModuleManager: Shutting down and abandoning module Renderer (14)
[2018.02.26-22.31.50:990][267]LogModuleManager: Shutting down and abandoning module Engine (12)
[2018.02.26-22.31.50:990][267]LogModuleManager: Shutting down and abandoning module CoreUObject (10)
[2018.02.26-22.31.50:990][267]LogModuleManager: Shutting down and abandoning module NetworkFile (8)
[2018.02.26-22.31.50:990][267]LogModuleManager: Shutting down and abandoning module StreamingFile (6)
[2018.02.26-22.31.50:990][267]LogModuleManager: Shutting down and abandoning module SandboxFile (4)
[2018.02.26-22.31.50:990][267]LogModuleManager: Shutting down and abandoning module PakFile (2)
[2018.02.26-22.31.50:995][267]LogExit: Exiting.
[2018.02.26-22.31.51:000][267]Log file closed, 02/26/18 16:31:51
