Log file open, 05/13/18 13:36:44
LogInit:Display: Running engine for game: MonsterDefender
LogPlatformFile: Not using cached read wrapper
LogInit:Display: RandInit(1101333299) SRandInit(1101333299).
LogTaskGraph: Started task graph with 5 named threads and 8 total threads with 1 sets of task threads.
LogStats: Stats thread started at 0.110651
LogInit: Using libcurl 7.47.1
LogInit:  - built for x86_64-pc-win32
LogInit:  - supports SSL with OpenSSL/1.0.2g
LogInit:  - supports HTTP deflate (compression) using libz 1.2.8
LogInit:  - other features:
LogInit:      CURL_VERSION_SSL
LogInit:      CURL_VERSION_LIBZ
LogInit:      CURL_VERSION_IPV6
LogInit:      CURL_VERSION_ASYNCHDNS
LogInit:      CURL_VERSION_LARGEFILE
LogInit:      CURL_VERSION_IDN
LogInit:  CurlRequestOptions (configurable via config and command line):
LogInit:  - bVerifyPeer = false  - Libcurl will NOT verify peer certificate
LogInit:  - bUseHttpProxy = false  - Libcurl will NOT use HTTP proxy
LogInit:  - bDontReuseConnections = false  - Libcurl will reuse connections
LogInit:  - CertBundlePath = nullptr  - Libcurl will use whatever was configured at build time.
LogInit: Build: ++UE4+Release-4.15-CL-3450819
LogInit: Engine Version: 4.15.3-3450819+++UE4+Release-4.15
LogInit: Compatible Engine Version: 4.15.0-3299760+++UE4+Release-4.15
LogInit: Net CL: 3299760
LogDevObjectVersion: Number of dev versions registered: 14
LogDevObjectVersion:   Dev-Blueprints (B0D832E4-1F89-4F0D-ACCF-7EB736FD4AA2): 8
LogDevObjectVersion:   Dev-Build (E1C64328-A22C-4D53-A36C-8E866417BD8C): 0
LogDevObjectVersion:   Dev-Core (375EC13C-06E4-48FB-B500-84F0262A717E): 2
LogDevObjectVersion:   Dev-Editor (E4B068ED-F494-42E9-A231-DA0B2E46BB41): 14
LogDevObjectVersion:   Dev-Framework (CFFC743F-43B0-4480-9391-14DF171D2073): 22
LogDevObjectVersion:   Dev-Mobile (B02B49B5-BB20-44E9-A304-32B752E40360): 0
LogDevObjectVersion:   Dev-Networking (A4E4105C-59A1-49B5-A7C5-40C4547EDFEE): 0
LogDevObjectVersion:   Dev-Online (39C831C9-5AE6-47DC-9A44-9C173E1C8E7C): 0
LogDevObjectVersion:   Dev-Physics (78F01B33-EBEA-4F98-B9B4-84EACCB95AA2): 0
LogDevObjectVersion:   Dev-Platform (6631380F-2D4D-43E0-8009-CF276956A95A): 0
LogDevObjectVersion:   Dev-Rendering (12F88B9F-8875-4AFC-A67C-D90C383ABD29): 12
LogDevObjectVersion:   Dev-Sequencer (7B5AE74C-D270-4C10-A958-57980B212A5A): 3
LogDevObjectVersion:   Dev-VR (D7296918-1DD6-4BDD-9DE2-64A83CC13884): 0
LogDevObjectVersion:   Dev-LoadTimes (C2A15278-BFE7-4AFE-6C17-90FF531DF755): 1
LogInit: Compiled (64-bit): May 21 2017 11:02:34
LogInit: Compiled with Visual C++: 19.00.23026.00
LogInit: Build Configuration: Development
LogInit: Branch Name: ++UE4+Release-4.15
LogInit: Command line:  /Temp/Autosaves/Game/FirstPersonBP/Maps/UEDPCFirstPersonExampleMap -game -PIEVIACONSOLE -ResX=1280 -ResY=720  -Multiprocess -messaging -SessionName="Play in Standalone Game" -windowed 
LogInit: Base directory: C:/Program Files/Epic Games/UE_4.15/Engine/Binaries/Win64/
LogInit: Installed Engine Build: 1
LogInit: Presizing for max 8388607 objects, including 0 objects not considered by GC, pre-allocating 0 bytes for permanent pool.
LogInit: Object subsystem initialized
[2018.05.13-18.36.46:944][  0]LogInit: Selected Device Profile: [Windows]
[2018.05.13-18.36.46:944][  0]LogInit: Applying CVar settings loaded from the selected device profile: [Windows]
[2018.05.13-18.36.46:950][  0]LogInit: Computer: DESKTOP-JRNUIIQ
[2018.05.13-18.36.46:950][  0]LogInit: User: Sandy
[2018.05.13-18.36.46:950][  0]LogInit: CPU Page size=65536, Cores=4
[2018.05.13-18.36.46:950][  0]LogInit: High frequency timer resolution =2.531253 MHz
[2018.05.13-18.36.46:950][  0]LogMemory: Memory total: Physical=15.9GB (16GB approx)
[2018.05.13-18.36.46:951][  0]LogMemory: Platform Memory Stats for Windows
[2018.05.13-18.36.46:951][  0]LogMemory: Process Physical Memory: 263.44 MB used, 263.44 MB peak
[2018.05.13-18.36.46:951][  0]LogMemory: Process Virtual Memory: 262.65 MB used, 262.65 MB peak
[2018.05.13-18.36.46:951][  0]LogMemory: Physical Memory: 13026.41 MB used,  3219.86 MB free, 16246.27 MB total
[2018.05.13-18.36.46:951][  0]LogMemory: Virtual Memory: 683.39 MB used,  3219.86 MB free, 134217728.00 MB total
[2018.05.13-18.36.47:138][  0]LogTextLocalizationManager: No specific translations for ('en-US') exist, so ('en') translations will be used.
[2018.05.13-18.36.47:803][  0]LogD3D11RHI: D3D11 adapters:
[2018.05.13-18.36.47:863][  0]LogD3D11RHI:    0. 'NVIDIA GeForce GTX 960M' (Feature Level 11_0)
[2018.05.13-18.36.47:863][  0]LogD3D11RHI:       4065/0/8123 MB DedicatedVideo/DedicatedSystem/SharedSystem, Outputs:1, VendorId:0x10de
[2018.05.13-18.36.47:874][  0]LogD3D11RHI:    1. 'Intel(R) HD Graphics 530' (Feature Level 11_0)
[2018.05.13-18.36.47:874][  0]LogD3D11RHI:       128/0/8123 MB DedicatedVideo/DedicatedSystem/SharedSystem, Outputs:0, VendorId:0x8086
[2018.05.13-18.36.47:878][  0]LogD3D11RHI:    2. 'Microsoft Basic Render Driver' (Feature Level 11_0)
[2018.05.13-18.36.47:878][  0]LogD3D11RHI:       0/0/8123 MB DedicatedVideo/DedicatedSystem/SharedSystem, Outputs:0, VendorId:0x1414
[2018.05.13-18.36.47:878][  0]LogD3D11RHI: Chosen D3D11 Adapter: 0
[2018.05.13-18.36.47:918][  0]LogD3D11RHI: Creating new Direct3DDevice
[2018.05.13-18.36.47:918][  0]LogD3D11RHI:     GPU DeviceId: 0x139b (for the marketing name, search the web for "GPU Device Id")
[2018.05.13-18.36.47:918][  0]LogWindows: EnumDisplayDevices:
[2018.05.13-18.36.47:918][  0]LogWindows:    0. 'Intel(R) HD Graphics 530' (P:1 D:1)
[2018.05.13-18.36.47:919][  0]LogWindows:    1. 'Intel(R) HD Graphics 530' (P:0 D:0)
[2018.05.13-18.36.47:919][  0]LogWindows:    2. 'Intel(R) HD Graphics 530' (P:0 D:0)
[2018.05.13-18.36.47:919][  0]LogWindows: DebugString: GetVideoDriverDetailsInvalid PrimaryIsNotTheChoosenAdapter GetVideoDriverDetailsInvalid PrimaryIsNotTheChoosenAdapter GetVideoDriverDetailsInvalid PrimaryIsNotTheChoosenAdapter FoundDriverCount:0 
[2018.05.13-18.36.47:919][  0]LogD3D11RHI:     Adapter Name: NVIDIA GeForce GTX 960M
[2018.05.13-18.36.47:919][  0]LogD3D11RHI:   Driver Version: Unknown (internal:Unknown, unified:Unknown)
[2018.05.13-18.36.47:919][  0]LogD3D11RHI:      Driver Date: Unknown
[2018.05.13-18.36.47:919][  0]LogRHI: Texture pool is 1361 MB (70% of 1945 MB)
[2018.05.13-18.36.47:947][  0]LogD3D11RHI: Async texture creation enabled
[2018.05.13-18.36.48:074][  0]LogD3D11RHI: GPU Timing Frequency: 1000.000000 (Debug: 2 1)
[2018.05.13-18.36.48:076][  0]LogShaderCompilers: Guid format shader working directory is 25 characters bigger than the processId version (D:/Monster_Defender/Intermediate/Shaders/WorkingDirectory/224736/).
[2018.05.13-18.36.48:076][  0]LogShaderCompilers: Cleaned the shader compiler working directory 'C:/Users/Sandy/AppData/Local/Temp/UnrealShaderWorkingDir/F473A611455DB726873E31ACE6842267/'.
[2018.05.13-18.36.48:076][  0]LogShaderCompilers:Display: Using Local Shader Compiler.
[2018.05.13-18.36.49:553][  0]LogTemp:Display: Loaded TP WindowsClientTargetPlatform
[2018.05.13-18.36.49:641][  0]LogTemp:Display: Loaded TP WindowsNoEditorTargetPlatform
[2018.05.13-18.36.49:748][  0]LogTemp:Display: Loaded TP WindowsServerTargetPlatform
[2018.05.13-18.36.49:834][  0]LogTemp:Display: Loaded TP WindowsTargetPlatform
[2018.05.13-18.36.49:834][  0]LogTargetPlatformManager:Display: Building Assets For Windows
[2018.05.13-18.36.50:767][  0]LogDerivedDataCache:Display: Max Cache Size: 512 MB
[2018.05.13-18.36.50:822][  0]LogDerivedDataCache: Loaded boot cache 0.06s 50MB C:/Users/Sandy/AppData/Local/UnrealEngine/4.15/DerivedDataCache/Boot.ddc.
[2018.05.13-18.36.50:822][  0]LogDerivedDataCache:Display: Loaded Boot cache: C:/Users/Sandy/AppData/Local/UnrealEngine/4.15/DerivedDataCache/Boot.ddc
[2018.05.13-18.36.50:822][  0]LogDerivedDataCache: FDerivedDataBackendGraph:  Pak pak cache file D:/Monster_Defender/DerivedDataCache/DDC.ddp not found, will not use a pak cache.
[2018.05.13-18.36.50:822][  0]LogDerivedDataCache: Unable to find inner node Pak for hierarchical cache Hierarchy.
[2018.05.13-18.36.50:822][  0]LogDerivedDataCache: FDerivedDataBackendGraph:  CompressedPak pak cache file D:/Monster_Defender/DerivedDataCache/Compressed.ddp not found, will not use a pak cache.
[2018.05.13-18.36.50:822][  0]LogDerivedDataCache: Unable to find inner node CompressedPak for hierarchical cache Hierarchy.
[2018.05.13-18.36.50:844][  0]LogDerivedDataCache:Display: Pak cache opened for reading ../../../Engine/DerivedDataCache/Compressed.ddp.
[2018.05.13-18.36.50:856][  0]LogDerivedDataCache: Using Local data cache path C:/Users/Sandy/AppData/Local/UnrealEngine/Common/DerivedDataCache: Writable
[2018.05.13-18.36.50:868][  0]LogSlate: Using Freetype 2.6.0
[2018.05.13-18.36.50:869][  0]LogSlate: SlateFontCache - WITH_FREETYPE: 1, WITH_HARFBUZZ: 1
[2018.05.13-18.36.50:869][  0]LogSlate: SlateFontCache - WITH_FREETYPE: 1, WITH_HARFBUZZ: 1
[2018.05.13-18.36.51:247][  0]LogAssetRegistry: FAssetRegistry took 0.0001 seconds to start up
[2018.05.13-18.36.51:254][  0]LogPackageLocalizationCache: Processed 3 localized package path(s) for 2 prioritized culture(s) in 0.006682 seconds
[2018.05.13-18.36.51:275][  0]LogInit: Selected Device Profile: [Windows]
[2018.05.13-18.36.51:277][  0]LogContentStreaming: Texture pool size is 1000.00 MB
[2018.05.13-18.36.51:614][  0]LogMeshUtilities: Using QuadricMeshReduction for automatic static mesh reduction
[2018.05.13-18.36.51:722][  0]LogSimplygon: Simplygon DLL not present - disabling.
[2018.05.13-18.36.51:820][  0]LogMeshUtilities: Using SimplygonSwarm for distributed automatic mesh merging
[2018.05.13-18.36.51:820][  0]LogMeshUtilities: No automatic skeletal mesh reduction module available
[2018.05.13-18.36.51:820][  0]LogMeshUtilities: No automatic mesh merging module available
[2018.05.13-18.36.52:564][  0]LogNetVersion: GetLocalNetworkVersion: CL: 3299760, ProjectName: monsterdefender, ProjectVersion: , EngineNetworkVersion: 2, GameNetworkVersion: 0, NetworkChecksum: 3025549386
[2018.05.13-18.36.52:707][  0]LogInit: WinSock: version 1.1 (2.2), MaxSocks=32767, MaxUdp=65467
[2018.05.13-18.36.54:433][  0]LogMoviePlayer: Initializing movie player
[2018.05.13-18.36.54:522][  0]LogWindowsTextInputMethodSystem:Display: IME system now deactivated.
[2018.05.13-18.36.55:105][  0]LogTcpMessaging: Initializing TcpMessaging bridge
[2018.05.13-18.36.55:176][  0]LogUdpMessaging: Initializing bridge on interface 0.0.0.0:0 to multicast group 230.0.0.1:6666.
[2018.05.13-18.36.55:721][  0]SourceControl: Info Source control is disabled
[2018.05.13-18.36.55:721][  0]SourceControl: Info Source control is disabled
[2018.05.13-18.36.55:805][  0]SourceControl: Info Source control is disabled
[2018.05.13-18.36.57:140][  0]LogUObjectArray: 34408 objects as part of root set at end of initial load.
[2018.05.13-18.36.57:140][  0]LogUObjectAllocator: 7639328 out of 0 bytes used by permanent object pool.
[2018.05.13-18.36.57:140][  0]LogUObjectArray: CloseDisregardForGC: 0/0 objects in disregard for GC pool
[2018.05.13-18.36.57:321][  0]LogEngine: Initializing Engine...
[2018.05.13-18.36.57:322][  0]LogHMD: Failed to initialize OpenVR with code 110
[2018.05.13-18.36.57:441][  0]LogStats: UGameplayTagsManager::ConstructGameplayTagTree: Construct from data asset -  0.000 s
[2018.05.13-18.36.57:441][  0]LogStats: UGameplayTagsManager::ConstructGameplayTagTree: GameplayTagTreeChangedEvent.Broadcast -  0.000 s
[2018.05.13-18.36.57:459][  0]LogInit: XAudio2 using 'Altavoces (Dispositivo de High Definition Audio)' : 2 channels at 44.1 kHz using 16 bits per sample (channel mask 0x3)
[2018.05.13-18.36.57:480][  0]LogInit: FAudioDevice initialized.
[2018.05.13-18.36.57:496][  0]LogInit: Texture streaming: Enabled
[2018.05.13-18.36.57:508][  0]LogMaterial: Uniform references updated for custom material expression Custom.
[2018.05.13-18.36.58:117][  0]LogInit:Display: Game Engine Initialized.
[2018.05.13-18.36.58:515][  0]LogInit:Display: Starting Game.
[2018.05.13-18.36.58:515][  0]LogNet: Browse: /Temp/Autosaves/Game/FirstPersonBP/Maps/UEDPCFirstPersonExampleMap?Name=Player
[2018.05.13-18.36.58:515][  0]LogLoad: LoadMap: /Temp/Autosaves/Game/FirstPersonBP/Maps/UEDPCFirstPersonExampleMap?Name=Player
[2018.05.13-18.36.58:542][  0]LogMemory: Platform Memory Stats for Windows
[2018.05.13-18.36.58:542][  0]LogMemory: Process Physical Memory: 676.11 MB used, 709.16 MB peak
[2018.05.13-18.36.58:542][  0]LogMemory: Process Virtual Memory: 746.46 MB used, 780.97 MB peak
[2018.05.13-18.36.58:542][  0]LogMemory: Physical Memory: 13411.65 MB used,  2834.62 MB free, 16246.27 MB total
[2018.05.13-18.36.58:542][  0]LogMemory: Virtual Memory: 1369.34 MB used,  2834.62 MB free, 134217728.00 MB total
[2018.05.13-18.36.58:542][  0]LogMemory: 
[2018.05.13-18.36.58:542][  0]Allocator Stats for TBB: (not implemented)
[2018.05.13-18.36.59:822][  0]LogAIModule: Creating AISystem for world FirstPersonExampleMap
[2018.05.13-18.36.59:822][  0]LogLoad: Game class is 'FirstPersonGameMode_C'
[2018.05.13-18.36.59:843][  0]LogWorld: Bringing World /Temp/Autosaves/Game/FirstPersonBP/Maps/UEDPCFirstPersonExampleMap.FirstPersonExampleMap up for play (max tick rate 0) at 2018.05.13-13.36.59
[2018.05.13-18.36.59:844][  0]LogWorld: Bringing up level for play took: 0.019655
[2018.05.13-18.36.59:845][  0]LogLoad: Took 1.330133 seconds to LoadMap(/Temp/Autosaves/Game/FirstPersonBP/Maps/UEDPCFirstPersonExampleMap)
[2018.05.13-18.37.00:205][  0]LogRenderer: Reallocating scene render targets to support 1280x720 NumSamples 1 (Frame:2).
[2018.05.13-18.37.00:205][  0]LogLoad: (Engine Initialization) Total time: 16.87 seconds
[2018.05.13-18.37.00:205][  0]LogLoad: (Engine Initialization) Total Blueprint compile time: 0.24 seconds
[2018.05.13-18.37.00:205][  0]LogExternalProfiler: Found external profiler: VSPerf
[2018.05.13-18.37.00:205][  0]LogExternalProfiler: Using external profiler: VSPerf
[2018.05.13-18.37.00:222][  0]LogOcInput: OculusInput pre-init called
[2018.05.13-18.37.27:528][671]LogWindowsTextInputMethodSystem:Display: IME system now deactivated.
[2018.05.13-18.37.27:539][671]LogEngine: All Windows Closed
[2018.05.13-18.37.27:539][671]LogWindows: FPlatformMisc::RequestExit(0)
[2018.05.13-18.37.27:540][672]LogMoviePlayer: Shutting down movie player
[2018.05.13-18.37.28:337][672]LogExit: Preparing to exit.
[2018.05.13-18.37.29:358][672]LogExit: Game engine shut down
[2018.05.13-18.37.29:479][672]LogObj: Freed 0b from 0 cluster array pools.
[2018.05.13-18.37.29:479][672]LogExit: Object subsystem successfully closed.
[2018.05.13-18.37.29:502][672]LogD3D11RHI: Shutdown
[2018.05.13-18.37.29:502][672]LogD3D11RHI: CleanupD3DDevice
[2018.05.13-18.37.29:654][672]LogD3D11RHI: ~FD3D11DynamicRHI
[2018.05.13-18.37.29:672][672]LogModuleManager: Shutting down and abandoning module SequenceRecorderSections (264)
[2018.05.13-18.37.29:672][672]LogModuleManager: Shutting down and abandoning module SequenceRecorder (262)
[2018.05.13-18.37.29:672][672]LogModuleManager: Shutting down and abandoning module AutomationController (260)
[2018.05.13-18.37.29:672][672]LogModuleManager: Shutting down and abandoning module AutomationWorker (258)
[2018.05.13-18.37.29:672][672]LogModuleManager: Shutting down and abandoning module AIModule (256)
[2018.05.13-18.37.29:672][672]LogModuleManager: Shutting down and abandoning module GameplayDebugger (255)
[2018.05.13-18.37.29:672][672]LogModuleManager: Shutting down and abandoning module AITestSuite (253)
[2018.05.13-18.37.29:672][672]LogModuleManager: Shutting down and abandoning module WmfMediaFactory (250)
[2018.05.13-18.37.29:672][672]LogModuleManager: Shutting down and abandoning module MfMediaFactory (248)
[2018.05.13-18.37.29:672][672]LogModuleManager: Shutting down and abandoning module AvfMediaFactory (246)
[2018.05.13-18.37.29:672][672]LogModuleManager: Shutting down and abandoning module AndroidMediaFactory (244)
[2018.05.13-18.37.29:672][672]LogModuleManager: Shutting down and abandoning module Media (243)
[2018.05.13-18.37.29:672][672]LogModuleManager: Shutting down and abandoning module CharacterAI (240)
[2018.05.13-18.37.29:672][672]LogModuleManager: Shutting down and abandoning module SessionServices (238)
[2018.05.13-18.37.29:672][672]LogModuleManager: Shutting down and abandoning module MovieSceneCapture (236)
[2018.05.13-18.37.29:672][672]LogModuleManager: Shutting down and abandoning module GeometryCache (234)
[2018.05.13-18.37.29:672][672]LogModuleManager: Shutting down and abandoning module GeometryCacheEd (233)
[2018.05.13-18.37.29:672][672]LogModuleManager: Shutting down and abandoning module Niagara (230)
[2018.05.13-18.37.29:672][672]LogModuleManager: Shutting down and abandoning module StreamingPauseRendering (228)
[2018.05.13-18.37.29:672][672]LogModuleManager: Shutting down and abandoning module PortalServices (226)
[2018.05.13-18.37.29:672][672]LogModuleManager: Shutting down and abandoning module PortalRpc (224)
[2018.05.13-18.37.29:672][672]LogModuleManager: Shutting down and abandoning module MessagingRpc (222)
[2018.05.13-18.37.29:672][672]LogModuleManager: Shutting down and abandoning module ProfilerService (220)
[2018.05.13-18.37.29:817][672]LogModuleManager: Shutting down and abandoning module TaskGraph (218)
[2018.05.13-18.37.29:817][672]LogModuleManager: Shutting down and abandoning module SteamVRController (216)
[2018.05.13-18.37.29:817][672]LogModuleManager: Shutting down and abandoning module SteamVR (214)
[2018.05.13-18.37.29:817][672]LogModuleManager: Shutting down and abandoning module ProceduralMeshComponent (212)
[2018.05.13-18.37.29:817][672]LogModuleManager: Shutting down and abandoning module OculusLibrary (210)
[2018.05.13-18.37.29:817][672]LogModuleManager: Shutting down and abandoning module OculusInput (208)
[2018.05.13-18.37.29:817][672]LogModuleManager: Shutting down and abandoning module MobilePatchingUtils (206)
[2018.05.13-18.37.29:817][672]LogModuleManager: Shutting down and abandoning module CustomMeshComponent (204)
[2018.05.13-18.37.29:817][672]LogModuleManager: Shutting down and abandoning module CableComponent (202)
[2018.05.13-18.37.29:817][672]LogModuleManager: Shutting down and abandoning module ArchVisCharacter (200)
[2018.05.13-18.37.29:817][672]LogModuleManager: Shutting down and abandoning module HTML5Networking (196)
[2018.05.13-18.37.29:817][672]LogModuleManager: Shutting down and abandoning module VisualStudioSourceCodeAccess (194)
[2018.05.13-18.37.29:817][672]LogModuleManager: Shutting down and abandoning module DesktopPlatform (193)
[2018.05.13-18.37.29:817][672]LogModuleManager: Shutting down and abandoning module HotReload (191)
[2018.05.13-18.37.29:817][672]LogModuleManager: Shutting down and abandoning module DirectoryWatcher (190)
[2018.05.13-18.37.29:817][672]LogModuleManager: Shutting down and abandoning module UObjectPlugin (186)
[2018.05.13-18.37.29:817][672]LogModuleManager: Shutting down and abandoning module SubversionSourceControl (184)
[2018.05.13-18.37.29:817][672]LogModuleManager: Shutting down and abandoning module PerforceSourceControl (182)
[2018.05.13-18.37.29:817][672]LogModuleManager: Shutting down and abandoning module SourceControl (181)
[2018.05.13-18.37.29:817][672]LogModuleManager: Shutting down and abandoning module PhysXVehiclesEditor (178)
[2018.05.13-18.37.29:817][672]LogModuleManager: Shutting down and abandoning module PhysXVehicles (176)
[2018.05.13-18.37.29:817][672]LogModuleManager: Shutting down and abandoning module LocationServicesBPLibrary (174)
[2018.05.13-18.37.29:817][672]LogModuleManager: Shutting down and abandoning module UdpMessaging (172)
[2018.05.13-18.37.29:918][672]LogModuleManager: Shutting down and abandoning module TcpMessaging (170)
[2018.05.13-18.37.30:118][672]LogModuleManager: Shutting down and abandoning module GameplayTagsEditor (168)
[2018.05.13-18.37.30:118][672]LogModuleManager: Shutting down and abandoning module FacialAnimation (166)
[2018.05.13-18.37.30:118][672]LogModuleManager: Shutting down and abandoning module LightPropagationVolumeRuntime (164)
[2018.05.13-18.37.30:118][672]LogModuleManager: Shutting down and abandoning module Paper2D (162)
[2018.05.13-18.37.30:118][672]LogModuleManager: Shutting down and abandoning module WindowsMoviePlayer (160)
[2018.05.13-18.37.30:119][672]LogModuleManager: Shutting down and abandoning module WmfMedia (158)
[2018.05.13-18.37.30:120][672]LogModuleManager: Shutting down and abandoning module MfMedia (156)
[2018.05.13-18.37.30:121][672]LogModuleManager: Shutting down and abandoning module MediaAssets (154)
[2018.05.13-18.37.30:121][672]LogModuleManager: Shutting down and abandoning module GameLiveStreaming (152)
[2018.05.13-18.37.30:121][672]LogModuleManager: Shutting down and abandoning module VREditor (150)
[2018.05.13-18.37.30:121][672]LogModuleManager: Shutting down and abandoning module GameplayTasksEditor (148)
[2018.05.13-18.37.30:121][672]LogModuleManager: Shutting down and abandoning module BehaviorTreeEditor (146)
[2018.05.13-18.37.30:121][672]LogModuleManager: Shutting down and abandoning module FunctionalTesting (144)
[2018.05.13-18.37.30:121][672]LogModuleManager: Shutting down and abandoning module CollisionAnalyzer (142)
[2018.05.13-18.37.30:121][672]LogModuleManager: Shutting down and abandoning module UMG (140)
[2018.05.13-18.37.30:121][672]LogModuleManager: Shutting down and abandoning module UMGEditor (139)
[2018.05.13-18.37.30:121][672]LogModuleManager: Shutting down and abandoning module Sequencer (138)
[2018.05.13-18.37.30:121][672]LogModuleManager: Shutting down and abandoning module AssetTools (136)
[2018.05.13-18.37.30:121][672]LogModuleManager: Shutting down and abandoning module MessageLog (135)
[2018.05.13-18.37.30:121][672]LogModuleManager: Shutting down and abandoning module WorkspaceMenuStructure (134)
[2018.05.13-18.37.30:121][672]LogModuleManager: Shutting down and abandoning module SlateReflector (128)
[2018.05.13-18.37.30:121][672]LogModuleManager: Shutting down and abandoning module Slate (126)
[2018.05.13-18.37.30:121][672]LogModuleManager: Shutting down and abandoning module EditorStyle (124)
[2018.05.13-18.37.30:124][672]LogModuleManager: Shutting down and abandoning module Messaging (122)
[2018.05.13-18.37.30:124][672]LogModuleManager: Shutting down and abandoning module SourceCodeAccess (120)
[2018.05.13-18.37.30:124][672]LogModuleManager: Shutting down and abandoning module HeadMountedDisplay (118)
[2018.05.13-18.37.30:124][672]LogModuleManager: Shutting down and abandoning module XAudio2 (116)
[2018.05.13-18.37.30:124][672]LogModuleManager: Shutting down and abandoning module Networking (114)
[2018.05.13-18.37.30:124][672]LogModuleManager: Shutting down and abandoning module Core (110)
[2018.05.13-18.37.30:124][672]LogModuleManager: Shutting down and abandoning module KismetCompiler (108)
[2018.05.13-18.37.30:124][672]LogModuleManager: Shutting down and abandoning module PhysXFormats (106)
[2018.05.13-18.37.30:124][672]LogModuleManager: Shutting down and abandoning module MeshUtilities (104)
[2018.05.13-18.37.30:124][672]LogModuleManager: Shutting down and abandoning module SimplygonSwarm (103)
[2018.05.13-18.37.30:124][672]LogModuleManager: Shutting down and abandoning module SimplygonMeshReduction (101)
[2018.05.13-18.37.30:124][672]LogModuleManager: Shutting down and abandoning module QuadricMeshReduction (99)
[2018.05.13-18.37.30:124][672]LogModuleManager: Shutting down and abandoning module PropertyEditor (97)
[2018.05.13-18.37.30:124][672]LogModuleManager: Shutting down and abandoning module AssetRegistry (94)
[2018.05.13-18.37.30:124][672]LogModuleManager: Shutting down and abandoning module DerivedDataCache (92)
[2018.05.13-18.37.30:384][672]LogDerivedDataCache: Shutdown
[2018.05.13-18.37.30:384][672]LogModuleManager: Shutting down and abandoning module TargetPlatform (90)
[2018.05.13-18.37.30:384][672]LogModuleManager: Shutting down and abandoning module VulkanShaderFormat (89)
[2018.05.13-18.37.30:384][672]LogModuleManager: Shutting down and abandoning module ShaderFormatOpenGL (87)
[2018.05.13-18.37.30:384][672]LogModuleManager: Shutting down and abandoning module ShaderFormatD3D (85)
[2018.05.13-18.37.30:384][672]LogModuleManager: Shutting down and abandoning module MetalShaderFormat (83)
[2018.05.13-18.37.30:384][672]LogModuleManager: Shutting down and abandoning module TextureFormatUncompressed (81)
[2018.05.13-18.37.30:384][672]LogModuleManager: Shutting down and abandoning module TextureFormatPVR (79)
[2018.05.13-18.37.30:384][672]LogModuleManager: Shutting down and abandoning module TextureFormatDXT (77)
[2018.05.13-18.37.30:384][672]LogModuleManager: Shutting down and abandoning module TextureFormatIntelISPCTexComp (75)
[2018.05.13-18.37.30:385][672]LogModuleManager: Shutting down and abandoning module TextureFormatASTC (73)
[2018.05.13-18.37.30:385][672]LogModuleManager: Shutting down and abandoning module ImageWrapper (72)
[2018.05.13-18.37.30:385][672]LogModuleManager: Shutting down and abandoning module TextureFormatAndroid (69)
[2018.05.13-18.37.30:385][672]LogModuleManager: Shutting down and abandoning module AudioFormatOpus (67)
[2018.05.13-18.37.30:385][672]LogModuleManager: Shutting down and abandoning module AudioFormatOgg (65)
[2018.05.13-18.37.30:385][672]LogModuleManager: Shutting down and abandoning module AudioFormatADPCM (63)
[2018.05.13-18.37.30:385][672]LogModuleManager: Shutting down and abandoning module WindowsTargetPlatform (61)
[2018.05.13-18.37.30:385][672]LogModuleManager: Shutting down and abandoning module WindowsServerTargetPlatform (59)
[2018.05.13-18.37.30:385][672]LogModuleManager: Shutting down and abandoning module WindowsNoEditorTargetPlatform (57)
[2018.05.13-18.37.30:385][672]LogModuleManager: Shutting down and abandoning module WindowsClientTargetPlatform (55)
[2018.05.13-18.37.30:385][672]LogModuleManager: Shutting down and abandoning module InputCore (52)
[2018.05.13-18.37.30:385][672]LogModuleManager: Shutting down and abandoning module Settings (50)
[2018.05.13-18.37.30:385][672]LogModuleManager: Shutting down and abandoning module OculusRift (48)
[2018.05.13-18.37.30:385][672]LogModuleManager: Shutting down and abandoning module GearVR (46)
[2018.05.13-18.37.30:385][672]LogModuleManager: Shutting down and abandoning module ExampleDeviceProfileSelector (44)
[2018.05.13-18.37.30:385][672]LogModuleManager: Shutting down and abandoning module OnlineBlueprintSupport (42)
[2018.05.13-18.37.30:385][672]LogModuleManager: Shutting down and abandoning module OnlineSubsystem (38)
[2018.05.13-18.37.30:385][672]LogOnline:Display: Unloading online subsystem: NULL
[2018.05.13-18.37.30:385][672]LogModuleManager: Shutting down and abandoning module XMPP (37)
[2018.05.13-18.37.30:385][672]LogModuleManager: Shutting down and abandoning module HTTP (35)
[2018.05.13-18.37.30:398][672]LogModuleManager: Shutting down and abandoning module SSL (34)
[2018.05.13-18.37.30:400][672]LogModuleManager: Shutting down and abandoning module AudioEditor (30)
[2018.05.13-18.37.30:400][672]LogModuleManager: Shutting down and abandoning module TextureCompressor (28)
[2018.05.13-18.37.30:400][672]LogModuleManager: Shutting down and abandoning module ShaderCore (26)
[2018.05.13-18.37.30:401][672]LogModuleManager: Shutting down and abandoning module Landscape (24)
[2018.05.13-18.37.30:401][672]LogModuleManager: Shutting down and abandoning module SlateRHIRenderer (22)
[2018.05.13-18.37.30:401][672]LogModuleManager: Shutting down and abandoning module OpenGLDrv (20)
[2018.05.13-18.37.30:401][672]LogModuleManager: Shutting down and abandoning module D3D11RHI (18)
[2018.05.13-18.37.30:401][672]LogModuleManager: Shutting down and abandoning module AnimGraphRuntime (16)
[2018.05.13-18.37.30:401][672]LogModuleManager: Shutting down and abandoning module Renderer (14)
[2018.05.13-18.37.30:401][672]LogModuleManager: Shutting down and abandoning module Engine (12)
[2018.05.13-18.37.30:401][672]LogModuleManager: Shutting down and abandoning module CoreUObject (10)
[2018.05.13-18.37.30:401][672]LogModuleManager: Shutting down and abandoning module NetworkFile (8)
[2018.05.13-18.37.30:401][672]LogModuleManager: Shutting down and abandoning module StreamingFile (6)
[2018.05.13-18.37.30:401][672]LogModuleManager: Shutting down and abandoning module SandboxFile (4)
[2018.05.13-18.37.30:401][672]LogModuleManager: Shutting down and abandoning module PakFile (2)
[2018.05.13-18.37.30:402][672]LogExit: Exiting.
[2018.05.13-18.37.30:404][672]Log file closed, 05/13/18 13:37:30
