Log file open, 04/20/18 21:35:27
LogInit:Display: Running engine for game: MonsterDefender
LogPlatformFile: Not using cached read wrapper
LogInit:Display: RandInit(1325611432) SRandInit(1325611432).
LogTaskGraph: Started task graph with 5 named threads and 6 total threads with 1 sets of task threads.
LogStats: Stats thread started at 0.112603
LogInit: Using libcurl 7.47.1
LogInit:  - built for x86_64-pc-win32
LogInit:  - supports SSL with OpenSSL/1.0.2g
LogInit:  - supports HTTP deflate (compression) using libz 1.2.8
LogInit:  - other features:
LogInit:      CURL_VERSION_SSL
LogInit:      CURL_VERSION_LIBZ
LogInit:      CURL_VERSION_IPV6
LogInit:      CURL_VERSION_ASYNCHDNS
LogInit:      CURL_VERSION_LARGEFILE
LogInit:      CURL_VERSION_IDN
LogInit:  CurlRequestOptions (configurable via config and command line):
LogInit:  - bVerifyPeer = false  - Libcurl will NOT verify peer certificate
LogInit:  - bUseHttpProxy = false  - Libcurl will NOT use HTTP proxy
LogInit:  - bDontReuseConnections = false  - Libcurl will reuse connections
LogInit:  - CertBundlePath = nullptr  - Libcurl will use whatever was configured at build time.
LogInit: Build: ++UE4+Release-4.15-CL-3450819
LogInit: Engine Version: 4.15.3-3450819+++UE4+Release-4.15
LogInit: Compatible Engine Version: 4.15.0-3299760+++UE4+Release-4.15
LogInit: Net CL: 3299760
LogDevObjectVersion: Number of dev versions registered: 14
LogDevObjectVersion:   Dev-Blueprints (B0D832E4-1F89-4F0D-ACCF-7EB736FD4AA2): 8
LogDevObjectVersion:   Dev-Build (E1C64328-A22C-4D53-A36C-8E866417BD8C): 0
LogDevObjectVersion:   Dev-Core (375EC13C-06E4-48FB-B500-84F0262A717E): 2
LogDevObjectVersion:   Dev-Editor (E4B068ED-F494-42E9-A231-DA0B2E46BB41): 14
LogDevObjectVersion:   Dev-Framework (CFFC743F-43B0-4480-9391-14DF171D2073): 22
LogDevObjectVersion:   Dev-Mobile (B02B49B5-BB20-44E9-A304-32B752E40360): 0
LogDevObjectVersion:   Dev-Networking (A4E4105C-59A1-49B5-A7C5-40C4547EDFEE): 0
LogDevObjectVersion:   Dev-Online (39C831C9-5AE6-47DC-9A44-9C173E1C8E7C): 0
LogDevObjectVersion:   Dev-Physics (78F01B33-EBEA-4F98-B9B4-84EACCB95AA2): 0
LogDevObjectVersion:   Dev-Platform (6631380F-2D4D-43E0-8009-CF276956A95A): 0
LogDevObjectVersion:   Dev-Rendering (12F88B9F-8875-4AFC-A67C-D90C383ABD29): 12
LogDevObjectVersion:   Dev-Sequencer (7B5AE74C-D270-4C10-A958-57980B212A5A): 3
LogDevObjectVersion:   Dev-VR (D7296918-1DD6-4BDD-9DE2-64A83CC13884): 0
LogDevObjectVersion:   Dev-LoadTimes (C2A15278-BFE7-4AFE-6C17-90FF531DF755): 1
LogInit: Compiled (64-bit): May 21 2017 11:02:34
LogInit: Compiled with Visual C++: 19.00.23026.00
LogInit: Build Configuration: Development
LogInit: Branch Name: ++UE4+Release-4.15
LogInit: Command line: 
LogInit: Base directory: C:/Program Files/Epic Games/UE_4.15/Engine/Binaries/Win64/
LogInit: Installed Engine Build: 1
LogInit: Presizing for max 8388607 objects, including 0 objects not considered by GC, pre-allocating 0 bytes for permanent pool.
LogInit: Object subsystem initialized
[2018.04.21-02.35.29:222][  0]LogInit: Selected Device Profile: [Windows]
[2018.04.21-02.35.29:222][  0]LogInit: Applying CVar settings loaded from the selected device profile: [Windows]
[2018.04.21-02.35.29:248][  0]LogInit: Computer: IULIOCESARS-ELI
[2018.04.21-02.35.29:248][  0]LogInit: User: IulioCesars
[2018.04.21-02.35.29:248][  0]LogInit: CPU Page size=65536, Cores=2
[2018.04.21-02.35.29:248][  0]LogInit: High frequency timer resolution =2.630743 MHz
[2018.04.21-02.35.29:248][  0]LogMemory: Memory total: Physical=8.0GB (8GB approx)
[2018.04.21-02.35.29:248][  0]LogMemory: Platform Memory Stats for Windows
[2018.04.21-02.35.29:249][  0]LogMemory: Process Physical Memory: 263.72 MB used, 263.72 MB peak
[2018.04.21-02.35.29:249][  0]LogMemory: Process Virtual Memory: 262.05 MB used, 262.05 MB peak
[2018.04.21-02.35.29:249][  0]LogMemory: Physical Memory: 4655.49 MB used,  3486.86 MB free, 8142.35 MB total
[2018.04.21-02.35.29:249][  0]LogMemory: Virtual Memory: 676.46 MB used,  3486.86 MB free, 134217728.00 MB total
[2018.04.21-02.35.29:403][  0]LogInit: Overriding culture en with editor configuration.
[2018.04.21-02.35.30:619][  0]LogD3D11RHI: D3D11 adapters:
[2018.04.21-02.35.30:637][  0]LogD3D11RHI:    0. 'AMD Radeon HD 6700M Series' (Feature Level 11_0)
[2018.04.21-02.35.30:637][  0]LogD3D11RHI:       1008/0/3840 MB DedicatedVideo/DedicatedSystem/SharedSystem, Outputs:1, VendorId:0x1002
[2018.04.21-02.35.30:642][  0]LogD3D11RHI:    1. 'Microsoft Basic Render Driver' (Feature Level 11_0)
[2018.04.21-02.35.30:642][  0]LogD3D11RHI:       0/0/4071 MB DedicatedVideo/DedicatedSystem/SharedSystem, Outputs:0, VendorId:0x1414
[2018.04.21-02.35.30:642][  0]LogD3D11RHI: Chosen D3D11 Adapter: 0
[2018.04.21-02.35.30:652][  0]LogD3D11RHI: Creating new Direct3DDevice
[2018.04.21-02.35.30:652][  0]LogD3D11RHI:     GPU DeviceId: 0x6740 (for the marketing name, search the web for "GPU Device Id")
[2018.04.21-02.35.30:652][  0]LogWindows: EnumDisplayDevices:
[2018.04.21-02.35.30:652][  0]LogWindows:    0. 'AMD Radeon HD 6700M Series' (P:1 D:1)
[2018.04.21-02.35.30:652][  0]LogWindows:    1. 'AMD Radeon HD 6700M Series' (P:0 D:0)
[2018.04.21-02.35.30:653][  0]LogWindows:    2. 'AMD Radeon HD 6700M Series' (P:0 D:0)
[2018.04.21-02.35.30:653][  0]LogWindows:    3. 'AMD Radeon HD 6700M Series' (P:0 D:0)
[2018.04.21-02.35.30:653][  0]LogWindows:    4. 'AMD Radeon HD 6700M Series' (P:0 D:0)
[2018.04.21-02.35.30:654][  0]LogWindows:    5. 'AMD Radeon HD 6700M Series' (P:0 D:0)
[2018.04.21-02.35.30:654][  0]LogWindows: DebugString: GetVideoDriverDetailsInvalid PrimaryIsNotTheChoosenAdapter GetVideoDriverDetailsInvalid PrimaryIsNotTheChoosenAdapter GetVideoDriverDetailsInvalid PrimaryIsNotTheChoosenAdapter GetVideoDriverDetailsInvalid PrimaryIsNotTheChoosenAdapter GetVideoDriverDetailsInvalid PrimaryIsNotTheChoosenAdapter GetVideoDriverDetailsInvalid PrimaryIsNotTheChoosenAdapter FoundDriverCount:0 
[2018.04.21-02.35.30:654][  0]LogD3D11RHI:     Adapter Name: AMD Radeon HD 6700M Series
[2018.04.21-02.35.30:654][  0]LogD3D11RHI:   Driver Version: Unknown (internal:Unknown, unified:Unknown)
[2018.04.21-02.35.30:654][  0]LogD3D11RHI:      Driver Date: Unknown
[2018.04.21-02.35.30:654][  0]LogRHI: Texture pool is 706 MB (70% of 1008 MB)
[2018.04.21-02.35.30:717][  0]LogD3D11RHI: AMD Pre GCN architecture detected, some driver workarounds will be in place
[2018.04.21-02.35.30:731][  0]LogD3D11RHI: Async texture creation enabled
[2018.04.21-02.35.30:746][  0]LogD3D11RHI: GPU Timing Frequency: 27.000000 (Debug: 2 1)
[2018.04.21-02.35.30:747][  0]LogShaderCompilers: Guid format shader working directory is -19 characters bigger than the processId version (../../../../../../Users/IulioCesars/Documents/SmartGit/Monster_Defender/Intermediate/Shaders/WorkingDirectory/7836/).
[2018.04.21-02.35.30:748][  0]LogShaderCompilers: Cleaned the shader compiler working directory 'C:/Users/IulioCesars/AppData/Local/Temp/UnrealShaderWorkingDir/9AF881A34EA01101A983479A8A444FA0/'.
[2018.04.21-02.35.30:748][  0]LogShaderCompilers:Display: Using Local Shader Compiler.
[2018.04.21-02.35.33:162][  0]LogTemp:Display: Loaded TP AllDesktopTargetPlatform
[2018.04.21-02.35.33:292][  0]LogTemp:Display: Loaded TP MacClientTargetPlatform
[2018.04.21-02.35.33:413][  0]LogTemp:Display: Loaded TP MacNoEditorTargetPlatform
[2018.04.21-02.35.33:541][  0]LogTemp:Display: Loaded TP MacServerTargetPlatform
[2018.04.21-02.35.33:670][  0]LogTemp:Display: Loaded TP MacTargetPlatform
[2018.04.21-02.35.33:804][  0]LogTemp:Display: Loaded TP WindowsClientTargetPlatform
[2018.04.21-02.35.33:927][  0]LogTemp:Display: Loaded TP WindowsNoEditorTargetPlatform
[2018.04.21-02.35.34:045][  0]LogTemp:Display: Loaded TP WindowsServerTargetPlatform
[2018.04.21-02.35.34:154][  0]LogTemp:Display: Loaded TP WindowsTargetPlatform
[2018.04.21-02.35.34:287][  0]LogTemp:Display: Loaded TP AndroidTargetPlatform
[2018.04.21-02.35.34:429][  0]LogTemp:Display: Loaded TP Android_ASTCTargetPlatform
[2018.04.21-02.35.34:555][  0]LogTemp:Display: Loaded TP Android_ATCTargetPlatform
[2018.04.21-02.35.34:693][  0]LogTemp:Display: Loaded TP Android_DXTTargetPlatform
[2018.04.21-02.35.34:810][  0]LogTemp:Display: Loaded TP Android_ETC1TargetPlatform
[2018.04.21-02.35.34:923][  0]LogTemp:Display: Loaded TP Android_ETC2TargetPlatform
[2018.04.21-02.35.35:165][  0]LogTemp:Display: Loaded TP Android_MultiTargetPlatform
[2018.04.21-02.35.35:165][  0]LogTemp:Display: Loaded TP Android_PVRTCTargetPlatform
[2018.04.21-02.35.35:257][  0]LogTemp:Display: Loaded TP HTML5TargetPlatform
[2018.04.21-02.35.35:450][  0]LogTemp:Display: Loaded TP IOSTargetPlatform
[2018.04.21-02.35.35:519][  0]LogTemp:Display: Loaded TP TVOSTargetPlatform
[2018.04.21-02.35.35:652][  0]LogTemp:Display: Loaded TP LinuxClientTargetPlatform
[2018.04.21-02.35.35:786][  0]LogTemp:Display: Loaded TP LinuxNoEditorTargetPlatform
[2018.04.21-02.35.35:910][  0]LogTemp:Display: Loaded TP LinuxServerTargetPlatform
[2018.04.21-02.35.36:036][  0]LogTemp:Display: Loaded TP LinuxTargetPlatform
[2018.04.21-02.35.36:036][  0]LogTargetPlatformManager:Display: Building Assets For Windows
[2018.04.21-02.35.37:238][  0]LogDerivedDataCache:Display: Max Cache Size: 512 MB
[2018.04.21-02.35.37:324][  0]LogDerivedDataCache: Loaded boot cache 0.09s 50MB C:/Users/IulioCesars/AppData/Local/UnrealEngine/4.15/DerivedDataCache/Boot.ddc.
[2018.04.21-02.35.37:324][  0]LogDerivedDataCache:Display: Loaded Boot cache: C:/Users/IulioCesars/AppData/Local/UnrealEngine/4.15/DerivedDataCache/Boot.ddc
[2018.04.21-02.35.37:324][  0]LogDerivedDataCache: FDerivedDataBackendGraph:  Pak pak cache file ../../../../../../Users/IulioCesars/Documents/SmartGit/Monster_Defender/DerivedDataCache/DDC.ddp not found, will not use a pak cache.
[2018.04.21-02.35.37:324][  0]LogDerivedDataCache: Unable to find inner node Pak for hierarchical cache Hierarchy.
[2018.04.21-02.35.37:324][  0]LogDerivedDataCache: FDerivedDataBackendGraph:  CompressedPak pak cache file ../../../../../../Users/IulioCesars/Documents/SmartGit/Monster_Defender/DerivedDataCache/Compressed.ddp not found, will not use a pak cache.
[2018.04.21-02.35.37:324][  0]LogDerivedDataCache: Unable to find inner node CompressedPak for hierarchical cache Hierarchy.
[2018.04.21-02.35.37:356][  0]LogDerivedDataCache:Display: Pak cache opened for reading ../../../Engine/DerivedDataCache/Compressed.ddp.
[2018.04.21-02.35.37:371][  0]LogDerivedDataCache: Using Local data cache path C:/Users/IulioCesars/AppData/Local/UnrealEngine/Common/DerivedDataCache: Writable
[2018.04.21-02.35.37:387][  0]LogSlate: Using Freetype 2.6.0
[2018.04.21-02.35.37:387][  0]LogSlate: SlateFontCache - WITH_FREETYPE: 1, WITH_HARFBUZZ: 1
[2018.04.21-02.35.37:388][  0]LogSlate: SlateFontCache - WITH_FREETYPE: 1, WITH_HARFBUZZ: 1
[2018.04.21-02.35.38:183][  0]LogInit: Selected Device Profile: [Windows]
[2018.04.21-02.35.38:194][  0]LogContentStreaming: Texture pool size is 0.00 MB
[2018.04.21-02.35.38:682][  0]LogMeshUtilities: Using QuadricMeshReduction for automatic static mesh reduction
[2018.04.21-02.35.38:778][  0]LogSimplygon: Simplygon DLL not present - disabling.
[2018.04.21-02.35.38:914][  0]LogMeshUtilities: Using SimplygonSwarm for distributed automatic mesh merging
[2018.04.21-02.35.38:914][  0]LogMeshUtilities: No automatic skeletal mesh reduction module available
[2018.04.21-02.35.38:914][  0]LogMeshUtilities: No automatic mesh merging module available
[2018.04.21-02.35.40:025][  0]LogNetVersion: GetLocalNetworkVersion: CL: 3299760, ProjectName: monsterdefender, ProjectVersion: , EngineNetworkVersion: 2, GameNetworkVersion: 0, NetworkChecksum: 3025549386
[2018.04.21-02.35.40:107][  0]LogAssetRegistry: FAssetRegistry took 0.0227 seconds to start up
[2018.04.21-02.35.40:221][  0]LogPackageLocalizationCache: Processed 3 localized package path(s) for 1 prioritized culture(s) in 0.033316 seconds
[2018.04.21-02.35.40:233][  0]LogUObjectArray: 32493 objects as part of root set at end of initial load.
[2018.04.21-02.35.40:233][  0]LogUObjectAllocator: 7077024 out of 0 bytes used by permanent object pool.
[2018.04.21-02.35.40:233][  0]LogUObjectArray: CloseDisregardForGC: 0/0 objects in disregard for GC pool
[2018.04.21-02.35.40:416][  0]LogInit: WinSock: version 1.1 (2.2), MaxSocks=32767, MaxUdp=65467
[2018.04.21-02.35.44:038][  0]LogTcpMessaging: Initializing TcpMessaging bridge
[2018.04.21-02.35.44:115][  0]LogUdpMessaging: Initializing bridge on interface 0.0.0.0:0 to multicast group 230.0.0.1:6666.
[2018.04.21-02.35.45:173][  0]LogMaterial: Uniform references updated for custom material expression Custom.
[2018.04.21-02.35.46:033][  0]SourceControl: Info Source control is disabled
[2018.04.21-02.35.46:035][  0]SourceControl: Info Source control is disabled
[2018.04.21-02.35.46:159][  0]SourceControl: Info Source control is disabled
[2018.04.21-02.35.46:282][  0]SourceControl: Info Source control is disabled
[2018.04.21-02.35.49:314][  0]LogEngine: Initializing Engine...
[2018.04.21-02.35.49:315][  0]LogHMD: Failed to initialize OpenVR with code 110
[2018.04.21-02.35.49:534][  0]LogStats: UGameplayTagsManager::ConstructGameplayTagTree: Construct from data asset -  0.000 s
[2018.04.21-02.35.49:535][  0]LogStats: UGameplayTagsManager::ConstructGameplayTagTree: GameplayTagTreeChangedEvent.Broadcast -  0.000 s
[2018.04.21-02.35.49:815][  0]LogAIModule: Creating AISystem for world Untitled
[2018.04.21-02.35.49:825][  0]LogInit: XAudio2 using 'Altavoces (Dispositivo de High Definition Audio)' : 2 channels at 48 kHz using 16 bits per sample (channel mask 0x3)
[2018.04.21-02.35.49:844][  0]LogInit: FAudioDevice initialized.
[2018.04.21-02.35.49:887][  0]LogDerivedDataCache: Saved boot cache 0.04s 50MB C:/Users/IulioCesars/AppData/Local/UnrealEngine/4.15/DerivedDataCache/Boot.ddc.
[2018.04.21-02.35.49:903][  0]LogInit: Texture streaming: Enabled
[2018.04.21-02.35.50:126][  0]LogEngineSessionManager: EngineSessionManager initialized
[2018.04.21-02.35.50:355][  0]LogInit: Transaction tracking system initialized
[2018.04.21-02.35.51:221][  0]BlueprintLog: New page: Editor Load
[2018.04.21-02.35.53:481][  0]LocalizationService: Info Localization service is disabled
[2018.04.21-02.35.55:845][  0]LogConsoleResponse:Display: 
[2018.04.21-02.35.56:289][  0]LogCook:Display: Max memory allowance for cook 16384mb min free memory 0mb
[2018.04.21-02.35.56:289][  0]LogCook:Display: Mobile HDR setting 1
[2018.04.21-02.35.56:568][  0]LogFileCache: Scanning file cache for directory 'C:/Users/IulioCesars/Documents/SmartGit/Monster_Defender/Content/' took 0.04s
[2018.04.21-02.36.00:195][  0]SourceControl: Info Source control is disabled
[2018.04.21-02.36.00:195][  0]Cmd: MAP LOAD FILE="../../../../../../Users/IulioCesars/Documents/SmartGit/Monster_Defender/Content/FirstPersonBP/Maps/FirstPersonExampleMap.umap" TEMPLATE=0 SHOWPROGRESS=1 FEATURELEVEL=3
[2018.04.21-02.36.00:196][  0]LightingResults: New page: Lighting Build
[2018.04.21-02.36.00:393][  0]MapCheck: New page: Map Check
[2018.04.21-02.36.00:393][  0]LightingResults: New page: Lighting Build
[2018.04.21-02.36.06:173][  0]LogAIModule: Creating AISystem for world FirstPersonExampleMap
[2018.04.21-02.36.08:145][  0]LogEditorServer: Finished looking for orphan Actors (0.000 secs)
[2018.04.21-02.36.08:146][  0]Cmd: MAP CHECKDEP NOCLEARLOG
[2018.04.21-02.36.08:495][  0]MapCheck: Info Map check complete: 0 Error(s), 0 Warning(s), took 348.471ms to complete.
[2018.04.21-02.36.08:496][  0]LogFileHelpers: Loading map 'FirstPersonExampleMap' took 8.300
[2018.04.21-02.36.08:577][  0]LogWindowsTextInputMethodSystem:Display: IME system now deactivated.
[2018.04.21-02.36.08:933][  0]LogCollectionManager: Loaded 0 collections in 0.003884 seconds
[2018.04.21-02.36.09:165][  0]LogFileCache: Scanning file cache for directory 'C:/Users/IulioCesars/Documents/SmartGit/Monster_Defender/Saved/Collections/' took 0.01s
[2018.04.21-02.36.09:165][  0]LogFileCache: Scanning file cache for directory 'C:/Users/IulioCesars/Documents/SmartGit/Monster_Defender/Content/Developers/IulioCesars/Collections/' took 0.01s
[2018.04.21-02.36.09:165][  0]LogFileCache: Scanning file cache for directory 'C:/Users/IulioCesars/Documents/SmartGit/Monster_Defender/Content/Collections/' took 0.01s
[2018.04.21-02.36.09:165][  0]LogCollectionManager: Rebuilt the GUID cache for 0 collections in 0.000004 seconds
[2018.04.21-02.36.09:194][  0]LogContentBrowser: Native class hierarchy populated in 0.0280 seconds. Added 2245 classes and 453 folders.
[2018.04.21-02.36.09:417][  0]LogContentBrowser: Native class hierarchy updated for 'WidgetCarousel' in 0.0011 seconds. Added 0 classes and 0 folders.
[2018.04.21-02.36.10:306][  0]LogContentBrowser: Native class hierarchy updated for 'AddContentDialog' in 0.0012 seconds. Added 0 classes and 0 folders.
[2018.04.21-02.36.10:420][  0]LogContentBrowser: Native class hierarchy updated for 'SceneOutliner' in 0.0007 seconds. Added 1 classes and 2 folders.
[2018.04.21-02.36.10:630][  0]LogCrashTracker: Crashtracker disabled due to settings.
[2018.04.21-02.36.10:639][  0]LogUObjectGlobals:Warning: Failed to find object 'Class None.'
[2018.04.21-02.36.10:793][  0]LogContentBrowser: Native class hierarchy updated for 'HierarchicalLODOutliner' in 0.0010 seconds. Added 1 classes and 2 folders.
[2018.04.21-02.36.10:794][  0]LogLoad: (Engine Initialization) Total time: 45.64 seconds
[2018.04.21-02.36.10:794][  0]LogLoad: (Engine Initialization) Total Blueprint compile time: 0.69 seconds
[2018.04.21-02.36.10:794][  0]LogExternalProfiler: No external profilers were discovered.  External profiling features will not be available.
[2018.04.21-02.36.10:812][  0]LogOcInput: OculusInput pre-init called
[2018.04.21-02.36.10:839][  0]LogContentStreaming: Texture pool size now 1000 MB
[2018.04.21-02.36.10:840][  0]LogSlate: Took 0.000356 seconds to synchronously load lazily loaded font '../../../Engine/Content/Slate/Fonts/Roboto-Regular.ttf' (155K)
[2018.04.21-02.36.10:850][  0]LogSlate: Took 0.000399 seconds to synchronously load lazily loaded font '../../../Engine/Content/Slate/Fonts/Roboto-Bold.ttf' (160K)
[2018.04.21-02.36.10:959][  0]LogSlate: Took 0.104152 seconds to synchronously load lazily loaded font '../../../Engine/Content/Editor/Slate/Fonts/FontAwesome.ttf' (139K)
[2018.04.21-02.36.11:109][  0]LogSlate: Took 0.000415 seconds to synchronously load lazily loaded font '../../../Engine/Content/Slate/Fonts/Roboto-Light.ttf' (159K)
[2018.04.21-02.36.11:255][  0]LogRenderer: Reallocating scene render targets to support 880x548 NumSamples 1 (Frame:2).
[2018.04.21-02.36.12:723][  3]LogAssetRegistry: Asset discovery search completed in 32.6391 seconds
[2018.04.21-02.36.12:724][  3]LogCollectionManager: Rebuilt the object cache for 0 collections in 0.000016 seconds (found 0 objects)
[2018.04.21-02.36.12:724][  3]LogCollectionManager: Fixed up redirectors for 0 collections in 0.000086 seconds (updated 0 objects)
[2018.04.21-02.36.15:218][ 48]LogSlate: Took 0.000585 seconds to synchronously load lazily loaded font '../../../Engine/Content/Slate/Fonts/Roboto-Light.ttf' (159K)
[2018.04.21-02.36.15:935][ 48]LogAIModule: Creating AISystem for world Main_Menu
[2018.04.21-02.36.16:003][ 48]Cmd: MAP LOAD FILE="../../../../../../Users/IulioCesars/Documents/SmartGit/Monster_Defender/Content/FirstPersonBP/Maps/Main_Menu.umap" TEMPLATE=0 SHOWPROGRESS=1 FEATURELEVEL=3
[2018.04.21-02.36.16:003][ 48]LightingResults: New page: Lighting Build
[2018.04.21-02.36.16:006][ 48]LoadErrors: New page: Loading map: Main_Menu.umap
[2018.04.21-02.36.16:010][ 48]MapCheck: New page: Map Check
[2018.04.21-02.36.16:010][ 48]LightingResults: New page: Lighting Build
[2018.04.21-02.36.16:394][ 48]LogEditorServer: Finished looking for orphan Actors (0.000 secs)
[2018.04.21-02.36.16:453][ 48]Cmd: MAP CHECKDEP NOCLEARLOG
[2018.04.21-02.36.16:638][ 48]MapCheck: Info Map check complete: 0 Error(s), 0 Warning(s), took 185.692ms to complete.
[2018.04.21-02.36.16:640][ 48]LogFileHelpers: Loading map 'Main_Menu' took 0.638
[2018.04.21-02.36.16:645][ 48]LogSlate: Took 0.000798 seconds to synchronously load lazily loaded font '../../../Engine/Content/Slate/Fonts/Roboto-Regular.ttf' (155K)
[2018.04.21-02.36.19:838][140]LogContentBrowser: Native class hierarchy updated for 'BlueprintGraph' in 0.0018 seconds. Added 112 classes and 0 folders.
[2018.04.21-02.36.21:568][140]LogSlate: Took 0.000323 seconds to synchronously load lazily loaded font '../../../Engine/Content/Slate/Fonts/Roboto-Light.ttf' (159K)
[2018.04.21-02.36.21:636][140]LogSlate: Took 0.066228 seconds to synchronously load lazily loaded font '../../../Engine/Content/Editor/Slate/Fonts/Roboto-BoldCondensed.ttf' (158K)
[2018.04.21-02.36.24:599][250]LogSlate: Took 0.022437 seconds to synchronously load lazily loaded font '../../../Engine/Content/Editor/Slate/Fonts/Roboto-Italic.ttf' (157K)
[2018.04.21-02.36.35:044][697]LogWindowsTextInputMethodSystem:Display: IME system now deactivated.
[2018.04.21-02.36.35:377][698]Cmd: QUIT_EDITOR
[2018.04.21-02.36.35:549][698]LogExit: Preparing to exit.
[2018.04.21-02.36.36:417][698]LogDirectoryWatcher: A directory notification for 'C:/Users/IulioCesars/Documents/SmartGit/Monster_Defender/Content/' was aborted.
[2018.04.21-02.36.36:594][698]LogExit: Editor shut down
[2018.04.21-02.36.36:594][698]LogExit: Transaction tracking system shut down
[2018.04.21-02.36.36:898][698]LogObj: Freed 0b from 0 cluster array pools.
[2018.04.21-02.36.36:898][698]LogExit: Object subsystem successfully closed.
[2018.04.21-02.36.36:926][698]LogD3D11RHI: Shutdown
[2018.04.21-02.36.36:926][698]LogD3D11RHI: CleanupD3DDevice
[2018.04.21-02.36.37:028][698]LogD3D11RHI: ~FD3D11DynamicRHI
[2018.04.21-02.36.37:077][698]LogModuleManager: Shutting down and abandoning module SequencerWidgets (504)
[2018.04.21-02.36.37:077][698]LogModuleManager: Shutting down and abandoning module BlueprintGraph (502)
[2018.04.21-02.36.37:077][698]LogModuleManager: Shutting down and abandoning module BlueprintProfiler (500)
[2018.04.21-02.36.37:077][698]LogModuleManager: Shutting down and abandoning module HierarchicalLODOutliner (498)
[2018.04.21-02.36.37:077][698]LogModuleManager: Shutting down and abandoning module CrashTracker (496)
[2018.04.21-02.36.37:077][698]LogModuleManager: Shutting down and abandoning module SceneOutliner (494)
[2018.04.21-02.36.37:077][698]LogModuleManager: Shutting down and abandoning module AddContentDialog (492)
[2018.04.21-02.36.37:077][698]LogDirectoryWatcher: A directory notification for 'C:/Program Files/Epic Games/UE_4.15/FeaturePacks/' was aborted.
[2018.04.21-02.36.37:080][698]LogModuleManager: Shutting down and abandoning module WidgetCarousel (491)
[2018.04.21-02.36.37:080][698]LogModuleManager: Shutting down and abandoning module EditorWidgets (488)
[2018.04.21-02.36.37:080][698]LogModuleManager: Shutting down and abandoning module CollectionManager (486)
[2018.04.21-02.36.37:080][698]LogDirectoryWatcher: A directory notification for 'C:/Users/IulioCesars/Documents/SmartGit/Monster_Defender/Content/Collections/' was aborted.
[2018.04.21-02.36.37:080][698]LogDirectoryWatcher: A directory notification for 'C:/Users/IulioCesars/Documents/SmartGit/Monster_Defender/Content/Developers/IulioCesars/Collections/' was aborted.
[2018.04.21-02.36.37:081][698]LogDirectoryWatcher: A directory notification for 'C:/Users/IulioCesars/Documents/SmartGit/Monster_Defender/Saved/Collections/' was aborted.
[2018.04.21-02.36.37:081][698]LogModuleManager: Shutting down and abandoning module StatsViewer (484)
[2018.04.21-02.36.37:081][698]LogModuleManager: Shutting down and abandoning module FoliageEdit (482)
[2018.04.21-02.36.37:081][698]LogModuleManager: Shutting down and abandoning module LandscapeEditor (480)
[2018.04.21-02.36.37:081][698]LogModuleManager: Shutting down and abandoning module SceneDepthPickerMode (478)
[2018.04.21-02.36.37:081][698]LogModuleManager: Shutting down and abandoning module ActorPickerMode (476)
[2018.04.21-02.36.37:081][698]LogModuleManager: Shutting down and abandoning module GeometryMode (474)
[2018.04.21-02.36.37:081][698]LogModuleManager: Shutting down and abandoning module TextureAlignMode (472)
[2018.04.21-02.36.37:081][698]LogModuleManager: Shutting down and abandoning module BspMode (470)
[2018.04.21-02.36.37:081][698]LogModuleManager: Shutting down and abandoning module HardwareSurvey (468)
[2018.04.21-02.36.37:081][698]LogModuleManager: Shutting down and abandoning module SequenceRecorderSections (466)
[2018.04.21-02.36.37:081][698]LogModuleManager: Shutting down and abandoning module AutomationWorker (464)
[2018.04.21-02.36.37:081][698]LogModuleManager: Shutting down and abandoning module MatineeToLevelSequence (462)
[2018.04.21-02.36.37:081][698]LogModuleManager: Shutting down and abandoning module LevelSequenceEditor (460)
[2018.04.21-02.36.37:081][698]LogModuleManager: Shutting down and abandoning module PlacementMode (459)
[2018.04.21-02.36.37:081][698]LogModuleManager: Shutting down and abandoning module WmfMediaFactory (456)
[2018.04.21-02.36.37:081][698]LogModuleManager: Shutting down and abandoning module WmfMediaEditor (454)
[2018.04.21-02.36.37:081][698]LogModuleManager: Shutting down and abandoning module MfMediaFactory (452)
[2018.04.21-02.36.37:081][698]LogModuleManager: Shutting down and abandoning module MfMediaEditor (450)
[2018.04.21-02.36.37:081][698]LogModuleManager: Shutting down and abandoning module AvfMediaFactory (448)
[2018.04.21-02.36.37:081][698]LogModuleManager: Shutting down and abandoning module AvfMediaEditor (446)
[2018.04.21-02.36.37:081][698]LogModuleManager: Shutting down and abandoning module AndroidMediaFactory (444)
[2018.04.21-02.36.37:081][698]LogModuleManager: Shutting down and abandoning module Media (443)
[2018.04.21-02.36.37:081][698]LogModuleManager: Shutting down and abandoning module AndroidMediaEditor (440)
[2018.04.21-02.36.37:081][698]LogModuleManager: Shutting down and abandoning module CharacterAI (438)
[2018.04.21-02.36.37:081][698]LogModuleManager: Shutting down and abandoning module AudioCapture (436)
[2018.04.21-02.36.37:081][698]LogModuleManager: Shutting down and abandoning module SequenceRecorder (435)
[2018.04.21-02.36.37:081][698]LogModuleManager: Shutting down and abandoning module SmartSnapping (432)
[2018.04.21-02.36.37:081][698]LogModuleManager: Shutting down and abandoning module SessionServices (430)
[2018.04.21-02.36.37:081][698]LogModuleManager: Shutting down and abandoning module ViewportSnapping (428)
[2018.04.21-02.36.37:082][698]LogModuleManager: Shutting down and abandoning module ViewportInteraction (426)
[2018.04.21-02.36.37:082][698]LogModuleManager: Shutting down and abandoning module LogVisualizer (424)
[2018.04.21-02.36.37:082][698]LogModuleManager: Shutting down and abandoning module IntroTutorials (422)
[2018.04.21-02.36.37:082][698]LogModuleManager: Shutting down and abandoning module GameProjectGeneration (421)
[2018.04.21-02.36.37:082][698]LogModuleManager: Shutting down and abandoning module EditorLiveStreaming (418)
[2018.04.21-02.36.37:082][698]LogModuleManager: Shutting down and abandoning module IOSPlatformEditor (416)
[2018.04.21-02.36.37:082][698]LogModuleManager: Shutting down and abandoning module HTML5PlatformEditor (414)
[2018.04.21-02.36.37:082][698]LogModuleManager: Shutting down and abandoning module AndroidPlatformEditor (412)
[2018.04.21-02.36.37:082][698]LogModuleManager: Shutting down and abandoning module AndroidDeviceDetection (411)
[2018.04.21-02.36.37:801][698]LogModuleManager: Shutting down and abandoning module IOSRuntimeSettings (408)
[2018.04.21-02.36.37:802][698]LogModuleManager: Shutting down and abandoning module AndroidRuntimeSettings (406)
[2018.04.21-02.36.37:802][698]LogModuleManager: Shutting down and abandoning module InputBindingEditor (404)
[2018.04.21-02.36.37:802][698]LogModuleManager: Shutting down and abandoning module NiagaraEditor (402)
[2018.04.21-02.36.37:802][698]LogModuleManager: Shutting down and abandoning module MergeActors (400)
[2018.04.21-02.36.37:802][698]LogModuleManager: Shutting down and abandoning module SizeMap (398)
[2018.04.21-02.36.37:802][698]LogModuleManager: Shutting down and abandoning module TreeMap (396)
[2018.04.21-02.36.37:802][698]LogModuleManager: Shutting down and abandoning module ReferenceViewer (394)
[2018.04.21-02.36.37:802][698]LogModuleManager: Shutting down and abandoning module LocalizationDashboard (392)
[2018.04.21-02.36.37:802][698]LogModuleManager: Shutting down and abandoning module LocalizationService (391)
[2018.04.21-02.36.37:802][698]LogModuleManager: Shutting down and abandoning module HardwareTargeting (388)
[2018.04.21-02.36.37:802][698]LogModuleManager: Shutting down and abandoning module DeviceProfileEditor (386)
[2018.04.21-02.36.37:802][698]LogModuleManager: Shutting down and abandoning module UndoHistory (384)
[2018.04.21-02.36.37:802][698]LogModuleManager: Shutting down and abandoning module UserFeedback (382)
[2018.04.21-02.36.37:802][698]LogModuleManager: Shutting down and abandoning module XmlParser (380)
[2018.04.21-02.36.37:802][698]LogModuleManager: Shutting down and abandoning module Blutility (378)
[2018.04.21-02.36.37:802][698]LogModuleManager: Shutting down and abandoning module ProjectSettingsViewer (376)
[2018.04.21-02.36.37:803][698]LogModuleManager: Shutting down and abandoning module ProjectTargetPlatformEditor (375)
[2018.04.21-02.36.37:805][698]LogModuleManager: Shutting down and abandoning module EditorSettingsViewer (372)
[2018.04.21-02.36.37:806][698]LogModuleManager: Shutting down and abandoning module SettingsEditor (370)
[2018.04.21-02.36.37:806][698]LogModuleManager: Shutting down and abandoning module ProjectLauncher (368)
[2018.04.21-02.36.37:806][698]LogModuleManager: Shutting down and abandoning module SessionFrontend (366)
[2018.04.21-02.36.37:807][698]LogModuleManager: Shutting down and abandoning module ProfilerClient (364)
[2018.04.21-02.36.37:807][698]LogModuleManager: Shutting down and abandoning module DeviceManager (362)
[2018.04.21-02.36.37:807][698]LogModuleManager: Shutting down and abandoning module TargetDeviceServices (361)
[2018.04.21-02.36.37:927][698]LogModuleManager: Shutting down and abandoning module AutomationController (358)
[2018.04.21-02.36.37:927][698]LogModuleManager: Shutting down and abandoning module AutomationWindow (356)
[2018.04.21-02.36.37:927][698]LogModuleManager: Shutting down and abandoning module Layers (354)
[2018.04.21-02.36.37:927][698]LogModuleManager: Shutting down and abandoning module ComponentVisualizers (352)
[2018.04.21-02.36.37:927][698]LogModuleManager: Shutting down and abandoning module DetailCustomizations (350)
[2018.04.21-02.36.37:927][698]LogModuleManager: Shutting down and abandoning module PackagesDialog (348)
[2018.04.21-02.36.37:931][698]LogModuleManager: Shutting down and abandoning module Persona (346)
[2018.04.21-02.36.37:931][698]LogModuleManager: Shutting down and abandoning module AnimGraph (345)
[2018.04.21-02.36.37:931][698]LogModuleManager: Shutting down and abandoning module Kismet (342)
[2018.04.21-02.36.37:951][698]LogModuleManager: Shutting down and abandoning module GraphEditor (340)
[2018.04.21-02.36.37:951][698]LogModuleManager: Shutting down and abandoning module ClassViewer (338)
[2018.04.21-02.36.37:951][698]LogModuleManager: Shutting down and abandoning module Toolbox (336)
[2018.04.21-02.36.37:951][698]LogModuleManager: Shutting down and abandoning module ModuleUI (334)
[2018.04.21-02.36.37:951][698]LogModuleManager: Shutting down and abandoning module MovieSceneTools (332)
[2018.04.21-02.36.37:951][698]LogModuleManager: Shutting down and abandoning module OutputLog (330)
[2018.04.21-02.36.37:951][698]LogModuleManager: Shutting down and abandoning module GammaUI (328)
[2018.04.21-02.36.37:951][698]LogModuleManager: Shutting down and abandoning module Documentation (326)
[2018.04.21-02.36.37:951][698]LogModuleManager: Shutting down and abandoning module Niagara (324)
[2018.04.21-02.36.37:951][698]LogModuleManager: Shutting down and abandoning module StreamingPauseRendering (322)
[2018.04.21-02.36.37:951][698]LogModuleManager: Shutting down and abandoning module AnalyticsET (320)
[2018.04.21-02.36.37:951][698]LogModuleManager: Shutting down and abandoning module PortalServices (318)
[2018.04.21-02.36.37:951][698]LogModuleManager: Shutting down and abandoning module PortalRpc (316)
[2018.04.21-02.36.37:951][698]LogModuleManager: Shutting down and abandoning module MessagingRpc (314)
[2018.04.21-02.36.37:951][698]LogModuleManager: Shutting down and abandoning module AIModule (312)
[2018.04.21-02.36.37:951][698]LogModuleManager: Shutting down and abandoning module GameplayDebugger (311)
[2018.04.21-02.36.37:951][698]LogModuleManager: Shutting down and abandoning module AITestSuite (309)
[2018.04.21-02.36.37:952][698]LogModuleManager: Shutting down and abandoning module ProfilerService (306)
[2018.04.21-02.36.38:036][698]LogModuleManager: Shutting down and abandoning module TaskGraph (304)
[2018.04.21-02.36.38:036][698]LogModuleManager: Shutting down and abandoning module SteamVRController (302)
[2018.04.21-02.36.38:036][698]LogModuleManager: Shutting down and abandoning module SteamVR (300)
[2018.04.21-02.36.38:036][698]LogModuleManager: Shutting down and abandoning module ProceduralMeshComponentEditor (298)
[2018.04.21-02.36.38:036][698]LogModuleManager: Shutting down and abandoning module ProceduralMeshComponent (296)
[2018.04.21-02.36.38:036][698]LogModuleManager: Shutting down and abandoning module OculusLibrary (294)
[2018.04.21-02.36.38:036][698]LogModuleManager: Shutting down and abandoning module OculusInput (292)
[2018.04.21-02.36.38:036][698]LogModuleManager: Shutting down and abandoning module MobilePatchingUtils (290)
[2018.04.21-02.36.38:036][698]LogModuleManager: Shutting down and abandoning module CustomMeshComponent (288)
[2018.04.21-02.36.38:038][698]LogModuleManager: Shutting down and abandoning module CableComponent (286)
[2018.04.21-02.36.38:038][698]LogModuleManager: Shutting down and abandoning module ArchVisCharacter (284)
[2018.04.21-02.36.38:038][698]LogModuleManager: Shutting down and abandoning module MediaPlayerEditor (280)
[2018.04.21-02.36.38:039][698]LogModuleManager: Shutting down and abandoning module HTML5Networking (278)
[2018.04.21-02.36.38:039][698]LogModuleManager: Shutting down and abandoning module AlembicImporter (276)
[2018.04.21-02.36.38:039][698]LogModuleManager: Shutting down and abandoning module AlembicLibrary (275)
[2018.04.21-02.36.38:039][698]LogModuleManager: Shutting down and abandoning module GeometryCache (274)
[2018.04.21-02.36.38:039][698]LogModuleManager: Shutting down and abandoning module GeometryCacheEd (273)
[2018.04.21-02.36.38:039][698]LogModuleManager: Shutting down and abandoning module SuperSearchEditor (268)
[2018.04.21-02.36.38:040][698]LogModuleManager: Shutting down and abandoning module SuperSearch (267)
[2018.04.21-02.36.38:040][698]LogModuleManager: Shutting down and abandoning module SpeedTreeImporter (264)
[2018.04.21-02.36.38:040][698]LogModuleManager: Shutting down and abandoning module PluginBrowser (262)
[2018.04.21-02.36.38:040][698]LogModuleManager: Shutting down and abandoning module MobileLauncherProfileWizard (260)
[2018.04.21-02.36.38:040][698]LogModuleManager: Shutting down and abandoning module EpicSurvey (258)
[2018.04.21-02.36.38:040][698]LogModuleManager: Shutting down and abandoning module VisualStudioSourceCodeAccess (256)
[2018.04.21-02.36.38:040][698]LogModuleManager: Shutting down and abandoning module DesktopPlatform (255)
[2018.04.21-02.36.38:040][698]LogModuleManager: Shutting down and abandoning module UObjectPlugin (252)
[2018.04.21-02.36.38:040][698]LogModuleManager: Shutting down and abandoning module SubversionSourceControl (250)
[2018.04.21-02.36.38:040][698]LogModuleManager: Shutting down and abandoning module PerforceSourceControl (248)
[2018.04.21-02.36.38:040][698]LogModuleManager: Shutting down and abandoning module GitSourceControl (246)
[2018.04.21-02.36.38:040][698]LogModuleManager: Shutting down and abandoning module SourceControl (245)
[2018.04.21-02.36.38:040][698]LogModuleManager: Shutting down and abandoning module LightPropagationVolumeEditor (242)
[2018.04.21-02.36.38:040][698]LogModuleManager: Shutting down and abandoning module PaperTiledImporter (240)
[2018.04.21-02.36.38:040][698]LogModuleManager: Shutting down and abandoning module PaperSpriteSheetImporter (238)
[2018.04.21-02.36.38:040][698]LogModuleManager: Shutting down and abandoning module Paper2DEditor (236)
[2018.04.21-02.36.38:040][698]LogModuleManager: Shutting down and abandoning module MeshPaint (235)
[2018.04.21-02.36.38:041][698]LogModuleManager: Shutting down and abandoning module LevelEditor (233)
[2018.04.21-02.36.38:042][698]LogModuleManager: Shutting down and abandoning module PixelInspectorModule (232)
[2018.04.21-02.36.38:042][698]LogModuleManager: Shutting down and abandoning module MainFrame (230)
[2018.04.21-02.36.38:043][698]LogModuleManager: Shutting down and abandoning module HotReload (229)
[2018.04.21-02.36.38:043][698]LogModuleManager: Shutting down and abandoning module ContentBrowser (225)
[2018.04.21-02.36.38:044][698]LogModuleManager: Shutting down and abandoning module PhysXVehiclesEditor (222)
[2018.04.21-02.36.38:044][698]LogModuleManager: Shutting down and abandoning module PhysXVehicles (220)
[2018.04.21-02.36.38:044][698]LogModuleManager: Shutting down and abandoning module LocationServicesBPLibrary (218)
[2018.04.21-02.36.38:044][698]LogModuleManager: Shutting down and abandoning module UdpMessaging (216)
[2018.04.21-02.36.38:145][698]LogModuleManager: Shutting down and abandoning module TcpMessaging (214)
[2018.04.21-02.36.38:245][698]LogModuleManager: Shutting down and abandoning module GameplayTagsEditor (212)
[2018.04.21-02.36.38:245][698]LogModuleManager: Shutting down and abandoning module FacialAnimationEditor (210)
[2018.04.21-02.36.38:245][698]LogModuleManager: Shutting down and abandoning module FacialAnimation (208)
[2018.04.21-02.36.38:245][698]LogModuleManager: Shutting down and abandoning module LightPropagationVolumeRuntime (206)
[2018.04.21-02.36.38:245][698]LogModuleManager: Shutting down and abandoning module Paper2D (204)
[2018.04.21-02.36.38:245][698]LogModuleManager: Shutting down and abandoning module WindowsMoviePlayer (202)
[2018.04.21-02.36.38:245][698]LogModuleManager: Shutting down and abandoning module WmfMedia (200)
[2018.04.21-02.36.38:252][698]LogModuleManager: Shutting down and abandoning module MfMedia (198)
[2018.04.21-02.36.38:252][698]LogModuleManager: Shutting down and abandoning module MediaAssets (196)
[2018.04.21-02.36.38:252][698]LogModuleManager: Shutting down and abandoning module GameLiveStreaming (194)
[2018.04.21-02.36.38:253][698]LogModuleManager: Shutting down and abandoning module VREditor (192)
[2018.04.21-02.36.38:253][698]LogModuleManager: Shutting down and abandoning module GameplayTasksEditor (190)
[2018.04.21-02.36.38:253][698]LogModuleManager: Shutting down and abandoning module BehaviorTreeEditor (188)
[2018.04.21-02.36.38:261][698]LogModuleManager: Shutting down and abandoning module FunctionalTesting (186)
[2018.04.21-02.36.38:261][698]LogModuleManager: Shutting down and abandoning module CollisionAnalyzer (184)
[2018.04.21-02.36.38:261][698]LogModuleManager: Shutting down and abandoning module UMG (182)
[2018.04.21-02.36.38:261][698]LogModuleManager: Shutting down and abandoning module UMGEditor (181)
[2018.04.21-02.36.38:262][698]LogModuleManager: Shutting down and abandoning module Sequencer (180)
[2018.04.21-02.36.38:263][698]LogModuleManager: Shutting down and abandoning module AssetTools (178)
[2018.04.21-02.36.38:263][698]LogModuleManager: Shutting down and abandoning module MessageLog (177)
[2018.04.21-02.36.38:263][698]LogModuleManager: Shutting down and abandoning module WorkspaceMenuStructure (176)
[2018.04.21-02.36.38:263][698]LogModuleManager: Shutting down and abandoning module SlateReflector (170)
[2018.04.21-02.36.38:265][698]LogModuleManager: Shutting down and abandoning module Slate (168)
[2018.04.21-02.36.38:265][698]LogModuleManager: Shutting down and abandoning module EditorStyle (166)
[2018.04.21-02.36.38:315][698]LogModuleManager: Shutting down and abandoning module SourceCodeAccess (164)
[2018.04.21-02.36.38:315][698]LogModuleManager: Shutting down and abandoning module HeadMountedDisplay (162)
[2018.04.21-02.36.38:315][698]LogModuleManager: Shutting down and abandoning module XAudio2 (160)
[2018.04.21-02.36.38:315][698]LogModuleManager: Shutting down and abandoning module Networking (158)
[2018.04.21-02.36.38:315][698]LogModuleManager: Shutting down and abandoning module Core (154)
[2018.04.21-02.36.38:315][698]LogModuleManager: Shutting down and abandoning module AssetRegistry (152)
[2018.04.21-02.36.38:508][698]LogDirectoryWatcher: A directory notification for '../../../Engine/Content/' was aborted.
[2018.04.21-02.36.38:509][698]LogDirectoryWatcher: A directory notification for '../../../../../../Users/IulioCesars/Documents/SmartGit/Monster_Defender/Content/' was aborted.
[2018.04.21-02.36.38:509][698]LogDirectoryWatcher: A directory notification for '../../../Engine/Plugins/2D/Paper2D/Content/' was aborted.
[2018.04.21-02.36.38:509][698]LogModuleManager: Shutting down and abandoning module DirectoryWatcher (151)
[2018.04.21-02.36.38:510][698]LogModuleManager: Shutting down and abandoning module KismetCompiler (148)
[2018.04.21-02.36.38:510][698]LogModuleManager: Shutting down and abandoning module PhysXFormats (146)
[2018.04.21-02.36.38:510][698]LogModuleManager: Shutting down and abandoning module MeshUtilities (144)
[2018.04.21-02.36.38:510][698]LogModuleManager: Shutting down and abandoning module SimplygonSwarm (143)
[2018.04.21-02.36.38:510][698]LogModuleManager: Shutting down and abandoning module SimplygonMeshReduction (141)
[2018.04.21-02.36.38:510][698]LogModuleManager: Shutting down and abandoning module QuadricMeshReduction (139)
[2018.04.21-02.36.38:510][698]LogModuleManager: Shutting down and abandoning module PropertyEditor (137)
[2018.04.21-02.36.38:510][698]LogModuleManager: Shutting down and abandoning module DerivedDataCache (134)
[2018.04.21-02.36.39:008][698]LogDerivedDataCache: Shutdown
[2018.04.21-02.36.39:008][698]LogModuleManager: Shutting down and abandoning module TargetPlatform (132)
[2018.04.21-02.36.39:008][698]LogModuleManager: Shutting down and abandoning module VulkanShaderFormat (131)
[2018.04.21-02.36.39:008][698]LogModuleManager: Shutting down and abandoning module ShaderFormatOpenGL (129)
[2018.04.21-02.36.39:008][698]LogModuleManager: Shutting down and abandoning module ShaderFormatD3D (127)
[2018.04.21-02.36.39:008][698]LogModuleManager: Shutting down and abandoning module MetalShaderFormat (125)
[2018.04.21-02.36.39:008][698]LogModuleManager: Shutting down and abandoning module TextureFormatUncompressed (123)
[2018.04.21-02.36.39:008][698]LogModuleManager: Shutting down and abandoning module TextureFormatPVR (121)
[2018.04.21-02.36.39:008][698]LogModuleManager: Shutting down and abandoning module TextureFormatDXT (119)
[2018.04.21-02.36.39:008][698]LogModuleManager: Shutting down and abandoning module TextureFormatIntelISPCTexComp (117)
[2018.04.21-02.36.39:008][698]LogModuleManager: Shutting down and abandoning module TextureFormatASTC (115)
[2018.04.21-02.36.39:008][698]LogModuleManager: Shutting down and abandoning module ImageWrapper (114)
[2018.04.21-02.36.39:008][698]LogModuleManager: Shutting down and abandoning module TextureFormatAndroid (111)
[2018.04.21-02.36.39:008][698]LogModuleManager: Shutting down and abandoning module AudioFormatOpus (109)
[2018.04.21-02.36.39:008][698]LogModuleManager: Shutting down and abandoning module AudioFormatOgg (107)
[2018.04.21-02.36.39:008][698]LogModuleManager: Shutting down and abandoning module AudioFormatADPCM (105)
[2018.04.21-02.36.39:008][698]LogModuleManager: Shutting down and abandoning module LinuxTargetPlatform (103)
[2018.04.21-02.36.39:008][698]LogModuleManager: Shutting down and abandoning module LinuxServerTargetPlatform (101)
[2018.04.21-02.36.39:008][698]LogModuleManager: Shutting down and abandoning module LinuxNoEditorTargetPlatform (99)
[2018.04.21-02.36.39:008][698]LogModuleManager: Shutting down and abandoning module LinuxClientTargetPlatform (97)
[2018.04.21-02.36.39:008][698]LogModuleManager: Shutting down and abandoning module TVOSTargetPlatform (95)
[2018.04.21-02.36.39:008][698]LogModuleManager: Shutting down and abandoning module Messaging (93)
[2018.04.21-02.36.39:008][698]LogModuleManager: Shutting down and abandoning module IOSTargetPlatform (91)
[2018.04.21-02.36.39:008][698]LogModuleManager: Shutting down and abandoning module HTML5TargetPlatform (89)
[2018.04.21-02.36.39:008][698]LogModuleManager: Shutting down and abandoning module Android_PVRTCTargetPlatform (87)
[2018.04.21-02.36.39:008][698]LogModuleManager: Shutting down and abandoning module Android_MultiTargetPlatform (85)
[2018.04.21-02.36.39:008][698]LogModuleManager: Shutting down and abandoning module Android_ETC2TargetPlatform (83)
[2018.04.21-02.36.39:008][698]LogModuleManager: Shutting down and abandoning module Android_ETC1TargetPlatform (81)
[2018.04.21-02.36.39:009][698]LogModuleManager: Shutting down and abandoning module Android_DXTTargetPlatform (79)
[2018.04.21-02.36.39:009][698]LogModuleManager: Shutting down and abandoning module Android_ATCTargetPlatform (77)
[2018.04.21-02.36.39:009][698]LogModuleManager: Shutting down and abandoning module Android_ASTCTargetPlatform (75)
[2018.04.21-02.36.39:009][698]LogModuleManager: Shutting down and abandoning module AndroidTargetPlatform (73)
[2018.04.21-02.36.39:009][698]LogModuleManager: Shutting down and abandoning module WindowsTargetPlatform (71)
[2018.04.21-02.36.39:009][698]LogModuleManager: Shutting down and abandoning module WindowsServerTargetPlatform (69)
[2018.04.21-02.36.39:009][698]LogModuleManager: Shutting down and abandoning module WindowsNoEditorTargetPlatform (67)
[2018.04.21-02.36.39:009][698]LogModuleManager: Shutting down and abandoning module WindowsClientTargetPlatform (65)
[2018.04.21-02.36.39:009][698]LogModuleManager: Shutting down and abandoning module MacTargetPlatform (63)
[2018.04.21-02.36.39:009][698]LogModuleManager: Shutting down and abandoning module MacServerTargetPlatform (61)
[2018.04.21-02.36.39:009][698]LogModuleManager: Shutting down and abandoning module MacNoEditorTargetPlatform (59)
[2018.04.21-02.36.39:009][698]LogModuleManager: Shutting down and abandoning module MacClientTargetPlatform (57)
[2018.04.21-02.36.39:009][698]LogModuleManager: Shutting down and abandoning module AllDesktopTargetPlatform (55)
[2018.04.21-02.36.39:009][698]LogModuleManager: Shutting down and abandoning module InputCore (52)
[2018.04.21-02.36.39:009][698]LogModuleManager: Shutting down and abandoning module Settings (50)
[2018.04.21-02.36.39:009][698]LogModuleManager: Shutting down and abandoning module OculusRift (48)
[2018.04.21-02.36.39:009][698]LogModuleManager: Shutting down and abandoning module GearVR (46)
[2018.04.21-02.36.39:009][698]LogModuleManager: Shutting down and abandoning module ExampleDeviceProfileSelector (44)
[2018.04.21-02.36.39:009][698]LogModuleManager: Shutting down and abandoning module OnlineBlueprintSupport (42)
[2018.04.21-02.36.39:009][698]LogModuleManager: Shutting down and abandoning module OnlineSubsystem (38)
[2018.04.21-02.36.39:009][698]LogOnline:Display: Unloading online subsystem: NULL
[2018.04.21-02.36.39:009][698]LogModuleManager: Shutting down and abandoning module XMPP (37)
[2018.04.21-02.36.39:009][698]LogModuleManager: Shutting down and abandoning module HTTP (35)
[2018.04.21-02.36.39:009][698]LogHttp:Display: Http module shutting down, but needs to wait on 1 outstanding Http requests:
[2018.04.21-02.36.39:009][698]LogHttp:Display: 	verb=[POST] url=[https://datarouter.ol.epicgames.com/datarouter/api/v1/public/data?SessionID=%7B2C3ED01E-458F-23D2-0DCD-10849E745F09%7D&AppID=UEEditor.Rocket.Release&AppVersion=4.15.3-3450819%2B%2B%2BUE4%2BRelease-4.15&UserID=eeb0be1645c6cf896612efb193f36ebe%7Cf9e95bf66ac74478a1331c03e233ffea%7C83784ce1-8787-4e36-be4f-9daae15aea31&AppEnvironment=datacollector-binary&UploadType=eteventstream] status=Processing
[2018.04.21-02.36.39:018][698]LogModuleManager: Shutting down and abandoning module SSL (34)
[2018.04.21-02.36.39:026][698]LogModuleManager: Shutting down and abandoning module AudioEditor (30)
[2018.04.21-02.36.39:026][698]LogModuleManager: Shutting down and abandoning module TextureCompressor (28)
[2018.04.21-02.36.39:026][698]LogModuleManager: Shutting down and abandoning module ShaderCore (26)
[2018.04.21-02.36.39:027][698]LogModuleManager: Shutting down and abandoning module Landscape (24)
[2018.04.21-02.36.39:027][698]LogModuleManager: Shutting down and abandoning module SlateRHIRenderer (22)
[2018.04.21-02.36.39:029][698]LogModuleManager: Shutting down and abandoning module OpenGLDrv (20)
[2018.04.21-02.36.39:029][698]LogModuleManager: Shutting down and abandoning module D3D11RHI (18)
[2018.04.21-02.36.39:030][698]LogModuleManager: Shutting down and abandoning module AnimGraphRuntime (16)
[2018.04.21-02.36.39:030][698]LogModuleManager: Shutting down and abandoning module Renderer (14)
[2018.04.21-02.36.39:030][698]LogModuleManager: Shutting down and abandoning module Engine (12)
[2018.04.21-02.36.39:030][698]LogModuleManager: Shutting down and abandoning module CoreUObject (10)
[2018.04.21-02.36.39:030][698]LogModuleManager: Shutting down and abandoning module NetworkFile (8)
[2018.04.21-02.36.39:030][698]LogModuleManager: Shutting down and abandoning module StreamingFile (6)
[2018.04.21-02.36.39:030][698]LogModuleManager: Shutting down and abandoning module SandboxFile (4)
[2018.04.21-02.36.39:030][698]LogModuleManager: Shutting down and abandoning module PakFile (2)
[2018.04.21-02.36.39:032][698]LogExit: Exiting.
[2018.04.21-02.36.39:035][698]Log file closed, 04/20/18 21:36:39
